running egg_info
creating ../../build/example_topic_rclpy/example_topic_rclpy.egg-info
writing ../../build/example_topic_rclpy/example_topic_rclpy.egg-info/PKG-INFO
writing dependency_links to ../../build/example_topic_rclpy/example_topic_rclpy.egg-info/dependency_links.txt
writing entry points to ../../build/example_topic_rclpy/example_topic_rclpy.egg-info/entry_points.txt
writing requirements to ../../build/example_topic_rclpy/example_topic_rclpy.egg-info/requires.txt
writing top-level names to ../../build/example_topic_rclpy/example_topic_rclpy.egg-info/top_level.txt
writing manifest file '../../build/example_topic_rclpy/example_topic_rclpy.egg-info/SOURCES.txt'
reading manifest file '../../build/example_topic_rclpy/example_topic_rclpy.egg-info/SOURCES.txt'
writing manifest file '../../build/example_topic_rclpy/example_topic_rclpy.egg-info/SOURCES.txt'
running build
running build_py
creating /home/w0x7ce/Desktop/AMAKE/A/PC_Control/build/example_topic_rclpy/build
creating /home/w0x7ce/Desktop/AMAKE/A/PC_Control/build/example_topic_rclpy/build/lib
creating /home/w0x7ce/Desktop/AMAKE/A/PC_Control/build/example_topic_rclpy/build/lib/example_topic_rclpy
copying example_topic_rclpy/topic_subscribe_02.py -> /home/w0x7ce/Desktop/AMAKE/A/PC_Control/build/example_topic_rclpy/build/lib/example_topic_rclpy
copying example_topic_rclpy/__init__.py -> /home/w0x7ce/Desktop/AMAKE/A/PC_Control/build/example_topic_rclpy/build/lib/example_topic_rclpy
running install
/usr/lib/python3/dist-packages/setuptools/command/install.py:34: SetuptoolsDeprecationWarning: setup.py install is deprecated. Use build and pip and other standards-based tools.
  warnings.warn(
running install_lib
creating /home/w0x7ce/Desktop/AMAKE/A/PC_Control/install/example_topic_rclpy/lib/python3.10/site-packages/example_topic_rclpy
copying /home/w0x7ce/Desktop/AMAKE/A/PC_Control/build/example_topic_rclpy/build/lib/example_topic_rclpy/topic_subscribe_02.py -> /home/w0x7ce/Desktop/AMAKE/A/PC_Control/install/example_topic_rclpy/lib/python3.10/site-packages/example_topic_rclpy
copying /home/w0x7ce/Desktop/AMAKE/A/PC_Control/build/example_topic_rclpy/build/lib/example_topic_rclpy/__init__.py -> /home/w0x7ce/Desktop/AMAKE/A/PC_Control/install/example_topic_rclpy/lib/python3.10/site-packages/example_topic_rclpy
byte-compiling /home/w0x7ce/Desktop/AMAKE/A/PC_Control/install/example_topic_rclpy/lib/python3.10/site-packages/example_topic_rclpy/topic_subscribe_02.py to topic_subscribe_02.cpython-310.pyc
byte-compiling /home/w0x7ce/Desktop/AMAKE/A/PC_Control/install/example_topic_rclpy/lib/python3.10/site-packages/example_topic_rclpy/__init__.py to __init__.cpython-310.pyc
running install_data
creating /home/w0x7ce/Desktop/AMAKE/A/PC_Control/install/example_topic_rclpy/share/ament_index
creating /home/w0x7ce/Desktop/AMAKE/A/PC_Control/install/example_topic_rclpy/share/ament_index/resource_index
creating /home/w0x7ce/Desktop/AMAKE/A/PC_Control/install/example_topic_rclpy/share/ament_index/resource_index/packages
copying resource/example_topic_rclpy -> /home/w0x7ce/Desktop/AMAKE/A/PC_Control/install/example_topic_rclpy/share/ament_index/resource_index/packages
copying package.xml -> /home/w0x7ce/Desktop/AMAKE/A/PC_Control/install/example_topic_rclpy/share/example_topic_rclpy
running install_egg_info
Copying ../../build/example_topic_rclpy/example_topic_rclpy.egg-info to /home/w0x7ce/Desktop/AMAKE/A/PC_Control/install/example_topic_rclpy/lib/python3.10/site-packages/example_topic_rclpy-0.0.0-py3.10.egg-info
running install_scripts
writing list of installed files to '/home/w0x7ce/Desktop/AMAKE/A/PC_Control/build/example_topic_rclpy/install.log'
