[0.064s] Invoking command in '/home/w0x7ce/Desktop/AMAKE/A/PC_Control/build/motor_control_rclcpp': CMAKE_PREFIX_PATH=${CMAKE_PREFIX_PATH}:/opt/ros/humble CONDA_PROMPT_MODIFIER=(base) /usr/bin/cmake --build /home/w0x7ce/Desktop/AMAKE/A/PC_Control/build/motor_control_rclcpp -- -j4 -l4
[0.086s] -- Found ament_cmake: 1.3.3 (/opt/ros/humble/share/ament_cmake/cmake)
[0.221s] -- Found rclcpp: 16.0.2 (/opt/ros/humble/share/rclcpp/cmake)
[0.255s] -- Found rosidl_generator_c: 3.1.4 (/opt/ros/humble/share/rosidl_generator_c/cmake)
[0.258s] -- Found rosidl_adapter: 3.1.4 (/opt/ros/humble/share/rosidl_adapter/cmake)
[0.264s] -- Found rosidl_generator_cpp: 3.1.4 (/opt/ros/humble/share/rosidl_generator_cpp/cmake)
[0.275s] -- Using all available rosidl_typesupport_c: rosidl_typesupport_fastrtps_c;rosidl_typesupport_introspection_c
[0.291s] -- Using all available rosidl_typesupport_cpp: rosidl_typesupport_fastrtps_cpp;rosidl_typesupport_introspection_cpp
[0.353s] -- Found rmw_implementation_cmake: 6.1.1 (/opt/ros/humble/share/rmw_implementation_cmake/cmake)
[0.354s] -- Found rmw_fastrtps_cpp: 6.2.2 (/opt/ros/humble/share/rmw_fastrtps_cpp/cmake)
[0.476s] -- Using RMW implementation 'rmw_fastrtps_cpp' as default
[0.638s] -- Found ament_lint_auto: 0.12.4 (/opt/ros/humble/share/ament_lint_auto/cmake)
[0.704s] -- Added test 'cppcheck' to perform static code analysis on C / C++ code
[0.704s] -- Configured cppcheck include dirs: 
[0.704s] -- Configured cppcheck exclude dirs and/or files: 
[0.705s] -- Added test 'lint_cmake' to check CMake code style
[0.705s] -- Added test 'uncrustify' to check C / C++ code style
[0.705s] -- Configured uncrustify additional arguments: 
[0.706s] -- Added test 'xmllint' to check XML markup files
[0.706s] -- Configuring done
[0.720s] -- Generating done
[0.721s] -- Build files have been written to: /home/w0x7ce/Desktop/AMAKE/A/PC_Control/build/motor_control_rclcpp
[0.745s] [35m[1mConsolidate compiler generated dependencies of target get_speed[0m
[0.745s] [35m[1mConsolidate compiler generated dependencies of target change_speed[0m
[0.761s] [ 50%] [32mBuilding CXX object CMakeFiles/change_speed.dir/src/change_speed.cpp.o[0m
[0.761s] [ 50%] [32mBuilding CXX object CMakeFiles/get_speed.dir/src/get_speed.cpp.o[0m
[4.871s] [ 75%] [32m[1mLinking CXX executable change_speed[0m
[5.068s] [ 75%] Built target change_speed
[8.791s] [100%] [32m[1mLinking CXX executable get_speed[0m
[9.158s] [100%] Built target get_speed
[9.167s] Invoked command in '/home/w0x7ce/Desktop/AMAKE/A/PC_Control/build/motor_control_rclcpp' returned '0': CMAKE_PREFIX_PATH=${CMAKE_PREFIX_PATH}:/opt/ros/humble CONDA_PROMPT_MODIFIER=(base) /usr/bin/cmake --build /home/w0x7ce/Desktop/AMAKE/A/PC_Control/build/motor_control_rclcpp -- -j4 -l4
[9.202s] Invoking command in '/home/w0x7ce/Desktop/AMAKE/A/PC_Control/build/motor_control_rclcpp': CMAKE_PREFIX_PATH=${CMAKE_PREFIX_PATH}:/opt/ros/humble CONDA_PROMPT_MODIFIER=(base) /usr/bin/cmake --install /home/w0x7ce/Desktop/AMAKE/A/PC_Control/build/motor_control_rclcpp
[9.211s] -- Install configuration: ""
[9.211s] -- Installing: /home/w0x7ce/Desktop/AMAKE/A/PC_Control/install/motor_control_rclcpp/lib/motor_control_rclcpp/get_speed
[9.215s] -- Set runtime path of "/home/w0x7ce/Desktop/AMAKE/A/PC_Control/install/motor_control_rclcpp/lib/motor_control_rclcpp/get_speed" to ""
[9.215s] -- Installing: /home/w0x7ce/Desktop/AMAKE/A/PC_Control/install/motor_control_rclcpp/lib/motor_control_rclcpp/change_speed
[9.216s] -- Set runtime path of "/home/w0x7ce/Desktop/AMAKE/A/PC_Control/install/motor_control_rclcpp/lib/motor_control_rclcpp/change_speed" to ""
[9.217s] -- Up-to-date: /home/w0x7ce/Desktop/AMAKE/A/PC_Control/install/motor_control_rclcpp/share/ament_index/resource_index/package_run_dependencies/motor_control_rclcpp
[9.217s] -- Up-to-date: /home/w0x7ce/Desktop/AMAKE/A/PC_Control/install/motor_control_rclcpp/share/ament_index/resource_index/parent_prefix_path/motor_control_rclcpp
[9.217s] -- Installing: /home/w0x7ce/Desktop/AMAKE/A/PC_Control/install/motor_control_rclcpp/share/motor_control_rclcpp/environment/ament_prefix_path.sh
[9.217s] -- Installing: /home/w0x7ce/Desktop/AMAKE/A/PC_Control/install/motor_control_rclcpp/share/motor_control_rclcpp/environment/ament_prefix_path.dsv
[9.217s] -- Installing: /home/w0x7ce/Desktop/AMAKE/A/PC_Control/install/motor_control_rclcpp/share/motor_control_rclcpp/environment/path.sh
[9.217s] -- Installing: /home/w0x7ce/Desktop/AMAKE/A/PC_Control/install/motor_control_rclcpp/share/motor_control_rclcpp/environment/path.dsv
[9.217s] -- Up-to-date: /home/w0x7ce/Desktop/AMAKE/A/PC_Control/install/motor_control_rclcpp/share/motor_control_rclcpp/local_setup.bash
[9.217s] -- Up-to-date: /home/w0x7ce/Desktop/AMAKE/A/PC_Control/install/motor_control_rclcpp/share/motor_control_rclcpp/local_setup.sh
[9.218s] -- Up-to-date: /home/w0x7ce/Desktop/AMAKE/A/PC_Control/install/motor_control_rclcpp/share/motor_control_rclcpp/local_setup.zsh
[9.218s] -- Installing: /home/w0x7ce/Desktop/AMAKE/A/PC_Control/install/motor_control_rclcpp/share/motor_control_rclcpp/local_setup.dsv
[9.218s] -- Installing: /home/w0x7ce/Desktop/AMAKE/A/PC_Control/install/motor_control_rclcpp/share/motor_control_rclcpp/package.dsv
[9.218s] -- Up-to-date: /home/w0x7ce/Desktop/AMAKE/A/PC_Control/install/motor_control_rclcpp/share/ament_index/resource_index/packages/motor_control_rclcpp
[9.218s] -- Up-to-date: /home/w0x7ce/Desktop/AMAKE/A/PC_Control/install/motor_control_rclcpp/share/motor_control_rclcpp/cmake/motor_control_rclcppConfig.cmake
[9.218s] -- Up-to-date: /home/w0x7ce/Desktop/AMAKE/A/PC_Control/install/motor_control_rclcpp/share/motor_control_rclcpp/cmake/motor_control_rclcppConfig-version.cmake
[9.218s] -- Up-to-date: /home/w0x7ce/Desktop/AMAKE/A/PC_Control/install/motor_control_rclcpp/share/motor_control_rclcpp/package.xml
[9.228s] Invoked command in '/home/w0x7ce/Desktop/AMAKE/A/PC_Control/build/motor_control_rclcpp' returned '0': CMAKE_PREFIX_PATH=${CMAKE_PREFIX_PATH}:/opt/ros/humble CONDA_PROMPT_MODIFIER=(base) /usr/bin/cmake --install /home/w0x7ce/Desktop/AMAKE/A/PC_Control/build/motor_control_rclcpp
