[0mUsing PICO_SDK_PATH from environment ('/home/w0x7ce/pico-sdk')[0m
[0mPICO_SDK_PATH is /home/w0x7ce/pico-sdk[0m
[0mDefaulting PICO_PLATFORM to rp2040 since not specified.[0m
[0mDefaulting PICO platform compiler to pico_arm_gcc since not specified.[0m
[0mPICO compiler is pico_arm_gcc[0m
[0mBuild type is Release[0m
[0mDefaulting PICO target board to pico since not specified.[0m
[0mUsing board configuration from /home/w0x7ce/pico-sdk/src/boards/include/boards/pico.h[0m
[0mTinyUSB available at /home/w0x7ce/pico-sdk/lib/tinyusb/src/portable/raspberrypi/rp2040; enabling build support for USB.[0m
[0mcyw43-driver available at /home/w0x7ce/pico-sdk/lib/cyw43-driver[0m
[0mlwIP available at /home/w0x7ce/pico-sdk/lib/lwip[0m
[33mCMake Warning:
  Manually-specified variables were not used by the project:

    CATKIN_INSTALL_INTO_PREFIX_ROOT

[0m
gmake[5]: *** [CMakeFiles/pioasm.dir/build.make:90: CMakeFiles/pioasm.dir/pio_assembler.cpp.o] Interrupt
gmake[5]: *** [CMakeFiles/pioasm.dir/build.make:118: CMakeFiles/pioasm.dir/gen/lexer.cpp.o] Interrupt
gmake[4]: *** [CMakeFiles/Makefile2:83: CMakeFiles/pioasm.dir/all] Interrupt
gmake[3]: *** [Makefile:91: all] Interrupt
gmake[2]: *** [pico-sdk/src/rp2_common/cyw43_driver/CMakeFiles/PioasmBuild.dir/build.make:86: pico-sdk/src/rp2_common/cyw43_driver/pioasm/src/PioasmBuild-stamp/PioasmBuild-build] Interrupt
gmake[1]: *** [CMakeFiles/Makefile2:1569: pico-sdk/src/rp2_common/cyw43_driver/CMakeFiles/PioasmBuild.dir/all] Interrupt
gmake: *** [Makefile:91: all] Interrupt
