[0mUsing PICO_SDK_PATH from environment ('/home/w0x7ce/pico-sdk')[0m
[0mPICO_SDK_PATH is /home/w0x7ce/pico-sdk[0m
[0mDefaulting PICO_PLATFORM to rp2040 since not specified.[0m
[0mDefaulting PICO platform compiler to pico_arm_gcc since not specified.[0m
-- Defaulting build type to 'Release' since not specified.
[0mPICO compiler is pico_arm_gcc[0m
-- The C compiler identification is GNU 10.3.1
-- The CXX compiler identification is GNU 10.3.1
-- The ASM compiler identification is GNU
-- Found assembler: /usr/bin/arm-none-eabi-gcc
[0mBuild type is Release[0m
[0mDefaulting PICO target board to pico since not specified.[0m
[0mUsing board configuration from /home/w0x7ce/pico-sdk/src/boards/include/boards/pico.h[0m
-- Found Python3: /usr/bin/python3.10 (found version "3.10.6") found components: Interpreter 
[0mTinyUSB available at /home/w0x7ce/pico-sdk/lib/tinyusb/src/portable/raspberrypi/rp2040; enabling build support for USB.[0m
[0mcyw43-driver available at /home/w0x7ce/pico-sdk/lib/cyw43-driver[0m
[0mlwIP available at /home/w0x7ce/pico-sdk/lib/lwip[0m
-- Configuring done
-- Generating done
[33mCMake Warning:
  Manually-specified variables were not used by the project:

    CATKIN_INSTALL_INTO_PREFIX_ROOT

[0m
-- Build files have been written to: /home/w0x7ce/Desktop/1_ros/build/micro_ros_raspberrypicosdk
[35m[1mScanning dependencies of target bs2_default[0m
[  1%] [34m[1mCreating directories for 'PioasmBuild'[0m
[  2%] [32mBuilding ASM object pico-sdk/src/rp2_common/boot_stage2/CMakeFiles/bs2_default.dir/compile_time_choice.S.obj[0m
[  3%] [32m[1mLinking ASM executable bs2_default.elf[0m
[  4%] [34m[1mNo download step for 'PioasmBuild'[0m
[  4%] Built target bs2_default
[  5%] [34m[1mCreating directories for 'ELF2UF2Build'[0m
[  6%] [34m[1mNo update step for 'PioasmBuild'[0m
[  7%] [34m[1mNo patch step for 'PioasmBuild'[0m
[  8%] [34m[1mPerforming configure step for 'PioasmBuild'[0m
[  9%] [34m[1mNo download step for 'ELF2UF2Build'[0m
loading initial cache file /home/w0x7ce/Desktop/1_ros/build/micro_ros_raspberrypicosdk/pico-sdk/src/rp2_common/cyw43_driver/pioasm/tmp/PioasmBuild-cache-Release.cmake
[ 10%] [34m[1mNo update step for 'ELF2UF2Build'[0m
[ 11%] [34m[1mNo patch step for 'ELF2UF2Build'[0m
[ 12%] [34m[1mPerforming configure step for 'ELF2UF2Build'[0m
-- The CXX compiler identification is GNU 11.3.0
-- Detecting CXX compiler ABI info
-- The C compiler identification is GNU 11.3.0
-- Detecting CXX compiler ABI info - done
-- Check for working CXX compiler: /usr/bin/c++ - skipped
-- Detecting CXX compile features
-- Detecting CXX compile features - done
-- Configuring done
-- Generating done
-- Build files have been written to: /home/w0x7ce/Desktop/1_ros/build/micro_ros_raspberrypicosdk/pioasm
-- The CXX compiler identification is GNU 11.3.0
-- Detecting C compiler ABI info
[ 13%] [34m[1mPerforming build step for 'PioasmBuild'[0m
[ 10%] [32mBuilding CXX object CMakeFiles/pioasm.dir/main.cpp.o[0m
-- Detecting C compiler ABI info - done
-- Check for working C compiler: /usr/bin/cc - skipped
-- Detecting C compile features
-- Detecting C compile features - done
-- Detecting CXX compiler ABI info
-- Detecting CXX compiler ABI info - done
-- Check for working CXX compiler: /usr/bin/c++ - skipped
-- Detecting CXX compile features
-- Detecting CXX compile features - done
-- Configuring done
-- Generating done
-- Build files have been written to: /home/w0x7ce/Desktop/1_ros/build/micro_ros_raspberrypicosdk/elf2uf2
[ 14%] [34m[1mPerforming build step for 'ELF2UF2Build'[0m
[ 50%] [32mBuilding CXX object CMakeFiles/elf2uf2.dir/main.cpp.o[0m
[100%] [32m[1mLinking CXX executable elf2uf2[0m
[ 20%] [32mBuilding CXX object CMakeFiles/pioasm.dir/pio_assembler.cpp.o[0m
[100%] Built target elf2uf2
[ 15%] [34m[1mNo install step for 'ELF2UF2Build'[0m
[ 17%] [34m[1mCompleted 'ELF2UF2Build'[0m
[ 17%] Built target ELF2UF2Build
[ 30%] [32mBuilding CXX object CMakeFiles/pioasm.dir/pio_disassembler.cpp.o[0m
[ 40%] [32mBuilding CXX object CMakeFiles/pioasm.dir/gen/lexer.cpp.o[0m
gmake[5]: *** [CMakeFiles/pioasm.dir/build.make:90: CMakeFiles/pioasm.dir/pio_assembler.cpp.o] Interrupt
gmake[5]: *** [CMakeFiles/pioasm.dir/build.make:118: CMakeFiles/pioasm.dir/gen/lexer.cpp.o] Interrupt
gmake[4]: *** [CMakeFiles/Makefile2:83: CMakeFiles/pioasm.dir/all] Interrupt
gmake[3]: *** [Makefile:91: all] Interrupt
gmake[2]: *** [pico-sdk/src/rp2_common/cyw43_driver/CMakeFiles/PioasmBuild.dir/build.make:86: pico-sdk/src/rp2_common/cyw43_driver/pioasm/src/PioasmBuild-stamp/PioasmBuild-build] Interrupt
gmake[1]: *** [CMakeFiles/Makefile2:1569: pico-sdk/src/rp2_common/cyw43_driver/CMakeFiles/PioasmBuild.dir/all] Interrupt
gmake: *** [Makefile:91: all] Interrupt
