[0.492s] Invoking command in '/home/w0x7ce/Desktop/1_ros/PC_Control/src/motor_control_rclpy': PYTHONPATH=/home/w0x7ce/Desktop/1_ros/PC_Control/build/motor_control_rclpy/prefix_override:/home/w0x7ce/Desktop/1_ros/PC_Control/install/motor_control_rclpy/lib/python3.10/site-packages:${PYTHONPATH} /usr/bin/python3 setup.py egg_info --egg-base ../../build/motor_control_rclpy build --build-base /home/w0x7ce/Desktop/1_ros/PC_Control/build/motor_control_rclpy/build install --record /home/w0x7ce/Desktop/1_ros/PC_Control/build/motor_control_rclpy/install.log --single-version-externally-managed
[0.681s] running egg_info
[0.681s] creating ../../build/motor_control_rclpy/motor_control_rclpy.egg-info
[0.681s] writing ../../build/motor_control_rclpy/motor_control_rclpy.egg-info/PKG-INFO
[0.682s] writing dependency_links to ../../build/motor_control_rclpy/motor_control_rclpy.egg-info/dependency_links.txt
[0.682s] writing entry points to ../../build/motor_control_rclpy/motor_control_rclpy.egg-info/entry_points.txt
[0.682s] writing requirements to ../../build/motor_control_rclpy/motor_control_rclpy.egg-info/requires.txt
[0.682s] writing top-level names to ../../build/motor_control_rclpy/motor_control_rclpy.egg-info/top_level.txt
[0.682s] writing manifest file '../../build/motor_control_rclpy/motor_control_rclpy.egg-info/SOURCES.txt'
[0.685s] reading manifest file '../../build/motor_control_rclpy/motor_control_rclpy.egg-info/SOURCES.txt'
[0.687s] writing manifest file '../../build/motor_control_rclpy/motor_control_rclpy.egg-info/SOURCES.txt'
[0.687s] running build
[0.687s] running build_py
[0.687s] creating /home/w0x7ce/Desktop/1_ros/PC_Control/build/motor_control_rclpy/build
[0.687s] creating /home/w0x7ce/Desktop/1_ros/PC_Control/build/motor_control_rclpy/build/lib
[0.688s] creating /home/w0x7ce/Desktop/1_ros/PC_Control/build/motor_control_rclpy/build/lib/motor_control_rclpy
[0.688s] copying motor_control_rclpy/change_speed.py -> /home/w0x7ce/Desktop/1_ros/PC_Control/build/motor_control_rclpy/build/lib/motor_control_rclpy
[0.688s] copying motor_control_rclpy/get_speed.py -> /home/w0x7ce/Desktop/1_ros/PC_Control/build/motor_control_rclpy/build/lib/motor_control_rclpy
[0.689s] copying motor_control_rclpy/__init__.py -> /home/w0x7ce/Desktop/1_ros/PC_Control/build/motor_control_rclpy/build/lib/motor_control_rclpy
[0.689s] running install
[0.689s] /usr/lib/python3/dist-packages/setuptools/command/install.py:34: SetuptoolsDeprecationWarning: setup.py install is deprecated. Use build and pip and other standards-based tools.
[0.689s]   warnings.warn(
[0.689s] running install_lib
[0.690s] creating /home/w0x7ce/Desktop/1_ros/PC_Control/install/motor_control_rclpy/lib/python3.10/site-packages/motor_control_rclpy
[0.690s] copying /home/w0x7ce/Desktop/1_ros/PC_Control/build/motor_control_rclpy/build/lib/motor_control_rclpy/change_speed.py -> /home/w0x7ce/Desktop/1_ros/PC_Control/install/motor_control_rclpy/lib/python3.10/site-packages/motor_control_rclpy
[0.691s] copying /home/w0x7ce/Desktop/1_ros/PC_Control/build/motor_control_rclpy/build/lib/motor_control_rclpy/get_speed.py -> /home/w0x7ce/Desktop/1_ros/PC_Control/install/motor_control_rclpy/lib/python3.10/site-packages/motor_control_rclpy
[0.691s] copying /home/w0x7ce/Desktop/1_ros/PC_Control/build/motor_control_rclpy/build/lib/motor_control_rclpy/__init__.py -> /home/w0x7ce/Desktop/1_ros/PC_Control/install/motor_control_rclpy/lib/python3.10/site-packages/motor_control_rclpy
[0.692s] byte-compiling /home/w0x7ce/Desktop/1_ros/PC_Control/install/motor_control_rclpy/lib/python3.10/site-packages/motor_control_rclpy/change_speed.py to change_speed.cpython-310.pyc
[0.692s] byte-compiling /home/w0x7ce/Desktop/1_ros/PC_Control/install/motor_control_rclpy/lib/python3.10/site-packages/motor_control_rclpy/get_speed.py to get_speed.cpython-310.pyc
[0.692s] byte-compiling /home/w0x7ce/Desktop/1_ros/PC_Control/install/motor_control_rclpy/lib/python3.10/site-packages/motor_control_rclpy/__init__.py to __init__.cpython-310.pyc
[0.693s] running install_data
[0.693s] creating /home/w0x7ce/Desktop/1_ros/PC_Control/install/motor_control_rclpy/share/ament_index
[0.696s] creating /home/w0x7ce/Desktop/1_ros/PC_Control/install/motor_control_rclpy/share/ament_index/resource_index
[0.696s] creating /home/w0x7ce/Desktop/1_ros/PC_Control/install/motor_control_rclpy/share/ament_index/resource_index/packages
[0.696s] copying resource/motor_control_rclpy -> /home/w0x7ce/Desktop/1_ros/PC_Control/install/motor_control_rclpy/share/ament_index/resource_index/packages
[0.696s] copying package.xml -> /home/w0x7ce/Desktop/1_ros/PC_Control/install/motor_control_rclpy/share/motor_control_rclpy
[0.696s] running install_egg_info
[0.696s] Copying ../../build/motor_control_rclpy/motor_control_rclpy.egg-info to /home/w0x7ce/Desktop/1_ros/PC_Control/install/motor_control_rclpy/lib/python3.10/site-packages/motor_control_rclpy-0.0.0-py3.10.egg-info
[0.696s] running install_scripts
[0.721s] Installing change_speed script to /home/w0x7ce/Desktop/1_ros/PC_Control/install/motor_control_rclpy/lib/motor_control_rclpy
[0.724s] Installing get_speed script to /home/w0x7ce/Desktop/1_ros/PC_Control/install/motor_control_rclpy/lib/motor_control_rclpy
[0.724s] writing list of installed files to '/home/w0x7ce/Desktop/1_ros/PC_Control/build/motor_control_rclpy/install.log'
[0.756s] Invoked command in '/home/w0x7ce/Desktop/1_ros/PC_Control/src/motor_control_rclpy' returned '0': PYTHONPATH=/home/w0x7ce/Desktop/1_ros/PC_Control/build/motor_control_rclpy/prefix_override:/home/w0x7ce/Desktop/1_ros/PC_Control/install/motor_control_rclpy/lib/python3.10/site-packages:${PYTHONPATH} /usr/bin/python3 setup.py egg_info --egg-base ../../build/motor_control_rclpy build --build-base /home/w0x7ce/Desktop/1_ros/PC_Control/build/motor_control_rclpy/build install --record /home/w0x7ce/Desktop/1_ros/PC_Control/build/motor_control_rclpy/install.log --single-version-externally-managed
