[0.630s] DEBUG:colcon:Command line arguments: ['/home/w0x7ce/anaconda3/bin/colcon', 'build', '--packages-select', 'motor_control_rclcpp']
[0.630s] DEBUG:colcon:Parsed command line arguments: Namespace(log_base=None, log_level=None, verb_name='build', build_base='build', install_base='install', merge_install=False, symlink_install=False, test_result_base=None, continue_on_error=False, executor='parallel', parallel_workers=4, event_handlers=None, ignore_user_meta=False, metas=['./colcon.meta'], base_paths=['.'], packages_ignore=None, packages_ignore_regex=None, paths=None, packages_up_to=None, packages_up_to_regex=None, packages_above=None, packages_above_and_dependencies=None, packages_above_depth=None, packages_select_by_dep=None, packages_skip_by_dep=None, packages_skip_up_to=None, packages_select_build_failed=False, packages_skip_build_finished=False, packages_select_test_failures=False, packages_skip_test_passed=False, packages_select=['motor_control_rclcpp'], packages_skip=None, packages_select_regex=None, packages_skip_regex=None, packages_start=None, packages_end=None, cmake_args=None, cmake_target=None, cmake_target_skip_unavailable=False, cmake_clean_cache=False, cmake_clean_first=False, cmake_force_configure=False, ament_cmake_args=None, catkin_cmake_args=None, catkin_skip_building_tests=False, verb_parser=<colcon_defaults.argument_parser.defaults.DefaultArgumentsDecorator object at 0x7f1652db3be0>, verb_extension=<colcon_core.verb.build.BuildVerb object at 0x7f1652f8a3a0>, main=<bound method BuildVerb.main of <colcon_core.verb.build.BuildVerb object at 0x7f1652f8a3a0>>)
[0.683s] Level 1:colcon.colcon_core.package_discovery:discover_packages(colcon_meta) check parameters
[0.683s] Level 1:colcon.colcon_core.package_discovery:discover_packages(recursive) check parameters
[0.683s] Level 1:colcon.colcon_core.package_discovery:discover_packages(ignore) check parameters
[0.683s] Level 1:colcon.colcon_core.package_discovery:discover_packages(path) check parameters
[0.683s] Level 1:colcon.colcon_core.package_discovery:discover_packages(colcon_meta) discover
[0.683s] Level 1:colcon.colcon_core.package_discovery:discover_packages(recursive) discover
[0.683s] INFO:colcon.colcon_core.package_discovery:Crawling recursively for packages in '/home/w0x7ce/Desktop/AMAKE/A/PC_Control'
[0.683s] Level 1:colcon.colcon_core.package_identification:_identify(.) by extensions ['ignore', 'ignore_ament_install']
[0.684s] Level 1:colcon.colcon_core.package_identification:_identify(.) by extension 'ignore'
[0.684s] Level 1:colcon.colcon_core.package_identification:_identify(.) by extension 'ignore_ament_install'
[0.684s] Level 1:colcon.colcon_core.package_identification:_identify(.) by extensions ['colcon_pkg']
[0.684s] Level 1:colcon.colcon_core.package_identification:_identify(.) by extension 'colcon_pkg'
[0.684s] Level 1:colcon.colcon_core.package_identification:_identify(.) by extensions ['colcon_meta']
[0.684s] Level 1:colcon.colcon_core.package_identification:_identify(.) by extension 'colcon_meta'
[0.684s] Level 1:colcon.colcon_core.package_identification:_identify(.) by extensions ['ros']
[0.684s] Level 1:colcon.colcon_core.package_identification:_identify(.) by extension 'ros'
[0.749s] Level 1:colcon.colcon_core.package_identification:_identify(.) by extensions ['cmake', 'python']
[0.749s] Level 1:colcon.colcon_core.package_identification:_identify(.) by extension 'cmake'
[0.749s] Level 1:colcon.colcon_core.package_identification:_identify(.) by extension 'python'
[0.750s] Level 1:colcon.colcon_core.package_identification:_identify(.) by extensions ['python_setup_py']
[0.750s] Level 1:colcon.colcon_core.package_identification:_identify(.) by extension 'python_setup_py'
[0.750s] Level 1:colcon.colcon_core.package_identification:_identify(build) by extensions ['ignore', 'ignore_ament_install']
[0.750s] Level 1:colcon.colcon_core.package_identification:_identify(build) by extension 'ignore'
[0.750s] Level 1:colcon.colcon_core.package_identification:_identify(build) ignored
[0.750s] Level 1:colcon.colcon_core.package_identification:_identify(install) by extensions ['ignore', 'ignore_ament_install']
[0.750s] Level 1:colcon.colcon_core.package_identification:_identify(install) by extension 'ignore'
[0.750s] Level 1:colcon.colcon_core.package_identification:_identify(install) ignored
[0.750s] Level 1:colcon.colcon_core.package_identification:_identify(log) by extensions ['ignore', 'ignore_ament_install']
[0.750s] Level 1:colcon.colcon_core.package_identification:_identify(log) by extension 'ignore'
[0.750s] Level 1:colcon.colcon_core.package_identification:_identify(log) ignored
[0.750s] Level 1:colcon.colcon_core.package_identification:_identify(src) by extensions ['ignore', 'ignore_ament_install']
[0.750s] Level 1:colcon.colcon_core.package_identification:_identify(src) by extension 'ignore'
[0.750s] Level 1:colcon.colcon_core.package_identification:_identify(src) by extension 'ignore_ament_install'
[0.751s] Level 1:colcon.colcon_core.package_identification:_identify(src) by extensions ['colcon_pkg']
[0.751s] Level 1:colcon.colcon_core.package_identification:_identify(src) by extension 'colcon_pkg'
[0.751s] Level 1:colcon.colcon_core.package_identification:_identify(src) by extensions ['colcon_meta']
[0.751s] Level 1:colcon.colcon_core.package_identification:_identify(src) by extension 'colcon_meta'
[0.751s] Level 1:colcon.colcon_core.package_identification:_identify(src) by extensions ['ros']
[0.751s] Level 1:colcon.colcon_core.package_identification:_identify(src) by extension 'ros'
[0.751s] Level 1:colcon.colcon_core.package_identification:_identify(src) by extensions ['cmake', 'python']
[0.751s] Level 1:colcon.colcon_core.package_identification:_identify(src) by extension 'cmake'
[0.751s] Level 1:colcon.colcon_core.package_identification:_identify(src) by extension 'python'
[0.751s] Level 1:colcon.colcon_core.package_identification:_identify(src) by extensions ['python_setup_py']
[0.751s] Level 1:colcon.colcon_core.package_identification:_identify(src) by extension 'python_setup_py'
[0.751s] Level 1:colcon.colcon_core.package_identification:_identify(src/motor_control_rclcpp) by extensions ['ignore', 'ignore_ament_install']
[0.751s] Level 1:colcon.colcon_core.package_identification:_identify(src/motor_control_rclcpp) by extension 'ignore'
[0.751s] Level 1:colcon.colcon_core.package_identification:_identify(src/motor_control_rclcpp) by extension 'ignore_ament_install'
[0.751s] Level 1:colcon.colcon_core.package_identification:_identify(src/motor_control_rclcpp) by extensions ['colcon_pkg']
[0.751s] Level 1:colcon.colcon_core.package_identification:_identify(src/motor_control_rclcpp) by extension 'colcon_pkg'
[0.751s] Level 1:colcon.colcon_core.package_identification:_identify(src/motor_control_rclcpp) by extensions ['colcon_meta']
[0.751s] Level 1:colcon.colcon_core.package_identification:_identify(src/motor_control_rclcpp) by extension 'colcon_meta'
[0.751s] Level 1:colcon.colcon_core.package_identification:_identify(src/motor_control_rclcpp) by extensions ['ros']
[0.751s] Level 1:colcon.colcon_core.package_identification:_identify(src/motor_control_rclcpp) by extension 'ros'
[0.754s] DEBUG:colcon.colcon_core.package_identification:Package 'src/motor_control_rclcpp' with type 'ros.ament_cmake' and name 'motor_control_rclcpp'
[0.754s] Level 1:colcon.colcon_core.package_discovery:discover_packages(recursive) using defaults
[0.754s] Level 1:colcon.colcon_core.package_discovery:discover_packages(ignore) discover
[0.754s] Level 1:colcon.colcon_core.package_discovery:discover_packages(ignore) using defaults
[0.754s] Level 1:colcon.colcon_core.package_discovery:discover_packages(path) discover
[0.754s] Level 1:colcon.colcon_core.package_discovery:discover_packages(path) using defaults
[0.797s] Level 5:colcon.colcon_core.verb:set package 'motor_control_rclcpp' build argument 'cmake_args' from command line to 'None'
[0.797s] Level 5:colcon.colcon_core.verb:set package 'motor_control_rclcpp' build argument 'cmake_target' from command line to 'None'
[0.797s] Level 5:colcon.colcon_core.verb:set package 'motor_control_rclcpp' build argument 'cmake_target_skip_unavailable' from command line to 'False'
[0.797s] Level 5:colcon.colcon_core.verb:set package 'motor_control_rclcpp' build argument 'cmake_clean_cache' from command line to 'False'
[0.797s] Level 5:colcon.colcon_core.verb:set package 'motor_control_rclcpp' build argument 'cmake_clean_first' from command line to 'False'
[0.797s] Level 5:colcon.colcon_core.verb:set package 'motor_control_rclcpp' build argument 'cmake_force_configure' from command line to 'False'
[0.797s] Level 5:colcon.colcon_core.verb:set package 'motor_control_rclcpp' build argument 'ament_cmake_args' from command line to 'None'
[0.797s] Level 5:colcon.colcon_core.verb:set package 'motor_control_rclcpp' build argument 'catkin_cmake_args' from command line to 'None'
[0.797s] Level 5:colcon.colcon_core.verb:set package 'motor_control_rclcpp' build argument 'catkin_skip_building_tests' from command line to 'False'
[0.797s] DEBUG:colcon.colcon_core.verb:Building package 'motor_control_rclcpp' with the following arguments: {'ament_cmake_args': None, 'build_base': '/home/w0x7ce/Desktop/AMAKE/A/PC_Control/build/motor_control_rclcpp', 'catkin_cmake_args': None, 'catkin_skip_building_tests': False, 'cmake_args': None, 'cmake_clean_cache': False, 'cmake_clean_first': False, 'cmake_force_configure': False, 'cmake_target': None, 'cmake_target_skip_unavailable': False, 'install_base': '/home/w0x7ce/Desktop/AMAKE/A/PC_Control/install/motor_control_rclcpp', 'merge_install': False, 'path': '/home/w0x7ce/Desktop/AMAKE/A/PC_Control/src/motor_control_rclcpp', 'symlink_install': False, 'test_result_base': None}
[0.799s] INFO:colcon.colcon_core.executor:Executing jobs using 'parallel' executor
[0.813s] DEBUG:colcon.colcon_parallel_executor.executor.parallel:run_until_complete
[0.814s] INFO:colcon.colcon_ros.task.ament_cmake.build:Building ROS package in '/home/w0x7ce/Desktop/AMAKE/A/PC_Control/src/motor_control_rclcpp' with build type 'ament_cmake'
[0.814s] INFO:colcon.colcon_cmake.task.cmake.build:Building CMake package in '/home/w0x7ce/Desktop/AMAKE/A/PC_Control/src/motor_control_rclcpp'
[0.823s] INFO:colcon.colcon_core.plugin_system:Skipping extension 'colcon_core.shell.bat': Not used on non-Windows systems
[0.823s] INFO:colcon.colcon_core.shell:Skip shell extension 'powershell' for command environment: Not usable outside of PowerShell
[0.823s] DEBUG:colcon.colcon_core.shell:Skip shell extension 'dsv' for command environment
[0.847s] DEBUG:colcon.colcon_core.event_handler.log_command:Invoking command in '/home/w0x7ce/Desktop/AMAKE/A/PC_Control/build/motor_control_rclcpp': CMAKE_PREFIX_PATH=${CMAKE_PREFIX_PATH}:/opt/ros/humble CONDA_PROMPT_MODIFIER=(base) /usr/bin/cmake --build /home/w0x7ce/Desktop/AMAKE/A/PC_Control/build/motor_control_rclcpp -- -j4 -l4
[1.122s] DEBUG:colcon.colcon_core.event_handler.log_command:Invoked command in '/home/w0x7ce/Desktop/AMAKE/A/PC_Control/build/motor_control_rclcpp' returned '2': CMAKE_PREFIX_PATH=${CMAKE_PREFIX_PATH}:/opt/ros/humble CONDA_PROMPT_MODIFIER=(base) /usr/bin/cmake --build /home/w0x7ce/Desktop/AMAKE/A/PC_Control/build/motor_control_rclcpp -- -j4 -l4
[1.154s] Level 1:colcon.colcon_core.environment:create_environment_scripts_only(motor_control_rclcpp)
[1.164s] Level 1:colcon.colcon_core.environment:checking '/home/w0x7ce/Desktop/AMAKE/A/PC_Control/install/motor_control_rclcpp' for CMake module files
[1.164s] Level 1:colcon.colcon_core.environment:checking '/home/w0x7ce/Desktop/AMAKE/A/PC_Control/install/motor_control_rclcpp' for CMake config files
[1.165s] Level 1:colcon.colcon_core.shell:create_environment_hook('motor_control_rclcpp', 'cmake_prefix_path')
[1.171s] INFO:colcon.colcon_core.shell:Creating environment hook '/home/w0x7ce/Desktop/AMAKE/A/PC_Control/install/motor_control_rclcpp/share/motor_control_rclcpp/hook/cmake_prefix_path.ps1'
[1.171s] INFO:colcon.colcon_core.shell:Creating environment descriptor '/home/w0x7ce/Desktop/AMAKE/A/PC_Control/install/motor_control_rclcpp/share/motor_control_rclcpp/hook/cmake_prefix_path.dsv'
[1.172s] INFO:colcon.colcon_core.shell:Creating environment hook '/home/w0x7ce/Desktop/AMAKE/A/PC_Control/install/motor_control_rclcpp/share/motor_control_rclcpp/hook/cmake_prefix_path.sh'
[1.173s] Level 1:colcon.colcon_core.environment:checking '/home/w0x7ce/Desktop/AMAKE/A/PC_Control/install/motor_control_rclcpp/lib'
[1.173s] Level 1:colcon.colcon_core.environment:checking '/home/w0x7ce/Desktop/AMAKE/A/PC_Control/install/motor_control_rclcpp/bin'
[1.173s] Level 1:colcon.colcon_core.environment:checking '/home/w0x7ce/Desktop/AMAKE/A/PC_Control/install/motor_control_rclcpp/lib/pkgconfig/motor_control_rclcpp.pc'
[1.175s] Level 1:colcon.colcon_core.environment:checking '/home/w0x7ce/Desktop/AMAKE/A/PC_Control/install/motor_control_rclcpp/lib/python3.9/site-packages'
[1.175s] Level 1:colcon.colcon_core.environment:checking '/home/w0x7ce/Desktop/AMAKE/A/PC_Control/install/motor_control_rclcpp/bin'
[1.181s] INFO:colcon.colcon_core.shell:Creating package script '/home/w0x7ce/Desktop/AMAKE/A/PC_Control/install/motor_control_rclcpp/share/motor_control_rclcpp/package.ps1'
[1.182s] INFO:colcon.colcon_core.shell:Creating package descriptor '/home/w0x7ce/Desktop/AMAKE/A/PC_Control/install/motor_control_rclcpp/share/motor_control_rclcpp/package.dsv'
[1.182s] INFO:colcon.colcon_core.shell:Creating package script '/home/w0x7ce/Desktop/AMAKE/A/PC_Control/install/motor_control_rclcpp/share/motor_control_rclcpp/package.sh'
[1.183s] INFO:colcon.colcon_core.shell:Creating package script '/home/w0x7ce/Desktop/AMAKE/A/PC_Control/install/motor_control_rclcpp/share/motor_control_rclcpp/package.bash'
[1.184s] INFO:colcon.colcon_core.shell:Creating package script '/home/w0x7ce/Desktop/AMAKE/A/PC_Control/install/motor_control_rclcpp/share/motor_control_rclcpp/package.zsh'
[1.184s] Level 1:colcon.colcon_core.environment:create_file_with_runtime_dependencies(/home/w0x7ce/Desktop/AMAKE/A/PC_Control/install/motor_control_rclcpp/share/colcon-core/packages/motor_control_rclcpp)
[1.195s] DEBUG:colcon.colcon_parallel_executor.executor.parallel:closing loop
[1.195s] DEBUG:colcon.colcon_parallel_executor.executor.parallel:loop closed
[1.195s] DEBUG:colcon.colcon_parallel_executor.executor.parallel:run_until_complete finished with '2'
[1.195s] DEBUG:colcon.colcon_core.event_reactor:joining thread
[1.202s] INFO:colcon.colcon_core.plugin_system:Skipping extension 'colcon_notification.desktop_notification.notify2': 'notify2' not found
[1.202s] INFO:colcon.colcon_core.plugin_system:Skipping extension 'colcon_notification.desktop_notification.terminal_notifier': Not used on non-Darwin systems
[1.202s] INFO:colcon.colcon_core.plugin_system:Skipping extension 'colcon_notification.desktop_notification.win32': Not used on non-Windows systems
[1.202s] INFO:colcon.colcon_notification.desktop_notification:Sending desktop notification using 'notify_send'
[1.217s] DEBUG:colcon.colcon_core.event_reactor:joined thread
[1.224s] INFO:colcon.colcon_core.shell:Creating prefix script '/home/w0x7ce/Desktop/AMAKE/A/PC_Control/install/local_setup.ps1'
[1.226s] INFO:colcon.colcon_core.shell:Creating prefix util module '/home/w0x7ce/Desktop/AMAKE/A/PC_Control/install/_local_setup_util_ps1.py'
[1.227s] INFO:colcon.colcon_core.shell:Creating prefix chain script '/home/w0x7ce/Desktop/AMAKE/A/PC_Control/install/setup.ps1'
[1.232s] INFO:colcon.colcon_core.shell:Creating prefix script '/home/w0x7ce/Desktop/AMAKE/A/PC_Control/install/local_setup.sh'
[1.233s] INFO:colcon.colcon_core.shell:Creating prefix util module '/home/w0x7ce/Desktop/AMAKE/A/PC_Control/install/_local_setup_util_sh.py'
[1.233s] INFO:colcon.colcon_core.shell:Creating prefix chain script '/home/w0x7ce/Desktop/AMAKE/A/PC_Control/install/setup.sh'
[1.238s] INFO:colcon.colcon_core.shell:Creating prefix script '/home/w0x7ce/Desktop/AMAKE/A/PC_Control/install/local_setup.bash'
[1.239s] INFO:colcon.colcon_core.shell:Creating prefix chain script '/home/w0x7ce/Desktop/AMAKE/A/PC_Control/install/setup.bash'
[1.244s] INFO:colcon.colcon_core.shell:Creating prefix script '/home/w0x7ce/Desktop/AMAKE/A/PC_Control/install/local_setup.zsh'
[1.244s] INFO:colcon.colcon_core.shell:Creating prefix chain script '/home/w0x7ce/Desktop/AMAKE/A/PC_Control/install/setup.zsh'
