[35m[1mConsolidate compiler generated dependencies of target change_speed[0m
[35m[1mConsolidate compiler generated dependencies of target get_speed[0m
[ 50%] Built target change_speed
[100%] Built target get_speed
-- Install configuration: ""
-- Installing: /home/w0x7ce/Desktop/AMAKE/A/PC_Control/src/install/motor_control_rclcpp/lib/motor_control_rclcpp/get_speed
-- Set runtime path of "/home/w0x7ce/Desktop/AMAKE/A/PC_Control/src/install/motor_control_rclcpp/lib/motor_control_rclcpp/get_speed" to ""
-- Installing: /home/w0x7ce/Desktop/AMAKE/A/PC_Control/src/install/motor_control_rclcpp/lib/motor_control_rclcpp/change_speed
-- Set runtime path of "/home/w0x7ce/Desktop/AMAKE/A/PC_Control/src/install/motor_control_rclcpp/lib/motor_control_rclcpp/change_speed" to ""
-- Installing: /home/w0x7ce/Desktop/AMAKE/A/PC_Control/src/install/motor_control_rclcpp/share/ament_index/resource_index/package_run_dependencies/motor_control_rclcpp
-- Installing: /home/w0x7ce/Desktop/AMAKE/A/PC_Control/src/install/motor_control_rclcpp/share/ament_index/resource_index/parent_prefix_path/motor_control_rclcpp
-- Installing: /home/w0x7ce/Desktop/AMAKE/A/PC_Control/src/install/motor_control_rclcpp/share/motor_control_rclcpp/environment/ament_prefix_path.sh
-- Installing: /home/w0x7ce/Desktop/AMAKE/A/PC_Control/src/install/motor_control_rclcpp/share/motor_control_rclcpp/environment/ament_prefix_path.dsv
-- Installing: /home/w0x7ce/Desktop/AMAKE/A/PC_Control/src/install/motor_control_rclcpp/share/motor_control_rclcpp/environment/path.sh
-- Installing: /home/w0x7ce/Desktop/AMAKE/A/PC_Control/src/install/motor_control_rclcpp/share/motor_control_rclcpp/environment/path.dsv
-- Installing: /home/w0x7ce/Desktop/AMAKE/A/PC_Control/src/install/motor_control_rclcpp/share/motor_control_rclcpp/local_setup.bash
-- Installing: /home/w0x7ce/Desktop/AMAKE/A/PC_Control/src/install/motor_control_rclcpp/share/motor_control_rclcpp/local_setup.sh
-- Installing: /home/w0x7ce/Desktop/AMAKE/A/PC_Control/src/install/motor_control_rclcpp/share/motor_control_rclcpp/local_setup.zsh
-- Installing: /home/w0x7ce/Desktop/AMAKE/A/PC_Control/src/install/motor_control_rclcpp/share/motor_control_rclcpp/local_setup.dsv
-- Installing: /home/w0x7ce/Desktop/AMAKE/A/PC_Control/src/install/motor_control_rclcpp/share/motor_control_rclcpp/package.dsv
-- Installing: /home/w0x7ce/Desktop/AMAKE/A/PC_Control/src/install/motor_control_rclcpp/share/ament_index/resource_index/packages/motor_control_rclcpp
-- Installing: /home/w0x7ce/Desktop/AMAKE/A/PC_Control/src/install/motor_control_rclcpp/share/motor_control_rclcpp/cmake/motor_control_rclcppConfig.cmake
-- Installing: /home/w0x7ce/Desktop/AMAKE/A/PC_Control/src/install/motor_control_rclcpp/share/motor_control_rclcpp/cmake/motor_control_rclcppConfig-version.cmake
-- Installing: /home/w0x7ce/Desktop/AMAKE/A/PC_Control/src/install/motor_control_rclcpp/share/motor_control_rclcpp/package.xml
