[4.931s] DEBUG:colcon:Command line arguments: ['/home/w0x7ce/anaconda3/bin/colcon', 'build', '--packages-select', 'motor_control_rclcpp']
[4.931s] DEBUG:colcon:Parsed command line arguments: Namespace(log_base=None, log_level=None, verb_name='build', build_base='build', install_base='install', merge_install=False, symlink_install=False, test_result_base=None, continue_on_error=False, executor='parallel', parallel_workers=4, event_handlers=None, ignore_user_meta=False, metas=['./colcon.meta'], base_paths=['.'], packages_ignore=None, packages_ignore_regex=None, paths=None, packages_up_to=None, packages_up_to_regex=None, packages_above=None, packages_above_and_dependencies=None, packages_above_depth=None, packages_select_by_dep=None, packages_skip_by_dep=None, packages_skip_up_to=None, packages_select_build_failed=False, packages_skip_build_finished=False, packages_select_test_failures=False, packages_skip_test_passed=False, packages_select=['motor_control_rclcpp'], packages_skip=None, packages_select_regex=None, packages_skip_regex=None, packages_start=None, packages_end=None, cmake_args=None, cmake_target=None, cmake_target_skip_unavailable=False, cmake_clean_cache=False, cmake_clean_first=False, cmake_force_configure=False, ament_cmake_args=None, catkin_cmake_args=None, catkin_skip_building_tests=False, verb_parser=<colcon_defaults.argument_parser.defaults.DefaultArgumentsDecorator object at 0x7f725bd208e0>, verb_extension=<colcon_core.verb.build.BuildVerb object at 0x7f725bd6e700>, main=<bound method BuildVerb.main of <colcon_core.verb.build.BuildVerb object at 0x7f725bd6e700>>)
[5.173s] Level 1:colcon.colcon_core.package_discovery:discover_packages(colcon_meta) check parameters
[5.173s] Level 1:colcon.colcon_core.package_discovery:discover_packages(recursive) check parameters
[5.174s] Level 1:colcon.colcon_core.package_discovery:discover_packages(ignore) check parameters
[5.174s] Level 1:colcon.colcon_core.package_discovery:discover_packages(path) check parameters
[5.174s] Level 1:colcon.colcon_core.package_discovery:discover_packages(colcon_meta) discover
[5.174s] Level 1:colcon.colcon_core.package_discovery:discover_packages(recursive) discover
[5.174s] INFO:colcon.colcon_core.package_discovery:Crawling recursively for packages in '/home/w0x7ce/Desktop/AMAKE/A/PC_Control'
[5.174s] Level 1:colcon.colcon_core.package_identification:_identify(.) by extensions ['ignore', 'ignore_ament_install']
[5.174s] Level 1:colcon.colcon_core.package_identification:_identify(.) by extension 'ignore'
[5.174s] Level 1:colcon.colcon_core.package_identification:_identify(.) by extension 'ignore_ament_install'
[5.174s] Level 1:colcon.colcon_core.package_identification:_identify(.) by extensions ['colcon_pkg']
[5.174s] Level 1:colcon.colcon_core.package_identification:_identify(.) by extension 'colcon_pkg'
[5.174s] Level 1:colcon.colcon_core.package_identification:_identify(.) by extensions ['colcon_meta']
[5.174s] Level 1:colcon.colcon_core.package_identification:_identify(.) by extension 'colcon_meta'
[5.174s] Level 1:colcon.colcon_core.package_identification:_identify(.) by extensions ['ros']
[5.174s] Level 1:colcon.colcon_core.package_identification:_identify(.) by extension 'ros'
[5.552s] Level 1:colcon.colcon_core.package_identification:_identify(.) by extensions ['cmake', 'python']
[5.552s] Level 1:colcon.colcon_core.package_identification:_identify(.) by extension 'cmake'
[5.552s] Level 1:colcon.colcon_core.package_identification:_identify(.) by extension 'python'
[5.552s] Level 1:colcon.colcon_core.package_identification:_identify(.) by extensions ['python_setup_py']
[5.552s] Level 1:colcon.colcon_core.package_identification:_identify(.) by extension 'python_setup_py'
[5.552s] Level 1:colcon.colcon_core.package_identification:_identify(build) by extensions ['ignore', 'ignore_ament_install']
[5.553s] Level 1:colcon.colcon_core.package_identification:_identify(build) by extension 'ignore'
[5.553s] Level 1:colcon.colcon_core.package_identification:_identify(build) ignored
[5.553s] Level 1:colcon.colcon_core.package_identification:_identify(install) by extensions ['ignore', 'ignore_ament_install']
[5.553s] Level 1:colcon.colcon_core.package_identification:_identify(install) by extension 'ignore'
[5.553s] Level 1:colcon.colcon_core.package_identification:_identify(install) ignored
[5.553s] Level 1:colcon.colcon_core.package_identification:_identify(log) by extensions ['ignore', 'ignore_ament_install']
[5.553s] Level 1:colcon.colcon_core.package_identification:_identify(log) by extension 'ignore'
[5.553s] Level 1:colcon.colcon_core.package_identification:_identify(log) ignored
[5.553s] Level 1:colcon.colcon_core.package_identification:_identify(src) by extensions ['ignore', 'ignore_ament_install']
[5.553s] Level 1:colcon.colcon_core.package_identification:_identify(src) by extension 'ignore'
[5.553s] Level 1:colcon.colcon_core.package_identification:_identify(src) by extension 'ignore_ament_install'
[5.553s] Level 1:colcon.colcon_core.package_identification:_identify(src) by extensions ['colcon_pkg']
[5.553s] Level 1:colcon.colcon_core.package_identification:_identify(src) by extension 'colcon_pkg'
[5.553s] Level 1:colcon.colcon_core.package_identification:_identify(src) by extensions ['colcon_meta']
[5.553s] Level 1:colcon.colcon_core.package_identification:_identify(src) by extension 'colcon_meta'
[5.553s] Level 1:colcon.colcon_core.package_identification:_identify(src) by extensions ['ros']
[5.553s] Level 1:colcon.colcon_core.package_identification:_identify(src) by extension 'ros'
[5.554s] Level 1:colcon.colcon_core.package_identification:_identify(src) by extensions ['cmake', 'python']
[5.554s] Level 1:colcon.colcon_core.package_identification:_identify(src) by extension 'cmake'
[5.554s] Level 1:colcon.colcon_core.package_identification:_identify(src) by extension 'python'
[5.554s] Level 1:colcon.colcon_core.package_identification:_identify(src) by extensions ['python_setup_py']
[5.554s] Level 1:colcon.colcon_core.package_identification:_identify(src) by extension 'python_setup_py'
[5.554s] Level 1:colcon.colcon_core.package_identification:_identify(src/motor_control_rclcpp) by extensions ['ignore', 'ignore_ament_install']
[5.554s] Level 1:colcon.colcon_core.package_identification:_identify(src/motor_control_rclcpp) by extension 'ignore'
[5.554s] Level 1:colcon.colcon_core.package_identification:_identify(src/motor_control_rclcpp) by extension 'ignore_ament_install'
[5.554s] Level 1:colcon.colcon_core.package_identification:_identify(src/motor_control_rclcpp) by extensions ['colcon_pkg']
[5.554s] Level 1:colcon.colcon_core.package_identification:_identify(src/motor_control_rclcpp) by extension 'colcon_pkg'
[5.554s] Level 1:colcon.colcon_core.package_identification:_identify(src/motor_control_rclcpp) by extensions ['colcon_meta']
[5.554s] Level 1:colcon.colcon_core.package_identification:_identify(src/motor_control_rclcpp) by extension 'colcon_meta'
[5.554s] Level 1:colcon.colcon_core.package_identification:_identify(src/motor_control_rclcpp) by extensions ['ros']
[5.554s] Level 1:colcon.colcon_core.package_identification:_identify(src/motor_control_rclcpp) by extension 'ros'
[5.580s] DEBUG:colcon.colcon_core.package_identification:Package 'src/motor_control_rclcpp' with type 'ros.ament_cmake' and name 'motor_control_rclcpp'
[5.580s] Level 1:colcon.colcon_core.package_discovery:discover_packages(recursive) using defaults
[5.580s] Level 1:colcon.colcon_core.package_discovery:discover_packages(ignore) discover
[5.580s] Level 1:colcon.colcon_core.package_discovery:discover_packages(ignore) using defaults
[5.580s] Level 1:colcon.colcon_core.package_discovery:discover_packages(path) discover
[5.580s] Level 1:colcon.colcon_core.package_discovery:discover_packages(path) using defaults
[5.928s] Level 5:colcon.colcon_core.verb:set package 'motor_control_rclcpp' build argument 'cmake_args' from command line to 'None'
[5.928s] Level 5:colcon.colcon_core.verb:set package 'motor_control_rclcpp' build argument 'cmake_target' from command line to 'None'
[5.928s] Level 5:colcon.colcon_core.verb:set package 'motor_control_rclcpp' build argument 'cmake_target_skip_unavailable' from command line to 'False'
[5.928s] Level 5:colcon.colcon_core.verb:set package 'motor_control_rclcpp' build argument 'cmake_clean_cache' from command line to 'False'
[5.928s] Level 5:colcon.colcon_core.verb:set package 'motor_control_rclcpp' build argument 'cmake_clean_first' from command line to 'False'
[5.928s] Level 5:colcon.colcon_core.verb:set package 'motor_control_rclcpp' build argument 'cmake_force_configure' from command line to 'False'
[5.928s] Level 5:colcon.colcon_core.verb:set package 'motor_control_rclcpp' build argument 'ament_cmake_args' from command line to 'None'
[5.928s] Level 5:colcon.colcon_core.verb:set package 'motor_control_rclcpp' build argument 'catkin_cmake_args' from command line to 'None'
[5.928s] Level 5:colcon.colcon_core.verb:set package 'motor_control_rclcpp' build argument 'catkin_skip_building_tests' from command line to 'False'
[5.928s] DEBUG:colcon.colcon_core.verb:Building package 'motor_control_rclcpp' with the following arguments: {'ament_cmake_args': None, 'build_base': '/home/w0x7ce/Desktop/AMAKE/A/PC_Control/build/motor_control_rclcpp', 'catkin_cmake_args': None, 'catkin_skip_building_tests': False, 'cmake_args': None, 'cmake_clean_cache': False, 'cmake_clean_first': False, 'cmake_force_configure': False, 'cmake_target': None, 'cmake_target_skip_unavailable': False, 'install_base': '/home/w0x7ce/Desktop/AMAKE/A/PC_Control/install/motor_control_rclcpp', 'merge_install': False, 'path': '/home/w0x7ce/Desktop/AMAKE/A/PC_Control/src/motor_control_rclcpp', 'symlink_install': False, 'test_result_base': None}
[5.930s] INFO:colcon.colcon_core.executor:Executing jobs using 'parallel' executor
[5.946s] DEBUG:colcon.colcon_parallel_executor.executor.parallel:run_until_complete
[5.946s] INFO:colcon.colcon_ros.task.ament_cmake.build:Building ROS package in '/home/w0x7ce/Desktop/AMAKE/A/PC_Control/src/motor_control_rclcpp' with build type 'ament_cmake'
[5.946s] INFO:colcon.colcon_cmake.task.cmake.build:Building CMake package in '/home/w0x7ce/Desktop/AMAKE/A/PC_Control/src/motor_control_rclcpp'
[5.973s] INFO:colcon.colcon_core.plugin_system:Skipping extension 'colcon_core.shell.bat': Not used on non-Windows systems
[5.973s] INFO:colcon.colcon_core.shell:Skip shell extension 'powershell' for command environment: Not usable outside of PowerShell
[5.973s] DEBUG:colcon.colcon_core.shell:Skip shell extension 'dsv' for command environment
[5.991s] DEBUG:colcon.colcon_core.event_handler.log_command:Invoking command in '/home/w0x7ce/Desktop/AMAKE/A/PC_Control/build/motor_control_rclcpp': CMAKE_PREFIX_PATH=/opt/ros/humble CONDA_PROMPT_MODIFIER=(base) /usr/bin/cmake /home/w0x7ce/Desktop/AMAKE/A/PC_Control/src/motor_control_rclcpp -DCMAKE_INSTALL_PREFIX=/home/w0x7ce/Desktop/AMAKE/A/PC_Control/install/motor_control_rclcpp
[6.327s] DEBUG:colcon.colcon_core.event_handler.log_command:Invoked command in '/home/w0x7ce/Desktop/AMAKE/A/PC_Control/build/motor_control_rclcpp' returned '1': CMAKE_PREFIX_PATH=/opt/ros/humble CONDA_PROMPT_MODIFIER=(base) /usr/bin/cmake /home/w0x7ce/Desktop/AMAKE/A/PC_Control/src/motor_control_rclcpp -DCMAKE_INSTALL_PREFIX=/home/w0x7ce/Desktop/AMAKE/A/PC_Control/install/motor_control_rclcpp
[6.339s] Level 1:colcon.colcon_core.environment:create_environment_scripts_only(motor_control_rclcpp)
[6.498s] Level 1:colcon.colcon_core.environment:checking '/home/w0x7ce/Desktop/AMAKE/A/PC_Control/install/motor_control_rclcpp' for CMake module files
[6.498s] Level 1:colcon.colcon_core.environment:checking '/home/w0x7ce/Desktop/AMAKE/A/PC_Control/install/motor_control_rclcpp' for CMake config files
[6.498s] Level 1:colcon.colcon_core.environment:checking '/home/w0x7ce/Desktop/AMAKE/A/PC_Control/install/motor_control_rclcpp/bin'
[6.499s] Level 1:colcon.colcon_core.environment:checking '/home/w0x7ce/Desktop/AMAKE/A/PC_Control/install/motor_control_rclcpp/lib/pkgconfig/motor_control_rclcpp.pc'
[6.530s] Level 1:colcon.colcon_core.environment:checking '/home/w0x7ce/Desktop/AMAKE/A/PC_Control/install/motor_control_rclcpp/lib/python3.9/site-packages'
[6.530s] Level 1:colcon.colcon_core.environment:checking '/home/w0x7ce/Desktop/AMAKE/A/PC_Control/install/motor_control_rclcpp/bin'
[6.537s] INFO:colcon.colcon_core.shell:Creating package script '/home/w0x7ce/Desktop/AMAKE/A/PC_Control/install/motor_control_rclcpp/share/motor_control_rclcpp/package.ps1'
[6.538s] INFO:colcon.colcon_core.shell:Creating package descriptor '/home/w0x7ce/Desktop/AMAKE/A/PC_Control/install/motor_control_rclcpp/share/motor_control_rclcpp/package.dsv'
[6.565s] INFO:colcon.colcon_core.shell:Creating package script '/home/w0x7ce/Desktop/AMAKE/A/PC_Control/install/motor_control_rclcpp/share/motor_control_rclcpp/package.sh'
[6.576s] INFO:colcon.colcon_core.shell:Creating package script '/home/w0x7ce/Desktop/AMAKE/A/PC_Control/install/motor_control_rclcpp/share/motor_control_rclcpp/package.bash'
[6.582s] INFO:colcon.colcon_core.shell:Creating package script '/home/w0x7ce/Desktop/AMAKE/A/PC_Control/install/motor_control_rclcpp/share/motor_control_rclcpp/package.zsh'
[6.592s] Level 1:colcon.colcon_core.environment:create_file_with_runtime_dependencies(/home/w0x7ce/Desktop/AMAKE/A/PC_Control/install/motor_control_rclcpp/share/colcon-core/packages/motor_control_rclcpp)
[6.603s] DEBUG:colcon.colcon_parallel_executor.executor.parallel:closing loop
[6.603s] DEBUG:colcon.colcon_parallel_executor.executor.parallel:loop closed
[6.603s] DEBUG:colcon.colcon_parallel_executor.executor.parallel:run_until_complete finished with '1'
[6.603s] DEBUG:colcon.colcon_core.event_reactor:joining thread
[6.648s] INFO:colcon.colcon_core.plugin_system:Skipping extension 'colcon_notification.desktop_notification.notify2': 'notify2' not found
[6.649s] INFO:colcon.colcon_core.plugin_system:Skipping extension 'colcon_notification.desktop_notification.terminal_notifier': Not used on non-Darwin systems
[6.649s] INFO:colcon.colcon_core.plugin_system:Skipping extension 'colcon_notification.desktop_notification.win32': Not used on non-Windows systems
[6.649s] INFO:colcon.colcon_notification.desktop_notification:Sending desktop notification using 'notify_send'
[6.687s] DEBUG:colcon.colcon_core.event_reactor:joined thread
[6.695s] INFO:colcon.colcon_core.shell:Creating prefix script '/home/w0x7ce/Desktop/AMAKE/A/PC_Control/install/local_setup.ps1'
[6.696s] INFO:colcon.colcon_core.shell:Creating prefix util module '/home/w0x7ce/Desktop/AMAKE/A/PC_Control/install/_local_setup_util_ps1.py'
[6.697s] INFO:colcon.colcon_core.shell:Creating prefix chain script '/home/w0x7ce/Desktop/AMAKE/A/PC_Control/install/setup.ps1'
[6.703s] INFO:colcon.colcon_core.shell:Creating prefix script '/home/w0x7ce/Desktop/AMAKE/A/PC_Control/install/local_setup.sh'
[6.703s] INFO:colcon.colcon_core.shell:Creating prefix util module '/home/w0x7ce/Desktop/AMAKE/A/PC_Control/install/_local_setup_util_sh.py'
[6.704s] INFO:colcon.colcon_core.shell:Creating prefix chain script '/home/w0x7ce/Desktop/AMAKE/A/PC_Control/install/setup.sh'
[6.709s] INFO:colcon.colcon_core.shell:Creating prefix script '/home/w0x7ce/Desktop/AMAKE/A/PC_Control/install/local_setup.bash'
[6.732s] INFO:colcon.colcon_core.shell:Creating prefix chain script '/home/w0x7ce/Desktop/AMAKE/A/PC_Control/install/setup.bash'
[6.737s] INFO:colcon.colcon_core.shell:Creating prefix script '/home/w0x7ce/Desktop/AMAKE/A/PC_Control/install/local_setup.zsh'
[6.738s] INFO:colcon.colcon_core.shell:Creating prefix chain script '/home/w0x7ce/Desktop/AMAKE/A/PC_Control/install/setup.zsh'
