[0.224s] DEBUG:colcon:Command line arguments: ['/usr/bin/colcon', 'build']
[0.224s] DEBUG:colcon:Parsed command line arguments: Namespace(log_base=None, log_level=None, verb_name='build', build_base='build', install_base='install', merge_install=False, symlink_install=False, test_result_base=None, continue_on_error=False, executor='parallel', parallel_workers=2, event_handlers=None, ignore_user_meta=False, metas=['./colcon.meta'], base_paths=['.'], packages_ignore=None, packages_ignore_regex=None, paths=None, packages_up_to=None, packages_up_to_regex=None, packages_above=None, packages_above_and_dependencies=None, packages_above_depth=None, packages_select_by_dep=None, packages_skip_by_dep=None, packages_skip_up_to=None, packages_select_build_failed=False, packages_skip_build_finished=False, packages_select_test_failures=False, packages_skip_test_passed=False, packages_select=None, packages_skip=None, packages_select_regex=None, packages_skip_regex=None, packages_start=None, packages_end=None, allow_overriding=[], cmake_args=None, cmake_target=None, cmake_target_skip_unavailable=False, cmake_clean_cache=False, cmake_clean_first=False, cmake_force_configure=False, ament_cmake_args=None, catkin_cmake_args=None, catkin_skip_building_tests=False, verb_parser=<colcon_defaults.argument_parser.defaults.DefaultArgumentsDecorator object at 0x7fe559fb5030>, verb_extension=<colcon_core.verb.build.BuildVerb object at 0x7fe55a903a90>, main=<bound method BuildVerb.main of <colcon_core.verb.build.BuildVerb object at 0x7fe55a903a90>>)
[0.248s] Level 1:colcon.colcon_core.package_discovery:discover_packages(colcon_meta) check parameters
[0.248s] Level 1:colcon.colcon_core.package_discovery:discover_packages(recursive) check parameters
[0.248s] Level 1:colcon.colcon_core.package_discovery:discover_packages(ignore) check parameters
[0.248s] Level 1:colcon.colcon_core.package_discovery:discover_packages(path) check parameters
[0.248s] Level 1:colcon.colcon_core.package_discovery:discover_packages(colcon_meta) discover
[0.248s] Level 1:colcon.colcon_core.package_discovery:discover_packages(recursive) discover
[0.248s] INFO:colcon.colcon_core.package_discovery:Crawling recursively for packages in '/home/w0x7ce/Desktop/1_ros/PC_Control'
[0.248s] Level 1:colcon.colcon_core.package_identification:_identify(.) by extensions ['ignore', 'ignore_ament_install']
[0.248s] Level 1:colcon.colcon_core.package_identification:_identify(.) by extension 'ignore'
[0.248s] Level 1:colcon.colcon_core.package_identification:_identify(.) by extension 'ignore_ament_install'
[0.249s] Level 1:colcon.colcon_core.package_identification:_identify(.) by extensions ['colcon_pkg']
[0.249s] Level 1:colcon.colcon_core.package_identification:_identify(.) by extension 'colcon_pkg'
[0.249s] Level 1:colcon.colcon_core.package_identification:_identify(.) by extensions ['colcon_meta']
[0.249s] Level 1:colcon.colcon_core.package_identification:_identify(.) by extension 'colcon_meta'
[0.249s] Level 1:colcon.colcon_core.package_identification:_identify(.) by extensions ['ros']
[0.249s] Level 1:colcon.colcon_core.package_identification:_identify(.) by extension 'ros'
[0.256s] Level 1:colcon.colcon_core.package_identification:_identify(.) by extensions ['cmake', 'python']
[0.256s] Level 1:colcon.colcon_core.package_identification:_identify(.) by extension 'cmake'
[0.257s] Level 1:colcon.colcon_core.package_identification:_identify(.) by extension 'python'
[0.257s] Level 1:colcon.colcon_core.package_identification:_identify(.) by extensions ['python_setup_py']
[0.257s] Level 1:colcon.colcon_core.package_identification:_identify(.) by extension 'python_setup_py'
[0.257s] Level 1:colcon.colcon_core.package_identification:_identify(build) by extensions ['ignore', 'ignore_ament_install']
[0.257s] Level 1:colcon.colcon_core.package_identification:_identify(build) by extension 'ignore'
[0.257s] Level 1:colcon.colcon_core.package_identification:_identify(build) ignored
[0.257s] Level 1:colcon.colcon_core.package_identification:_identify(install) by extensions ['ignore', 'ignore_ament_install']
[0.257s] Level 1:colcon.colcon_core.package_identification:_identify(install) by extension 'ignore'
[0.257s] Level 1:colcon.colcon_core.package_identification:_identify(install) ignored
[0.257s] Level 1:colcon.colcon_core.package_identification:_identify(log) by extensions ['ignore', 'ignore_ament_install']
[0.257s] Level 1:colcon.colcon_core.package_identification:_identify(log) by extension 'ignore'
[0.257s] Level 1:colcon.colcon_core.package_identification:_identify(log) ignored
[0.257s] Level 1:colcon.colcon_core.package_identification:_identify(src) by extensions ['ignore', 'ignore_ament_install']
[0.257s] Level 1:colcon.colcon_core.package_identification:_identify(src) by extension 'ignore'
[0.257s] Level 1:colcon.colcon_core.package_identification:_identify(src) by extension 'ignore_ament_install'
[0.257s] Level 1:colcon.colcon_core.package_identification:_identify(src) by extensions ['colcon_pkg']
[0.257s] Level 1:colcon.colcon_core.package_identification:_identify(src) by extension 'colcon_pkg'
[0.257s] Level 1:colcon.colcon_core.package_identification:_identify(src) by extensions ['colcon_meta']
[0.257s] Level 1:colcon.colcon_core.package_identification:_identify(src) by extension 'colcon_meta'
[0.257s] Level 1:colcon.colcon_core.package_identification:_identify(src) by extensions ['ros']
[0.257s] Level 1:colcon.colcon_core.package_identification:_identify(src) by extension 'ros'
[0.257s] Level 1:colcon.colcon_core.package_identification:_identify(src) by extensions ['cmake', 'python']
[0.257s] Level 1:colcon.colcon_core.package_identification:_identify(src) by extension 'cmake'
[0.257s] Level 1:colcon.colcon_core.package_identification:_identify(src) by extension 'python'
[0.258s] Level 1:colcon.colcon_core.package_identification:_identify(src) by extensions ['python_setup_py']
[0.258s] Level 1:colcon.colcon_core.package_identification:_identify(src) by extension 'python_setup_py'
[0.258s] Level 1:colcon.colcon_core.package_identification:_identify(src/build) by extensions ['ignore', 'ignore_ament_install']
[0.258s] Level 1:colcon.colcon_core.package_identification:_identify(src/build) by extension 'ignore'
[0.258s] Level 1:colcon.colcon_core.package_identification:_identify(src/build) ignored
[0.258s] Level 1:colcon.colcon_core.package_identification:_identify(src/install) by extensions ['ignore', 'ignore_ament_install']
[0.258s] Level 1:colcon.colcon_core.package_identification:_identify(src/install) by extension 'ignore'
[0.258s] Level 1:colcon.colcon_core.package_identification:_identify(src/install) ignored
[0.258s] Level 1:colcon.colcon_core.package_identification:_identify(src/log) by extensions ['ignore', 'ignore_ament_install']
[0.258s] Level 1:colcon.colcon_core.package_identification:_identify(src/log) by extension 'ignore'
[0.258s] Level 1:colcon.colcon_core.package_identification:_identify(src/log) ignored
[0.258s] Level 1:colcon.colcon_core.package_identification:_identify(src/motor_control_rclcpp) by extensions ['ignore', 'ignore_ament_install']
[0.258s] Level 1:colcon.colcon_core.package_identification:_identify(src/motor_control_rclcpp) by extension 'ignore'
[0.258s] Level 1:colcon.colcon_core.package_identification:_identify(src/motor_control_rclcpp) by extension 'ignore_ament_install'
[0.258s] Level 1:colcon.colcon_core.package_identification:_identify(src/motor_control_rclcpp) by extensions ['colcon_pkg']
[0.258s] Level 1:colcon.colcon_core.package_identification:_identify(src/motor_control_rclcpp) by extension 'colcon_pkg'
[0.258s] Level 1:colcon.colcon_core.package_identification:_identify(src/motor_control_rclcpp) by extensions ['colcon_meta']
[0.258s] Level 1:colcon.colcon_core.package_identification:_identify(src/motor_control_rclcpp) by extension 'colcon_meta'
[0.258s] Level 1:colcon.colcon_core.package_identification:_identify(src/motor_control_rclcpp) by extensions ['ros']
[0.258s] Level 1:colcon.colcon_core.package_identification:_identify(src/motor_control_rclcpp) by extension 'ros'
[0.260s] DEBUG:colcon.colcon_core.package_identification:Package 'src/motor_control_rclcpp' with type 'ros.ament_cmake' and name 'motor_control_rclcpp'
[0.260s] Level 1:colcon.colcon_core.package_identification:_identify(src/motor_control_rclpy) by extensions ['ignore', 'ignore_ament_install']
[0.260s] Level 1:colcon.colcon_core.package_identification:_identify(src/motor_control_rclpy) by extension 'ignore'
[0.260s] Level 1:colcon.colcon_core.package_identification:_identify(src/motor_control_rclpy) by extension 'ignore_ament_install'
[0.260s] Level 1:colcon.colcon_core.package_identification:_identify(src/motor_control_rclpy) by extensions ['colcon_pkg']
[0.260s] Level 1:colcon.colcon_core.package_identification:_identify(src/motor_control_rclpy) by extension 'colcon_pkg'
[0.260s] Level 1:colcon.colcon_core.package_identification:_identify(src/motor_control_rclpy) by extensions ['colcon_meta']
[0.260s] Level 1:colcon.colcon_core.package_identification:_identify(src/motor_control_rclpy) by extension 'colcon_meta'
[0.260s] Level 1:colcon.colcon_core.package_identification:_identify(src/motor_control_rclpy) by extensions ['ros']
[0.260s] Level 1:colcon.colcon_core.package_identification:_identify(src/motor_control_rclpy) by extension 'ros'
[0.261s] DEBUG:colcon.colcon_core.package_identification:Package 'src/motor_control_rclpy' with type 'ros.ament_python' and name 'motor_control_rclpy'
[0.261s] Level 1:colcon.colcon_core.package_discovery:discover_packages(recursive) using defaults
[0.261s] Level 1:colcon.colcon_core.package_discovery:discover_packages(ignore) discover
[0.261s] Level 1:colcon.colcon_core.package_discovery:discover_packages(ignore) using defaults
[0.261s] Level 1:colcon.colcon_core.package_discovery:discover_packages(path) discover
[0.261s] Level 1:colcon.colcon_core.package_discovery:discover_packages(path) using defaults
[0.279s] Level 1:colcon.colcon_core.package_discovery:discover_packages(prefix_path) check parameters
[0.279s] Level 1:colcon.colcon_core.package_discovery:discover_packages(prefix_path) discover
[0.281s] DEBUG:colcon.colcon_installed_package_information.package_discovery:Found 305 installed packages in /opt/ros/humble
[0.282s] Level 1:colcon.colcon_core.package_discovery:discover_packages(prefix_path) using defaults
[0.326s] Level 5:colcon.colcon_core.verb:set package 'motor_control_rclcpp' build argument 'cmake_args' from command line to 'None'
[0.326s] Level 5:colcon.colcon_core.verb:set package 'motor_control_rclcpp' build argument 'cmake_target' from command line to 'None'
[0.326s] Level 5:colcon.colcon_core.verb:set package 'motor_control_rclcpp' build argument 'cmake_target_skip_unavailable' from command line to 'False'
[0.326s] Level 5:colcon.colcon_core.verb:set package 'motor_control_rclcpp' build argument 'cmake_clean_cache' from command line to 'False'
[0.326s] Level 5:colcon.colcon_core.verb:set package 'motor_control_rclcpp' build argument 'cmake_clean_first' from command line to 'False'
[0.326s] Level 5:colcon.colcon_core.verb:set package 'motor_control_rclcpp' build argument 'cmake_force_configure' from command line to 'False'
[0.326s] Level 5:colcon.colcon_core.verb:set package 'motor_control_rclcpp' build argument 'ament_cmake_args' from command line to 'None'
[0.326s] Level 5:colcon.colcon_core.verb:set package 'motor_control_rclcpp' build argument 'catkin_cmake_args' from command line to 'None'
[0.326s] Level 5:colcon.colcon_core.verb:set package 'motor_control_rclcpp' build argument 'catkin_skip_building_tests' from command line to 'False'
[0.326s] DEBUG:colcon.colcon_core.verb:Building package 'motor_control_rclcpp' with the following arguments: {'ament_cmake_args': None, 'build_base': '/home/w0x7ce/Desktop/1_ros/PC_Control/build/motor_control_rclcpp', 'catkin_cmake_args': None, 'catkin_skip_building_tests': False, 'cmake_args': None, 'cmake_clean_cache': False, 'cmake_clean_first': False, 'cmake_force_configure': False, 'cmake_target': None, 'cmake_target_skip_unavailable': False, 'install_base': '/home/w0x7ce/Desktop/1_ros/PC_Control/install/motor_control_rclcpp', 'merge_install': False, 'path': '/home/w0x7ce/Desktop/1_ros/PC_Control/src/motor_control_rclcpp', 'symlink_install': False, 'test_result_base': None}
[0.327s] Level 5:colcon.colcon_core.verb:set package 'motor_control_rclpy' build argument 'cmake_args' from command line to 'None'
[0.327s] Level 5:colcon.colcon_core.verb:set package 'motor_control_rclpy' build argument 'cmake_target' from command line to 'None'
[0.327s] Level 5:colcon.colcon_core.verb:set package 'motor_control_rclpy' build argument 'cmake_target_skip_unavailable' from command line to 'False'
[0.327s] Level 5:colcon.colcon_core.verb:set package 'motor_control_rclpy' build argument 'cmake_clean_cache' from command line to 'False'
[0.327s] Level 5:colcon.colcon_core.verb:set package 'motor_control_rclpy' build argument 'cmake_clean_first' from command line to 'False'
[0.327s] Level 5:colcon.colcon_core.verb:set package 'motor_control_rclpy' build argument 'cmake_force_configure' from command line to 'False'
[0.327s] Level 5:colcon.colcon_core.verb:set package 'motor_control_rclpy' build argument 'ament_cmake_args' from command line to 'None'
[0.327s] Level 5:colcon.colcon_core.verb:set package 'motor_control_rclpy' build argument 'catkin_cmake_args' from command line to 'None'
[0.327s] Level 5:colcon.colcon_core.verb:set package 'motor_control_rclpy' build argument 'catkin_skip_building_tests' from command line to 'False'
[0.327s] DEBUG:colcon.colcon_core.verb:Building package 'motor_control_rclpy' with the following arguments: {'ament_cmake_args': None, 'build_base': '/home/w0x7ce/Desktop/1_ros/PC_Control/build/motor_control_rclpy', 'catkin_cmake_args': None, 'catkin_skip_building_tests': False, 'cmake_args': None, 'cmake_clean_cache': False, 'cmake_clean_first': False, 'cmake_force_configure': False, 'cmake_target': None, 'cmake_target_skip_unavailable': False, 'install_base': '/home/w0x7ce/Desktop/1_ros/PC_Control/install/motor_control_rclpy', 'merge_install': False, 'path': '/home/w0x7ce/Desktop/1_ros/PC_Control/src/motor_control_rclpy', 'symlink_install': False, 'test_result_base': None}
[0.328s] INFO:colcon.colcon_core.executor:Executing jobs using 'parallel' executor
[0.331s] DEBUG:colcon.colcon_parallel_executor.executor.parallel:run_until_complete
[0.331s] INFO:colcon.colcon_ros.task.ament_cmake.build:Building ROS package in '/home/w0x7ce/Desktop/1_ros/PC_Control/src/motor_control_rclcpp' with build type 'ament_cmake'
[0.331s] INFO:colcon.colcon_cmake.task.cmake.build:Building CMake package in '/home/w0x7ce/Desktop/1_ros/PC_Control/src/motor_control_rclcpp'
[0.334s] INFO:colcon.colcon_core.plugin_system:Skipping extension 'colcon_core.shell.bat': Not used on non-Windows systems
[0.334s] INFO:colcon.colcon_core.shell:Skip shell extension 'powershell' for command environment: Not usable outside of PowerShell
[0.334s] DEBUG:colcon.colcon_core.shell:Skip shell extension 'dsv' for command environment
[0.338s] INFO:colcon.colcon_ros.task.ament_python.build:Building ROS package in '/home/w0x7ce/Desktop/1_ros/PC_Control/src/motor_control_rclpy' with build type 'ament_python'
[0.338s] Level 1:colcon.colcon_core.shell:create_environment_hook('motor_control_rclpy', 'ament_prefix_path')
[0.339s] INFO:colcon.colcon_core.shell:Creating environment hook '/home/w0x7ce/Desktop/1_ros/PC_Control/install/motor_control_rclpy/share/motor_control_rclpy/hook/ament_prefix_path.ps1'
[0.340s] INFO:colcon.colcon_core.shell:Creating environment descriptor '/home/w0x7ce/Desktop/1_ros/PC_Control/install/motor_control_rclpy/share/motor_control_rclpy/hook/ament_prefix_path.dsv'
[0.340s] INFO:colcon.colcon_core.shell:Creating environment hook '/home/w0x7ce/Desktop/1_ros/PC_Control/install/motor_control_rclpy/share/motor_control_rclpy/hook/ament_prefix_path.sh'
[0.344s] INFO:colcon.colcon_core.shell:Skip shell extension 'powershell' for command environment: Not usable outside of PowerShell
[0.344s] DEBUG:colcon.colcon_core.shell:Skip shell extension 'dsv' for command environment
[0.351s] DEBUG:colcon.colcon_core.event_handler.log_command:Invoking command in '/home/w0x7ce/Desktop/1_ros/PC_Control/build/motor_control_rclcpp': CMAKE_PREFIX_PATH=/opt/ros/humble /usr/bin/cmake /home/w0x7ce/Desktop/1_ros/PC_Control/src/motor_control_rclcpp -DCMAKE_INSTALL_PREFIX=/home/w0x7ce/Desktop/1_ros/PC_Control/install/motor_control_rclcpp
[0.551s] INFO:colcon.colcon_core.task.python.build:Building Python package in '/home/w0x7ce/Desktop/1_ros/PC_Control/src/motor_control_rclpy'
[0.552s] INFO:colcon.colcon_core.shell:Skip shell extension 'powershell' for command environment: Not usable outside of PowerShell
[0.552s] DEBUG:colcon.colcon_core.shell:Skip shell extension 'dsv' for command environment
[0.831s] DEBUG:colcon.colcon_core.event_handler.log_command:Invoking command in '/home/w0x7ce/Desktop/1_ros/PC_Control/src/motor_control_rclpy': PYTHONPATH=/home/w0x7ce/Desktop/1_ros/PC_Control/build/motor_control_rclpy/prefix_override:/home/w0x7ce/Desktop/1_ros/PC_Control/install/motor_control_rclpy/lib/python3.10/site-packages:${PYTHONPATH} /usr/bin/python3 setup.py egg_info --egg-base ../../build/motor_control_rclpy build --build-base /home/w0x7ce/Desktop/1_ros/PC_Control/build/motor_control_rclpy/build install --record /home/w0x7ce/Desktop/1_ros/PC_Control/build/motor_control_rclpy/install.log --single-version-externally-managed
[1.095s] DEBUG:colcon.colcon_core.event_handler.log_command:Invoked command in '/home/w0x7ce/Desktop/1_ros/PC_Control/src/motor_control_rclpy' returned '0': PYTHONPATH=/home/w0x7ce/Desktop/1_ros/PC_Control/build/motor_control_rclpy/prefix_override:/home/w0x7ce/Desktop/1_ros/PC_Control/install/motor_control_rclpy/lib/python3.10/site-packages:${PYTHONPATH} /usr/bin/python3 setup.py egg_info --egg-base ../../build/motor_control_rclpy build --build-base /home/w0x7ce/Desktop/1_ros/PC_Control/build/motor_control_rclpy/build install --record /home/w0x7ce/Desktop/1_ros/PC_Control/build/motor_control_rclpy/install.log --single-version-externally-managed
[1.100s] Level 1:colcon.colcon_core.environment:checking '/home/w0x7ce/Desktop/1_ros/PC_Control/install/motor_control_rclpy' for CMake module files
[1.100s] Level 1:colcon.colcon_core.environment:checking '/home/w0x7ce/Desktop/1_ros/PC_Control/install/motor_control_rclpy' for CMake config files
[1.101s] Level 1:colcon.colcon_core.environment:checking '/home/w0x7ce/Desktop/1_ros/PC_Control/install/motor_control_rclpy/lib'
[1.101s] Level 1:colcon.colcon_core.environment:checking '/home/w0x7ce/Desktop/1_ros/PC_Control/install/motor_control_rclpy/bin'
[1.101s] Level 1:colcon.colcon_core.environment:checking '/home/w0x7ce/Desktop/1_ros/PC_Control/install/motor_control_rclpy/lib/pkgconfig/motor_control_rclpy.pc'
[1.101s] Level 1:colcon.colcon_core.environment:checking '/home/w0x7ce/Desktop/1_ros/PC_Control/install/motor_control_rclpy/lib/python3.10/site-packages'
[1.102s] Level 1:colcon.colcon_core.shell:create_environment_hook('motor_control_rclpy', 'pythonpath')
[1.103s] INFO:colcon.colcon_core.shell:Creating environment hook '/home/w0x7ce/Desktop/1_ros/PC_Control/install/motor_control_rclpy/share/motor_control_rclpy/hook/pythonpath.ps1'
[1.103s] INFO:colcon.colcon_core.shell:Creating environment descriptor '/home/w0x7ce/Desktop/1_ros/PC_Control/install/motor_control_rclpy/share/motor_control_rclpy/hook/pythonpath.dsv'
[1.103s] INFO:colcon.colcon_core.shell:Creating environment hook '/home/w0x7ce/Desktop/1_ros/PC_Control/install/motor_control_rclpy/share/motor_control_rclpy/hook/pythonpath.sh'
[1.103s] Level 1:colcon.colcon_core.environment:checking '/home/w0x7ce/Desktop/1_ros/PC_Control/install/motor_control_rclpy/bin'
[1.104s] Level 1:colcon.colcon_core.environment:create_environment_scripts_only(motor_control_rclpy)
[1.105s] INFO:colcon.colcon_core.shell:Creating package script '/home/w0x7ce/Desktop/1_ros/PC_Control/install/motor_control_rclpy/share/motor_control_rclpy/package.ps1'
[1.105s] INFO:colcon.colcon_core.shell:Creating package descriptor '/home/w0x7ce/Desktop/1_ros/PC_Control/install/motor_control_rclpy/share/motor_control_rclpy/package.dsv'
[1.106s] INFO:colcon.colcon_core.shell:Creating package script '/home/w0x7ce/Desktop/1_ros/PC_Control/install/motor_control_rclpy/share/motor_control_rclpy/package.sh'
[1.106s] INFO:colcon.colcon_core.shell:Creating package script '/home/w0x7ce/Desktop/1_ros/PC_Control/install/motor_control_rclpy/share/motor_control_rclpy/package.bash'
[1.107s] INFO:colcon.colcon_core.shell:Creating package script '/home/w0x7ce/Desktop/1_ros/PC_Control/install/motor_control_rclpy/share/motor_control_rclpy/package.zsh'
[1.107s] Level 1:colcon.colcon_core.environment:create_file_with_runtime_dependencies(/home/w0x7ce/Desktop/1_ros/PC_Control/install/motor_control_rclpy/share/colcon-core/packages/motor_control_rclpy)
[1.396s] DEBUG:colcon.colcon_core.event_handler.log_command:Invoked command in '/home/w0x7ce/Desktop/1_ros/PC_Control/build/motor_control_rclcpp' returned '0': CMAKE_PREFIX_PATH=/opt/ros/humble /usr/bin/cmake /home/w0x7ce/Desktop/1_ros/PC_Control/src/motor_control_rclcpp -DCMAKE_INSTALL_PREFIX=/home/w0x7ce/Desktop/1_ros/PC_Control/install/motor_control_rclcpp
[1.396s] DEBUG:colcon.colcon_core.event_handler.log_command:Invoking command in '/home/w0x7ce/Desktop/1_ros/PC_Control/build/motor_control_rclcpp': CMAKE_PREFIX_PATH=/opt/ros/humble /usr/bin/cmake --build /home/w0x7ce/Desktop/1_ros/PC_Control/build/motor_control_rclcpp -- -j2 -l2
[12.154s] DEBUG:colcon.colcon_core.event_handler.log_command:Invoked command in '/home/w0x7ce/Desktop/1_ros/PC_Control/build/motor_control_rclcpp' returned '0': CMAKE_PREFIX_PATH=/opt/ros/humble /usr/bin/cmake --build /home/w0x7ce/Desktop/1_ros/PC_Control/build/motor_control_rclcpp -- -j2 -l2
[12.188s] DEBUG:colcon.colcon_core.event_handler.log_command:Invoking command in '/home/w0x7ce/Desktop/1_ros/PC_Control/build/motor_control_rclcpp': CMAKE_PREFIX_PATH=/opt/ros/humble /usr/bin/cmake --install /home/w0x7ce/Desktop/1_ros/PC_Control/build/motor_control_rclcpp
[12.205s] Level 1:colcon.colcon_core.environment:create_environment_scripts_only(motor_control_rclcpp)
[12.207s] Level 1:colcon.colcon_core.environment:checking '/home/w0x7ce/Desktop/1_ros/PC_Control/install/motor_control_rclcpp' for CMake module files
[12.208s] Level 1:colcon.colcon_core.environment:checking '/home/w0x7ce/Desktop/1_ros/PC_Control/install/motor_control_rclcpp' for CMake config files
[12.208s] Level 1:colcon.colcon_core.shell:create_environment_hook('motor_control_rclcpp', 'cmake_prefix_path')
[12.209s] INFO:colcon.colcon_core.shell:Creating environment hook '/home/w0x7ce/Desktop/1_ros/PC_Control/install/motor_control_rclcpp/share/motor_control_rclcpp/hook/cmake_prefix_path.ps1'
[12.210s] DEBUG:colcon.colcon_core.event_handler.log_command:Invoked command in '/home/w0x7ce/Desktop/1_ros/PC_Control/build/motor_control_rclcpp' returned '0': CMAKE_PREFIX_PATH=/opt/ros/humble /usr/bin/cmake --install /home/w0x7ce/Desktop/1_ros/PC_Control/build/motor_control_rclcpp
[12.210s] INFO:colcon.colcon_core.shell:Creating environment descriptor '/home/w0x7ce/Desktop/1_ros/PC_Control/install/motor_control_rclcpp/share/motor_control_rclcpp/hook/cmake_prefix_path.dsv'
[12.210s] INFO:colcon.colcon_core.shell:Creating environment hook '/home/w0x7ce/Desktop/1_ros/PC_Control/install/motor_control_rclcpp/share/motor_control_rclcpp/hook/cmake_prefix_path.sh'
[12.210s] Level 1:colcon.colcon_core.environment:checking '/home/w0x7ce/Desktop/1_ros/PC_Control/install/motor_control_rclcpp/lib'
[12.210s] Level 1:colcon.colcon_core.environment:checking '/home/w0x7ce/Desktop/1_ros/PC_Control/install/motor_control_rclcpp/bin'
[12.211s] Level 1:colcon.colcon_core.environment:checking '/home/w0x7ce/Desktop/1_ros/PC_Control/install/motor_control_rclcpp/lib/pkgconfig/motor_control_rclcpp.pc'
[12.211s] Level 1:colcon.colcon_core.environment:checking '/home/w0x7ce/Desktop/1_ros/PC_Control/install/motor_control_rclcpp/lib/python3.10/site-packages'
[12.211s] Level 1:colcon.colcon_core.environment:checking '/home/w0x7ce/Desktop/1_ros/PC_Control/install/motor_control_rclcpp/bin'
[12.212s] INFO:colcon.colcon_core.shell:Creating package script '/home/w0x7ce/Desktop/1_ros/PC_Control/install/motor_control_rclcpp/share/motor_control_rclcpp/package.ps1'
[12.212s] INFO:colcon.colcon_core.shell:Creating package descriptor '/home/w0x7ce/Desktop/1_ros/PC_Control/install/motor_control_rclcpp/share/motor_control_rclcpp/package.dsv'
[12.213s] INFO:colcon.colcon_core.shell:Creating package script '/home/w0x7ce/Desktop/1_ros/PC_Control/install/motor_control_rclcpp/share/motor_control_rclcpp/package.sh'
[12.213s] INFO:colcon.colcon_core.shell:Creating package script '/home/w0x7ce/Desktop/1_ros/PC_Control/install/motor_control_rclcpp/share/motor_control_rclcpp/package.bash'
[12.213s] INFO:colcon.colcon_core.shell:Creating package script '/home/w0x7ce/Desktop/1_ros/PC_Control/install/motor_control_rclcpp/share/motor_control_rclcpp/package.zsh'
[12.214s] Level 1:colcon.colcon_core.environment:create_file_with_runtime_dependencies(/home/w0x7ce/Desktop/1_ros/PC_Control/install/motor_control_rclcpp/share/colcon-core/packages/motor_control_rclcpp)
[12.239s] Level 1:colcon.colcon_core.environment:create_environment_scripts_only(motor_control_rclcpp)
[12.241s] Level 1:colcon.colcon_core.environment:checking '/home/w0x7ce/Desktop/1_ros/PC_Control/install/motor_control_rclcpp' for CMake module files
[12.241s] Level 1:colcon.colcon_core.environment:checking '/home/w0x7ce/Desktop/1_ros/PC_Control/install/motor_control_rclcpp' for CMake config files
[12.241s] Level 1:colcon.colcon_core.shell:create_environment_hook('motor_control_rclcpp', 'cmake_prefix_path')
[12.242s] INFO:colcon.colcon_core.shell:Creating environment hook '/home/w0x7ce/Desktop/1_ros/PC_Control/install/motor_control_rclcpp/share/motor_control_rclcpp/hook/cmake_prefix_path.ps1'
[12.243s] INFO:colcon.colcon_core.shell:Creating environment descriptor '/home/w0x7ce/Desktop/1_ros/PC_Control/install/motor_control_rclcpp/share/motor_control_rclcpp/hook/cmake_prefix_path.dsv'
[12.243s] INFO:colcon.colcon_core.shell:Creating environment hook '/home/w0x7ce/Desktop/1_ros/PC_Control/install/motor_control_rclcpp/share/motor_control_rclcpp/hook/cmake_prefix_path.sh'
[12.244s] Level 1:colcon.colcon_core.environment:checking '/home/w0x7ce/Desktop/1_ros/PC_Control/install/motor_control_rclcpp/lib'
[12.244s] Level 1:colcon.colcon_core.environment:checking '/home/w0x7ce/Desktop/1_ros/PC_Control/install/motor_control_rclcpp/bin'
[12.244s] Level 1:colcon.colcon_core.environment:checking '/home/w0x7ce/Desktop/1_ros/PC_Control/install/motor_control_rclcpp/lib/pkgconfig/motor_control_rclcpp.pc'
[12.244s] Level 1:colcon.colcon_core.environment:checking '/home/w0x7ce/Desktop/1_ros/PC_Control/install/motor_control_rclcpp/lib/python3.10/site-packages'
[12.244s] Level 1:colcon.colcon_core.environment:checking '/home/w0x7ce/Desktop/1_ros/PC_Control/install/motor_control_rclcpp/bin'
[12.245s] INFO:colcon.colcon_core.shell:Creating package script '/home/w0x7ce/Desktop/1_ros/PC_Control/install/motor_control_rclcpp/share/motor_control_rclcpp/package.ps1'
[12.245s] INFO:colcon.colcon_core.shell:Creating package descriptor '/home/w0x7ce/Desktop/1_ros/PC_Control/install/motor_control_rclcpp/share/motor_control_rclcpp/package.dsv'
[12.246s] INFO:colcon.colcon_core.shell:Creating package script '/home/w0x7ce/Desktop/1_ros/PC_Control/install/motor_control_rclcpp/share/motor_control_rclcpp/package.sh'
[12.246s] INFO:colcon.colcon_core.shell:Creating package script '/home/w0x7ce/Desktop/1_ros/PC_Control/install/motor_control_rclcpp/share/motor_control_rclcpp/package.bash'
[12.246s] INFO:colcon.colcon_core.shell:Creating package script '/home/w0x7ce/Desktop/1_ros/PC_Control/install/motor_control_rclcpp/share/motor_control_rclcpp/package.zsh'
[12.247s] Level 1:colcon.colcon_core.environment:create_file_with_runtime_dependencies(/home/w0x7ce/Desktop/1_ros/PC_Control/install/motor_control_rclcpp/share/colcon-core/packages/motor_control_rclcpp)
[12.247s] DEBUG:colcon.colcon_parallel_executor.executor.parallel:closing loop
[12.247s] DEBUG:colcon.colcon_parallel_executor.executor.parallel:loop closed
[12.247s] DEBUG:colcon.colcon_parallel_executor.executor.parallel:run_until_complete finished with '0'
[12.247s] DEBUG:colcon.colcon_core.event_reactor:joining thread
[12.253s] INFO:colcon.colcon_core.plugin_system:Skipping extension 'colcon_notification.desktop_notification.terminal_notifier': Not used on non-Darwin systems
[12.253s] INFO:colcon.colcon_core.plugin_system:Skipping extension 'colcon_notification.desktop_notification.win32': Not used on non-Windows systems
[12.253s] INFO:colcon.colcon_notification.desktop_notification:Sending desktop notification using 'notify2'
[12.267s] DEBUG:colcon.colcon_core.event_reactor:joined thread
[12.269s] INFO:colcon.colcon_core.shell:Creating prefix script '/home/w0x7ce/Desktop/1_ros/PC_Control/install/local_setup.ps1'
[12.270s] INFO:colcon.colcon_core.shell:Creating prefix util module '/home/w0x7ce/Desktop/1_ros/PC_Control/install/_local_setup_util_ps1.py'
[12.271s] INFO:colcon.colcon_core.shell:Creating prefix chain script '/home/w0x7ce/Desktop/1_ros/PC_Control/install/setup.ps1'
[12.272s] INFO:colcon.colcon_core.shell:Creating prefix script '/home/w0x7ce/Desktop/1_ros/PC_Control/install/local_setup.sh'
[12.273s] INFO:colcon.colcon_core.shell:Creating prefix util module '/home/w0x7ce/Desktop/1_ros/PC_Control/install/_local_setup_util_sh.py'
[12.273s] INFO:colcon.colcon_core.shell:Creating prefix chain script '/home/w0x7ce/Desktop/1_ros/PC_Control/install/setup.sh'
[12.275s] INFO:colcon.colcon_core.shell:Creating prefix script '/home/w0x7ce/Desktop/1_ros/PC_Control/install/local_setup.bash'
[12.275s] INFO:colcon.colcon_core.shell:Creating prefix chain script '/home/w0x7ce/Desktop/1_ros/PC_Control/install/setup.bash'
[12.276s] INFO:colcon.colcon_core.shell:Creating prefix script '/home/w0x7ce/Desktop/1_ros/PC_Control/install/local_setup.zsh'
[12.276s] INFO:colcon.colcon_core.shell:Creating prefix chain script '/home/w0x7ce/Desktop/1_ros/PC_Control/install/setup.zsh'
