Compiling the C compiler identification source file "CMakeCCompilerId.c" failed.
Compiler: /usr/bin/gcc 
Build flags: ;-mcpu=cortex-m0plus;-mthumb
Id flags:  

The output was:
1
gcc: warning: ‘-mcpu=’ is deprecated; use ‘-mtune=’ or ‘-march=’ instead
gcc: error: unrecognized command-line option ‘-mthumb’


Compiling the C compiler identification source file "CMakeCCompilerId.c" failed.
Compiler: /usr/bin/gcc 
Build flags: ;-mcpu=cortex-m0plus;-mthumb
Id flags: -c 

The output was:
1
gcc: warning: ‘-mcpu=’ is deprecated; use ‘-mtune=’ or ‘-march=’ instead
gcc: error: unrecognized command-line option ‘-mthumb’


Compiling the C compiler identification source file "CMakeCCompilerId.c" failed.
Compiler: /usr/bin/gcc 
Build flags: ;-mcpu=cortex-m0plus;-mthumb
Id flags: -Aa 

The output was:
1
gcc: warning: ‘-mcpu=’ is deprecated; use ‘-mtune=’ or ‘-march=’ instead
gcc: error: unrecognized command-line option ‘-mthumb’


Compiling the C compiler identification source file "CMakeCCompilerId.c" failed.
Compiler: /usr/bin/gcc 
Build flags: ;-mcpu=cortex-m0plus;-mthumb
Id flags: -D__CLASSIC_C__ 

The output was:
1
gcc: warning: ‘-mcpu=’ is deprecated; use ‘-mtune=’ or ‘-march=’ instead
gcc: error: unrecognized command-line option ‘-mthumb’


Compiling the C compiler identification source file "CMakeCCompilerId.c" failed.
Compiler: /usr/bin/gcc 
Build flags: ;-mcpu=cortex-m0plus;-mthumb
Id flags: --target=arm-arm-none-eabi;-mcpu=cortex-m3 

The output was:
1
gcc: warning: ‘-mcpu=’ is deprecated; use ‘-mtune=’ or ‘-march=’ instead
gcc: error: unrecognized command-line option ‘-mthumb’
gcc: error: unrecognized command-line option ‘--target=arm-arm-none-eabi’


Compiling the C compiler identification source file "CMakeCCompilerId.c" failed.
Compiler: /usr/bin/gcc 
Build flags: ;-mcpu=cortex-m0plus;-mthumb
Id flags: -c;-I__does_not_exist__ 

The output was:
1
gcc: warning: ‘-mcpu=’ is deprecated; use ‘-mtune=’ or ‘-march=’ instead
gcc: error: unrecognized command-line option ‘-mthumb’


Compiling the CXX compiler identification source file "CMakeCXXCompilerId.cpp" failed.
Compiler: /usr/bin/g++ 
Build flags: ;-mcpu=cortex-m0plus;-mthumb
Id flags:  

The output was:
1
g++: warning: ‘-mcpu=’ is deprecated; use ‘-mtune=’ or ‘-march=’ instead
g++: error: unrecognized command-line option ‘-mthumb’


Compiling the CXX compiler identification source file "CMakeCXXCompilerId.cpp" failed.
Compiler: /usr/bin/g++ 
Build flags: ;-mcpu=cortex-m0plus;-mthumb
Id flags: -c 

The output was:
1
g++: warning: ‘-mcpu=’ is deprecated; use ‘-mtune=’ or ‘-march=’ instead
g++: error: unrecognized command-line option ‘-mthumb’


Compiling the CXX compiler identification source file "CMakeCXXCompilerId.cpp" failed.
Compiler: /usr/bin/g++ 
Build flags: ;-mcpu=cortex-m0plus;-mthumb
Id flags: --c++ 

The output was:
1
g++: warning: ‘-mcpu=’ is deprecated; use ‘-mtune=’ or ‘-march=’ instead
g++: error: unrecognized command-line option ‘-mthumb’
g++: error: unrecognized command-line option ‘--c++’


Compiling the CXX compiler identification source file "CMakeCXXCompilerId.cpp" failed.
Compiler: /usr/bin/g++ 
Build flags: ;-mcpu=cortex-m0plus;-mthumb
Id flags: --ec++ 

The output was:
1
g++: warning: ‘-mcpu=’ is deprecated; use ‘-mtune=’ or ‘-march=’ instead
g++: error: unrecognized command-line option ‘-mthumb’
g++: error: unrecognized command-line option ‘--ec++’; did you mean ‘-Weffc++’?


Compiling the CXX compiler identification source file "CMakeCXXCompilerId.cpp" failed.
Compiler: /usr/bin/g++ 
Build flags: ;-mcpu=cortex-m0plus;-mthumb
Id flags: --target=arm-arm-none-eabi;-mcpu=cortex-m3 

The output was:
1
g++: warning: ‘-mcpu=’ is deprecated; use ‘-mtune=’ or ‘-march=’ instead
g++: error: unrecognized command-line option ‘-mthumb’
g++: error: unrecognized command-line option ‘--target=arm-arm-none-eabi’


Compiling the CXX compiler identification source file "CMakeCXXCompilerId.cpp" failed.
Compiler: /usr/bin/g++ 
Build flags: ;-mcpu=cortex-m0plus;-mthumb
Id flags: -c;-I__does_not_exist__ 

The output was:
1
g++: warning: ‘-mcpu=’ is deprecated; use ‘-mtune=’ or ‘-march=’ instead
g++: error: unrecognized command-line option ‘-mthumb’


Detecting C compiler ABI info failed to compile with the following output:
Change Dir: /var/www/html/OO/build/CMakeFiles/CMakeTmp

Run Build Command(s):/usr/bin/gmake -f Makefile cmTC_e74ab/fast && /usr/bin/gmake  -f CMakeFiles/cmTC_e74ab.dir/build.make CMakeFiles/cmTC_e74ab.dir/build
gmake[1]: Entering directory '/var/www/html/OO/build/CMakeFiles/CMakeTmp'
Building C object CMakeFiles/cmTC_e74ab.dir/CMakeCCompilerABI.c.obj
/usr/bin/gcc   -mcpu=cortex-m0plus -mthumb    -v -o CMakeFiles/cmTC_e74ab.dir/CMakeCCompilerABI.c.obj -c /usr/share/cmake-3.22/Modules/CMakeCCompilerABI.c
gcc: warning: '-mcpu=' is deprecated; use '-mtune=' or '-march=' instead
Using built-in specs.
COLLECT_GCC=/usr/bin/gcc
OFFLOAD_TARGET_NAMES=nvptx-none:amdgcn-amdhsa
OFFLOAD_TARGET_DEFAULT=1
gcc: error: unrecognized command-line option '-mthumb'
Target: x86_64-linux-gnu
Configured with: ../src/configure -v --with-pkgversion='Ubuntu 11.3.0-1ubuntu1~22.04' --with-bugurl=file:///usr/share/doc/gcc-11/README.Bugs --enable-languages=c,ada,c++,go,brig,d,fortran,objc,obj-c++,m2 --prefix=/usr --with-gcc-major-version-only --program-suffix=-11 --program-prefix=x86_64-linux-gnu- --enable-shared --enable-linker-build-id --libexecdir=/usr/lib --without-included-gettext --enable-threads=posix --libdir=/usr/lib --enable-nls --enable-bootstrap --enable-clocale=gnu --enable-libstdcxx-debug --enable-libstdcxx-time=yes --with-default-libstdcxx-abi=new --enable-gnu-unique-object --disable-vtable-verify --enable-plugin --enable-default-pie --with-system-zlib --enable-libphobos-checking=release --with-target-system-zlib=auto --enable-objc-gc=auto --enable-multiarch --disable-werror --enable-cet --with-arch-32=i686 --with-abi=m64 --with-multilib-list=m32,m64,mx32 --enable-multilib --with-tune=generic --enable-offload-targets=nvptx-none=/build/gcc-11-xKiWfi/gcc-11-11.3.0/debian/tmp-nvptx/usr,amdgcn-amdhsa=/build/gcc-11-xKiWfi/gcc-11-11.3.0/debian/tmp-gcn/usr --without-cuda-driver --enable-checking=release --build=x86_64-linux-gnu --host=x86_64-linux-gnu --target=x86_64-linux-gnu --with-build-config=bootstrap-lto-lean --enable-link-serialization=2
Thread model: posix
Supported LTO compression algorithms: zlib zstd
gcc version 11.3.0 (Ubuntu 11.3.0-1ubuntu1~22.04) 
gmake[1]: *** [CMakeFiles/cmTC_e74ab.dir/build.make:78: CMakeFiles/cmTC_e74ab.dir/CMakeCCompilerABI.c.obj] Error 1
gmake[1]: Leaving directory '/var/www/html/OO/build/CMakeFiles/CMakeTmp'
gmake: *** [Makefile:127: cmTC_e74ab/fast] Error 2




Determining if the C compiler works failed with the following output:
Change Dir: /var/www/html/OO/build/CMakeFiles/CMakeTmp

Run Build Command(s):/usr/bin/gmake -f Makefile cmTC_719d1/fast && /usr/bin/gmake  -f CMakeFiles/cmTC_719d1.dir/build.make CMakeFiles/cmTC_719d1.dir/build
gmake[1]: Entering directory '/var/www/html/OO/build/CMakeFiles/CMakeTmp'
Building C object CMakeFiles/cmTC_719d1.dir/testCCompiler.c.obj
/usr/bin/gcc   -mcpu=cortex-m0plus -mthumb  -o CMakeFiles/cmTC_719d1.dir/testCCompiler.c.obj -c /var/www/html/OO/build/CMakeFiles/CMakeTmp/testCCompiler.c
gcc: warning: ‘-mcpu=’ is deprecated; use ‘-mtune=’ or ‘-march=’ instead
gcc: error: unrecognized command-line option ‘-mthumb’
gmake[1]: *** [CMakeFiles/cmTC_719d1.dir/build.make:78: CMakeFiles/cmTC_719d1.dir/testCCompiler.c.obj] Error 1
gmake[1]: Leaving directory '/var/www/html/OO/build/CMakeFiles/CMakeTmp'
gmake: *** [Makefile:127: cmTC_719d1/fast] Error 2



Compiling the C compiler identification source file "CMakeCCompilerId.c" failed.
Compiler: /usr/bin/gcc 
Build flags: -mcpu=cortex-m0plus;-mthumb
Id flags:  

The output was:
1
gcc: warning: ‘-mcpu=’ is deprecated; use ‘-mtune=’ or ‘-march=’ instead
gcc: error: unrecognized command-line option ‘-mthumb’


Compiling the C compiler identification source file "CMakeCCompilerId.c" failed.
Compiler: /usr/bin/gcc 
Build flags: -mcpu=cortex-m0plus;-mthumb
Id flags: -c 

The output was:
1
gcc: warning: ‘-mcpu=’ is deprecated; use ‘-mtune=’ or ‘-march=’ instead
gcc: error: unrecognized command-line option ‘-mthumb’


Compiling the C compiler identification source file "CMakeCCompilerId.c" failed.
Compiler: /usr/bin/gcc 
Build flags: -mcpu=cortex-m0plus;-mthumb
Id flags: -Aa 

The output was:
1
gcc: warning: ‘-mcpu=’ is deprecated; use ‘-mtune=’ or ‘-march=’ instead
gcc: error: unrecognized command-line option ‘-mthumb’


Compiling the C compiler identification source file "CMakeCCompilerId.c" failed.
Compiler: /usr/bin/gcc 
Build flags: -mcpu=cortex-m0plus;-mthumb
Id flags: -D__CLASSIC_C__ 

The output was:
1
gcc: warning: ‘-mcpu=’ is deprecated; use ‘-mtune=’ or ‘-march=’ instead
gcc: error: unrecognized command-line option ‘-mthumb’


Compiling the C compiler identification source file "CMakeCCompilerId.c" failed.
Compiler: /usr/bin/gcc 
Build flags: -mcpu=cortex-m0plus;-mthumb
Id flags: --target=arm-arm-none-eabi;-mcpu=cortex-m3 

The output was:
1
gcc: warning: ‘-mcpu=’ is deprecated; use ‘-mtune=’ or ‘-march=’ instead
gcc: error: unrecognized command-line option ‘-mthumb’
gcc: error: unrecognized command-line option ‘--target=arm-arm-none-eabi’


Compiling the C compiler identification source file "CMakeCCompilerId.c" failed.
Compiler: /usr/bin/gcc 
Build flags: -mcpu=cortex-m0plus;-mthumb
Id flags: -c;-I__does_not_exist__ 

The output was:
1
gcc: warning: ‘-mcpu=’ is deprecated; use ‘-mtune=’ or ‘-march=’ instead
gcc: error: unrecognized command-line option ‘-mthumb’


Compiling the CXX compiler identification source file "CMakeCXXCompilerId.cpp" failed.
Compiler: /usr/bin/g++ 
Build flags: ;-mcpu=cortex-m0plus;-mthumb
Id flags:  

The output was:
1
g++: warning: ‘-mcpu=’ is deprecated; use ‘-mtune=’ or ‘-march=’ instead
g++: error: unrecognized command-line option ‘-mthumb’


Compiling the CXX compiler identification source file "CMakeCXXCompilerId.cpp" failed.
Compiler: /usr/bin/g++ 
Build flags: ;-mcpu=cortex-m0plus;-mthumb
Id flags: -c 

The output was:
1
g++: warning: ‘-mcpu=’ is deprecated; use ‘-mtune=’ or ‘-march=’ instead
g++: error: unrecognized command-line option ‘-mthumb’


Compiling the CXX compiler identification source file "CMakeCXXCompilerId.cpp" failed.
Compiler: /usr/bin/g++ 
Build flags: ;-mcpu=cortex-m0plus;-mthumb
Id flags: --c++ 

The output was:
1
g++: warning: ‘-mcpu=’ is deprecated; use ‘-mtune=’ or ‘-march=’ instead
g++: error: unrecognized command-line option ‘-mthumb’
g++: error: unrecognized command-line option ‘--c++’


Compiling the CXX compiler identification source file "CMakeCXXCompilerId.cpp" failed.
Compiler: /usr/bin/g++ 
Build flags: ;-mcpu=cortex-m0plus;-mthumb
Id flags: --ec++ 

The output was:
1
g++: warning: ‘-mcpu=’ is deprecated; use ‘-mtune=’ or ‘-march=’ instead
g++: error: unrecognized command-line option ‘-mthumb’
g++: error: unrecognized command-line option ‘--ec++’; did you mean ‘-Weffc++’?


Compiling the CXX compiler identification source file "CMakeCXXCompilerId.cpp" failed.
Compiler: /usr/bin/g++ 
Build flags: ;-mcpu=cortex-m0plus;-mthumb
Id flags: --target=arm-arm-none-eabi;-mcpu=cortex-m3 

The output was:
1
g++: warning: ‘-mcpu=’ is deprecated; use ‘-mtune=’ or ‘-march=’ instead
g++: error: unrecognized command-line option ‘-mthumb’
g++: error: unrecognized command-line option ‘--target=arm-arm-none-eabi’


Compiling the CXX compiler identification source file "CMakeCXXCompilerId.cpp" failed.
Compiler: /usr/bin/g++ 
Build flags: ;-mcpu=cortex-m0plus;-mthumb
Id flags: -c;-I__does_not_exist__ 

The output was:
1
g++: warning: ‘-mcpu=’ is deprecated; use ‘-mtune=’ or ‘-march=’ instead
g++: error: unrecognized command-line option ‘-mthumb’


Detecting C compiler ABI info failed to compile with the following output:
Change Dir: /var/www/html/OO/build/CMakeFiles/CMakeTmp

Run Build Command(s):/usr/bin/gmake -f Makefile cmTC_cc719/fast && /usr/bin/gmake  -f CMakeFiles/cmTC_cc719.dir/build.make CMakeFiles/cmTC_cc719.dir/build
gmake[1]: Entering directory '/var/www/html/OO/build/CMakeFiles/CMakeTmp'
Building C object CMakeFiles/cmTC_cc719.dir/CMakeCCompilerABI.c.obj
/usr/bin/gcc   -mcpu=cortex-m0plus -mthumb    -v -o CMakeFiles/cmTC_cc719.dir/CMakeCCompilerABI.c.obj -c /usr/share/cmake-3.22/Modules/CMakeCCompilerABI.c
gcc: warning: '-mcpu=' is deprecated; use '-mtune=' or '-march=' instead
Using built-in specs.
COLLECT_GCC=/usr/bin/gcc
OFFLOAD_TARGET_NAMES=nvptx-none:amdgcn-amdhsa
OFFLOAD_TARGET_DEFAULT=1
gcc: error: unrecognized command-line option '-mthumb'
Target: x86_64-linux-gnu
Configured with: ../src/configure -v --with-pkgversion='Ubuntu 11.3.0-1ubuntu1~22.04' --with-bugurl=file:///usr/share/doc/gcc-11/README.Bugs --enable-languages=c,ada,c++,go,brig,d,fortran,objc,obj-c++,m2 --prefix=/usr --with-gcc-major-version-only --program-suffix=-11 --program-prefix=x86_64-linux-gnu- --enable-shared --enable-linker-build-id --libexecdir=/usr/lib --without-included-gettext --enable-threads=posix --libdir=/usr/lib --enable-nls --enable-bootstrap --enable-clocale=gnu --enable-libstdcxx-debug --enable-libstdcxx-time=yes --with-default-libstdcxx-abi=new --enable-gnu-unique-object --disable-vtable-verify --enable-plugin --enable-default-pie --with-system-zlib --enable-libphobos-checking=release --with-target-system-zlib=auto --enable-objc-gc=auto --enable-multiarch --disable-werror --enable-cet --with-arch-32=i686 --with-abi=m64 --with-multilib-list=m32,m64,mx32 --enable-multilib --with-tune=generic --enable-offload-targets=nvptx-none=/build/gcc-11-xKiWfi/gcc-11-11.3.0/debian/tmp-nvptx/usr,amdgcn-amdhsa=/build/gcc-11-xKiWfi/gcc-11-11.3.0/debian/tmp-gcn/usr --without-cuda-driver --enable-checking=release --build=x86_64-linux-gnu --host=x86_64-linux-gnu --target=x86_64-linux-gnu --with-build-config=bootstrap-lto-lean --enable-link-serialization=2
Thread model: posix
Supported LTO compression algorithms: zlib zstd
gcc version 11.3.0 (Ubuntu 11.3.0-1ubuntu1~22.04) 
gmake[1]: *** [CMakeFiles/cmTC_cc719.dir/build.make:78: CMakeFiles/cmTC_cc719.dir/CMakeCCompilerABI.c.obj] Error 1
gmake[1]: Leaving directory '/var/www/html/OO/build/CMakeFiles/CMakeTmp'
gmake: *** [Makefile:127: cmTC_cc719/fast] Error 2




Determining if the C compiler works failed with the following output:
Change Dir: /var/www/html/OO/build/CMakeFiles/CMakeTmp

Run Build Command(s):/usr/bin/gmake -f Makefile cmTC_80206/fast && /usr/bin/gmake  -f CMakeFiles/cmTC_80206.dir/build.make CMakeFiles/cmTC_80206.dir/build
gmake[1]: Entering directory '/var/www/html/OO/build/CMakeFiles/CMakeTmp'
Building C object CMakeFiles/cmTC_80206.dir/testCCompiler.c.obj
/usr/bin/gcc   -mcpu=cortex-m0plus -mthumb  -o CMakeFiles/cmTC_80206.dir/testCCompiler.c.obj -c /var/www/html/OO/build/CMakeFiles/CMakeTmp/testCCompiler.c
gcc: warning: ‘-mcpu=’ is deprecated; use ‘-mtune=’ or ‘-march=’ instead
gcc: error: unrecognized command-line option ‘-mthumb’
gmake[1]: *** [CMakeFiles/cmTC_80206.dir/build.make:78: CMakeFiles/cmTC_80206.dir/testCCompiler.c.obj] Error 1
gmake[1]: Leaving directory '/var/www/html/OO/build/CMakeFiles/CMakeTmp'
gmake: *** [Makefile:127: cmTC_80206/fast] Error 2



