running egg_info
writing ../../build/example_topic_rclpy/example_topic_rclpy.egg-info/PKG-INFO
writing dependency_links to ../../build/example_topic_rclpy/example_topic_rclpy.egg-info/dependency_links.txt
writing entry points to ../../build/example_topic_rclpy/example_topic_rclpy.egg-info/entry_points.txt
writing requirements to ../../build/example_topic_rclpy/example_topic_rclpy.egg-info/requires.txt
writing top-level names to ../../build/example_topic_rclpy/example_topic_rclpy.egg-info/top_level.txt
reading manifest file '../../build/example_topic_rclpy/example_topic_rclpy.egg-info/SOURCES.txt'
writing manifest file '../../build/example_topic_rclpy/example_topic_rclpy.egg-info/SOURCES.txt'
running build
running build_py
copying example_topic_rclpy/change_speed.py -> /home/w0x7ce/Desktop/AMAKE/A/PC_Control/build/example_topic_rclpy/build/lib/example_topic_rclpy
running install
/usr/lib/python3/dist-packages/setuptools/command/install.py:34: SetuptoolsDeprecationWarning: setup.py install is deprecated. Use build and pip and other standards-based tools.
  warnings.warn(
running install_lib
copying /home/w0x7ce/Desktop/AMAKE/A/PC_Control/build/example_topic_rclpy/build/lib/example_topic_rclpy/change_speed.py -> /home/w0x7ce/Desktop/AMAKE/A/PC_Control/install/example_topic_rclpy/lib/python3.10/site-packages/example_topic_rclpy
byte-compiling /home/w0x7ce/Desktop/AMAKE/A/PC_Control/install/example_topic_rclpy/lib/python3.10/site-packages/example_topic_rclpy/change_speed.py to change_speed.cpython-310.pyc
running install_data
running install_egg_info
removing '/home/w0x7ce/Desktop/AMAKE/A/PC_Control/install/example_topic_rclpy/lib/python3.10/site-packages/example_topic_rclpy-0.0.0-py3.10.egg-info' (and everything under it)
Copying ../../build/example_topic_rclpy/example_topic_rclpy.egg-info to /home/w0x7ce/Desktop/AMAKE/A/PC_Control/install/example_topic_rclpy/lib/python3.10/site-packages/example_topic_rclpy-0.0.0-py3.10.egg-info
running install_scripts
Installing change_speed script to /home/w0x7ce/Desktop/AMAKE/A/PC_Control/install/example_topic_rclpy/lib/example_topic_rclpy
Installing get_speed script to /home/w0x7ce/Desktop/AMAKE/A/PC_Control/install/example_topic_rclpy/lib/example_topic_rclpy
writing list of installed files to '/home/w0x7ce/Desktop/AMAKE/A/PC_Control/build/example_topic_rclpy/install.log'
