[0.295s] DEBUG:colcon:Command line arguments: ['/usr/bin/colcon', 'build']
[0.295s] DEBUG:colcon:Parsed command line arguments: Namespace(log_base=None, log_level=None, verb_name='build', build_base='build', install_base='install', merge_install=False, symlink_install=False, test_result_base=None, continue_on_error=False, executor='parallel', parallel_workers=4, event_handlers=None, ignore_user_meta=False, metas=['./colcon.meta'], base_paths=['.'], packages_ignore=None, packages_ignore_regex=None, paths=None, packages_up_to=None, packages_up_to_regex=None, packages_above=None, packages_above_and_dependencies=None, packages_above_depth=None, packages_select_by_dep=None, packages_skip_by_dep=None, packages_skip_up_to=None, packages_select_build_failed=False, packages_skip_build_finished=False, packages_select_test_failures=False, packages_skip_test_passed=False, packages_select=None, packages_skip=None, packages_select_regex=None, packages_skip_regex=None, packages_start=None, packages_end=None, allow_overriding=[], cmake_args=None, cmake_target=None, cmake_target_skip_unavailable=False, cmake_clean_cache=False, cmake_clean_first=False, cmake_force_configure=False, ament_cmake_args=None, catkin_cmake_args=None, catkin_skip_building_tests=False, verb_parser=<colcon_defaults.argument_parser.defaults.DefaultArgumentsDecorator object at 0x7f534fdfbc10>, verb_extension=<colcon_core.verb.build.BuildVerb object at 0x7f53507a31f0>, main=<bound method BuildVerb.main of <colcon_core.verb.build.BuildVerb object at 0x7f53507a31f0>>)
[0.315s] Level 1:colcon.colcon_core.package_discovery:discover_packages(colcon_meta) check parameters
[0.315s] Level 1:colcon.colcon_core.package_discovery:discover_packages(recursive) check parameters
[0.315s] Level 1:colcon.colcon_core.package_discovery:discover_packages(ignore) check parameters
[0.315s] Level 1:colcon.colcon_core.package_discovery:discover_packages(path) check parameters
[0.315s] Level 1:colcon.colcon_core.package_discovery:discover_packages(colcon_meta) discover
[0.315s] Level 1:colcon.colcon_core.package_discovery:discover_packages(recursive) discover
[0.316s] INFO:colcon.colcon_core.package_discovery:Crawling recursively for packages in '/home/w0x7ce/Desktop/AMAKE/A/PC_Control'
[0.316s] Level 1:colcon.colcon_core.package_identification:_identify(.) by extensions ['ignore', 'ignore_ament_install']
[0.316s] Level 1:colcon.colcon_core.package_identification:_identify(.) by extension 'ignore'
[0.316s] Level 1:colcon.colcon_core.package_identification:_identify(.) by extension 'ignore_ament_install'
[0.316s] Level 1:colcon.colcon_core.package_identification:_identify(.) by extensions ['colcon_pkg']
[0.316s] Level 1:colcon.colcon_core.package_identification:_identify(.) by extension 'colcon_pkg'
[0.316s] Level 1:colcon.colcon_core.package_identification:_identify(.) by extensions ['colcon_meta']
[0.316s] Level 1:colcon.colcon_core.package_identification:_identify(.) by extension 'colcon_meta'
[0.316s] Level 1:colcon.colcon_core.package_identification:_identify(.) by extensions ['ros']
[0.316s] Level 1:colcon.colcon_core.package_identification:_identify(.) by extension 'ros'
[0.336s] Level 1:colcon.colcon_core.package_identification:_identify(.) by extensions ['cmake', 'python']
[0.337s] Level 1:colcon.colcon_core.package_identification:_identify(.) by extension 'cmake'
[0.337s] Level 1:colcon.colcon_core.package_identification:_identify(.) by extension 'python'
[0.337s] Level 1:colcon.colcon_core.package_identification:_identify(.) by extensions ['python_setup_py']
[0.337s] Level 1:colcon.colcon_core.package_identification:_identify(.) by extension 'python_setup_py'
[0.337s] Level 1:colcon.colcon_core.package_identification:_identify(build) by extensions ['ignore', 'ignore_ament_install']
[0.337s] Level 1:colcon.colcon_core.package_identification:_identify(build) by extension 'ignore'
[0.337s] Level 1:colcon.colcon_core.package_identification:_identify(build) ignored
[0.337s] Level 1:colcon.colcon_core.package_identification:_identify(install) by extensions ['ignore', 'ignore_ament_install']
[0.337s] Level 1:colcon.colcon_core.package_identification:_identify(install) by extension 'ignore'
[0.337s] Level 1:colcon.colcon_core.package_identification:_identify(install) ignored
[0.337s] Level 1:colcon.colcon_core.package_identification:_identify(log) by extensions ['ignore', 'ignore_ament_install']
[0.337s] Level 1:colcon.colcon_core.package_identification:_identify(log) by extension 'ignore'
[0.337s] Level 1:colcon.colcon_core.package_identification:_identify(log) ignored
[0.337s] Level 1:colcon.colcon_core.package_identification:_identify(src) by extensions ['ignore', 'ignore_ament_install']
[0.338s] Level 1:colcon.colcon_core.package_identification:_identify(src) by extension 'ignore'
[0.338s] Level 1:colcon.colcon_core.package_identification:_identify(src) by extension 'ignore_ament_install'
[0.338s] Level 1:colcon.colcon_core.package_identification:_identify(src) by extensions ['colcon_pkg']
[0.338s] Level 1:colcon.colcon_core.package_identification:_identify(src) by extension 'colcon_pkg'
[0.338s] Level 1:colcon.colcon_core.package_identification:_identify(src) by extensions ['colcon_meta']
[0.338s] Level 1:colcon.colcon_core.package_identification:_identify(src) by extension 'colcon_meta'
[0.338s] Level 1:colcon.colcon_core.package_identification:_identify(src) by extensions ['ros']
[0.338s] Level 1:colcon.colcon_core.package_identification:_identify(src) by extension 'ros'
[0.338s] Level 1:colcon.colcon_core.package_identification:_identify(src) by extensions ['cmake', 'python']
[0.338s] Level 1:colcon.colcon_core.package_identification:_identify(src) by extension 'cmake'
[0.338s] Level 1:colcon.colcon_core.package_identification:_identify(src) by extension 'python'
[0.338s] Level 1:colcon.colcon_core.package_identification:_identify(src) by extensions ['python_setup_py']
[0.338s] Level 1:colcon.colcon_core.package_identification:_identify(src) by extension 'python_setup_py'
[0.338s] Level 1:colcon.colcon_core.package_identification:_identify(src/example_topic_rclpy) by extensions ['ignore', 'ignore_ament_install']
[0.338s] Level 1:colcon.colcon_core.package_identification:_identify(src/example_topic_rclpy) by extension 'ignore'
[0.338s] Level 1:colcon.colcon_core.package_identification:_identify(src/example_topic_rclpy) by extension 'ignore_ament_install'
[0.338s] Level 1:colcon.colcon_core.package_identification:_identify(src/example_topic_rclpy) by extensions ['colcon_pkg']
[0.338s] Level 1:colcon.colcon_core.package_identification:_identify(src/example_topic_rclpy) by extension 'colcon_pkg'
[0.338s] Level 1:colcon.colcon_core.package_identification:_identify(src/example_topic_rclpy) by extensions ['colcon_meta']
[0.338s] Level 1:colcon.colcon_core.package_identification:_identify(src/example_topic_rclpy) by extension 'colcon_meta'
[0.338s] Level 1:colcon.colcon_core.package_identification:_identify(src/example_topic_rclpy) by extensions ['ros']
[0.338s] Level 1:colcon.colcon_core.package_identification:_identify(src/example_topic_rclpy) by extension 'ros'
[0.341s] DEBUG:colcon.colcon_core.package_identification:Package 'src/example_topic_rclpy' with type 'ros.ament_python' and name 'example_topic_rclpy'
[0.341s] Level 1:colcon.colcon_core.package_identification:_identify(src/motor_control_rclcpp) by extensions ['ignore', 'ignore_ament_install']
[0.341s] Level 1:colcon.colcon_core.package_identification:_identify(src/motor_control_rclcpp) by extension 'ignore'
[0.341s] Level 1:colcon.colcon_core.package_identification:_identify(src/motor_control_rclcpp) by extension 'ignore_ament_install'
[0.342s] Level 1:colcon.colcon_core.package_identification:_identify(src/motor_control_rclcpp) by extensions ['colcon_pkg']
[0.342s] Level 1:colcon.colcon_core.package_identification:_identify(src/motor_control_rclcpp) by extension 'colcon_pkg'
[0.342s] Level 1:colcon.colcon_core.package_identification:_identify(src/motor_control_rclcpp) by extensions ['colcon_meta']
[0.342s] Level 1:colcon.colcon_core.package_identification:_identify(src/motor_control_rclcpp) by extension 'colcon_meta'
[0.342s] Level 1:colcon.colcon_core.package_identification:_identify(src/motor_control_rclcpp) by extensions ['ros']
[0.342s] Level 1:colcon.colcon_core.package_identification:_identify(src/motor_control_rclcpp) by extension 'ros'
[0.342s] DEBUG:colcon.colcon_core.package_identification:Package 'src/motor_control_rclcpp' with type 'ros.ament_cmake' and name 'motor_control_rclcpp'
[0.342s] Level 1:colcon.colcon_core.package_discovery:discover_packages(recursive) using defaults
[0.342s] Level 1:colcon.colcon_core.package_discovery:discover_packages(ignore) discover
[0.342s] Level 1:colcon.colcon_core.package_discovery:discover_packages(ignore) using defaults
[0.342s] Level 1:colcon.colcon_core.package_discovery:discover_packages(path) discover
[0.342s] Level 1:colcon.colcon_core.package_discovery:discover_packages(path) using defaults
[0.366s] Level 1:colcon.colcon_core.package_discovery:discover_packages(prefix_path) check parameters
[0.366s] Level 1:colcon.colcon_core.package_discovery:discover_packages(prefix_path) discover
[0.369s] DEBUG:colcon.colcon_installed_package_information.package_discovery:Found 3 installed packages in /home/w0x7ce/Desktop/AMAKE/A/PC_Control/install
[0.371s] DEBUG:colcon.colcon_installed_package_information.package_discovery:Found 304 installed packages in /opt/ros/humble
[0.372s] Level 1:colcon.colcon_core.package_discovery:discover_packages(prefix_path) using defaults
[0.430s] Level 5:colcon.colcon_core.verb:set package 'example_topic_rclpy' build argument 'cmake_args' from command line to 'None'
[0.430s] Level 5:colcon.colcon_core.verb:set package 'example_topic_rclpy' build argument 'cmake_target' from command line to 'None'
[0.430s] Level 5:colcon.colcon_core.verb:set package 'example_topic_rclpy' build argument 'cmake_target_skip_unavailable' from command line to 'False'
[0.430s] Level 5:colcon.colcon_core.verb:set package 'example_topic_rclpy' build argument 'cmake_clean_cache' from command line to 'False'
[0.430s] Level 5:colcon.colcon_core.verb:set package 'example_topic_rclpy' build argument 'cmake_clean_first' from command line to 'False'
[0.430s] Level 5:colcon.colcon_core.verb:set package 'example_topic_rclpy' build argument 'cmake_force_configure' from command line to 'False'
[0.430s] Level 5:colcon.colcon_core.verb:set package 'example_topic_rclpy' build argument 'ament_cmake_args' from command line to 'None'
[0.430s] Level 5:colcon.colcon_core.verb:set package 'example_topic_rclpy' build argument 'catkin_cmake_args' from command line to 'None'
[0.430s] Level 5:colcon.colcon_core.verb:set package 'example_topic_rclpy' build argument 'catkin_skip_building_tests' from command line to 'False'
[0.430s] DEBUG:colcon.colcon_core.verb:Building package 'example_topic_rclpy' with the following arguments: {'ament_cmake_args': None, 'build_base': '/home/w0x7ce/Desktop/AMAKE/A/PC_Control/build/example_topic_rclpy', 'catkin_cmake_args': None, 'catkin_skip_building_tests': False, 'cmake_args': None, 'cmake_clean_cache': False, 'cmake_clean_first': False, 'cmake_force_configure': False, 'cmake_target': None, 'cmake_target_skip_unavailable': False, 'install_base': '/home/w0x7ce/Desktop/AMAKE/A/PC_Control/install/example_topic_rclpy', 'merge_install': False, 'path': '/home/w0x7ce/Desktop/AMAKE/A/PC_Control/src/example_topic_rclpy', 'symlink_install': False, 'test_result_base': None}
[0.431s] Level 5:colcon.colcon_core.verb:set package 'motor_control_rclcpp' build argument 'cmake_args' from command line to 'None'
[0.431s] Level 5:colcon.colcon_core.verb:set package 'motor_control_rclcpp' build argument 'cmake_target' from command line to 'None'
[0.431s] Level 5:colcon.colcon_core.verb:set package 'motor_control_rclcpp' build argument 'cmake_target_skip_unavailable' from command line to 'False'
[0.431s] Level 5:colcon.colcon_core.verb:set package 'motor_control_rclcpp' build argument 'cmake_clean_cache' from command line to 'False'
[0.431s] Level 5:colcon.colcon_core.verb:set package 'motor_control_rclcpp' build argument 'cmake_clean_first' from command line to 'False'
[0.431s] Level 5:colcon.colcon_core.verb:set package 'motor_control_rclcpp' build argument 'cmake_force_configure' from command line to 'False'
[0.431s] Level 5:colcon.colcon_core.verb:set package 'motor_control_rclcpp' build argument 'ament_cmake_args' from command line to 'None'
[0.431s] Level 5:colcon.colcon_core.verb:set package 'motor_control_rclcpp' build argument 'catkin_cmake_args' from command line to 'None'
[0.431s] Level 5:colcon.colcon_core.verb:set package 'motor_control_rclcpp' build argument 'catkin_skip_building_tests' from command line to 'False'
[0.431s] DEBUG:colcon.colcon_core.verb:Building package 'motor_control_rclcpp' with the following arguments: {'ament_cmake_args': None, 'build_base': '/home/w0x7ce/Desktop/AMAKE/A/PC_Control/build/motor_control_rclcpp', 'catkin_cmake_args': None, 'catkin_skip_building_tests': False, 'cmake_args': None, 'cmake_clean_cache': False, 'cmake_clean_first': False, 'cmake_force_configure': False, 'cmake_target': None, 'cmake_target_skip_unavailable': False, 'install_base': '/home/w0x7ce/Desktop/AMAKE/A/PC_Control/install/motor_control_rclcpp', 'merge_install': False, 'path': '/home/w0x7ce/Desktop/AMAKE/A/PC_Control/src/motor_control_rclcpp', 'symlink_install': False, 'test_result_base': None}
[0.431s] INFO:colcon.colcon_core.executor:Executing jobs using 'parallel' executor
[0.435s] DEBUG:colcon.colcon_parallel_executor.executor.parallel:run_until_complete
[0.435s] INFO:colcon.colcon_ros.task.ament_python.build:Building ROS package in '/home/w0x7ce/Desktop/AMAKE/A/PC_Control/src/example_topic_rclpy' with build type 'ament_python'
[0.435s] Level 1:colcon.colcon_core.shell:create_environment_hook('example_topic_rclpy', 'ament_prefix_path')
[0.439s] INFO:colcon.colcon_core.plugin_system:Skipping extension 'colcon_core.shell.bat': Not used on non-Windows systems
[0.440s] INFO:colcon.colcon_core.shell:Creating environment hook '/home/w0x7ce/Desktop/AMAKE/A/PC_Control/install/example_topic_rclpy/share/example_topic_rclpy/hook/ament_prefix_path.ps1'
[0.440s] INFO:colcon.colcon_core.shell:Creating environment descriptor '/home/w0x7ce/Desktop/AMAKE/A/PC_Control/install/example_topic_rclpy/share/example_topic_rclpy/hook/ament_prefix_path.dsv'
[0.441s] INFO:colcon.colcon_core.shell:Creating environment hook '/home/w0x7ce/Desktop/AMAKE/A/PC_Control/install/example_topic_rclpy/share/example_topic_rclpy/hook/ament_prefix_path.sh'
[0.442s] INFO:colcon.colcon_core.shell:Skip shell extension 'powershell' for command environment: Not usable outside of PowerShell
[0.442s] DEBUG:colcon.colcon_core.shell:Skip shell extension 'dsv' for command environment
[0.447s] INFO:colcon.colcon_ros.task.ament_cmake.build:Building ROS package in '/home/w0x7ce/Desktop/AMAKE/A/PC_Control/src/motor_control_rclcpp' with build type 'ament_cmake'
[0.447s] INFO:colcon.colcon_cmake.task.cmake.build:Building CMake package in '/home/w0x7ce/Desktop/AMAKE/A/PC_Control/src/motor_control_rclcpp'
[0.448s] INFO:colcon.colcon_core.shell:Skip shell extension 'powershell' for command environment: Not usable outside of PowerShell
[0.448s] DEBUG:colcon.colcon_core.shell:Skip shell extension 'dsv' for command environment
[0.692s] INFO:colcon.colcon_core.task.python.build:Building Python package in '/home/w0x7ce/Desktop/AMAKE/A/PC_Control/src/example_topic_rclpy'
[0.693s] INFO:colcon.colcon_core.shell:Skip shell extension 'powershell' for command environment: Not usable outside of PowerShell
[0.693s] DEBUG:colcon.colcon_core.shell:Skip shell extension 'dsv' for command environment
[0.702s] DEBUG:colcon.colcon_core.event_handler.log_command:Invoking command in '/home/w0x7ce/Desktop/AMAKE/A/PC_Control/build/motor_control_rclcpp': CMAKE_PREFIX_PATH=${CMAKE_PREFIX_PATH}:/home/w0x7ce/Desktop/AMAKE/A/PC_Control/install/example_topic_rclpy:/home/w0x7ce/Desktop/AMAKE/A/PC_Control/install/py_pubsub:/opt/ros/humble /usr/bin/cmake --build /home/w0x7ce/Desktop/AMAKE/A/PC_Control/build/motor_control_rclcpp -- -j4 -l4
[0.774s] DEBUG:colcon.colcon_core.event_handler.log_command:Invoked command in '/home/w0x7ce/Desktop/AMAKE/A/PC_Control/build/motor_control_rclcpp' returned '0': CMAKE_PREFIX_PATH=${CMAKE_PREFIX_PATH}:/home/w0x7ce/Desktop/AMAKE/A/PC_Control/install/example_topic_rclpy:/home/w0x7ce/Desktop/AMAKE/A/PC_Control/install/py_pubsub:/opt/ros/humble /usr/bin/cmake --build /home/w0x7ce/Desktop/AMAKE/A/PC_Control/build/motor_control_rclcpp -- -j4 -l4
[0.811s] DEBUG:colcon.colcon_core.event_handler.log_command:Invoking command in '/home/w0x7ce/Desktop/AMAKE/A/PC_Control/build/motor_control_rclcpp': CMAKE_PREFIX_PATH=${CMAKE_PREFIX_PATH}:/home/w0x7ce/Desktop/AMAKE/A/PC_Control/install/example_topic_rclpy:/home/w0x7ce/Desktop/AMAKE/A/PC_Control/install/py_pubsub:/opt/ros/humble /usr/bin/cmake --install /home/w0x7ce/Desktop/AMAKE/A/PC_Control/build/motor_control_rclcpp
[0.821s] Level 1:colcon.colcon_core.environment:create_environment_scripts_only(motor_control_rclcpp)
[0.823s] DEBUG:colcon.colcon_core.event_handler.log_command:Invoked command in '/home/w0x7ce/Desktop/AMAKE/A/PC_Control/build/motor_control_rclcpp' returned '0': CMAKE_PREFIX_PATH=${CMAKE_PREFIX_PATH}:/home/w0x7ce/Desktop/AMAKE/A/PC_Control/install/example_topic_rclpy:/home/w0x7ce/Desktop/AMAKE/A/PC_Control/install/py_pubsub:/opt/ros/humble /usr/bin/cmake --install /home/w0x7ce/Desktop/AMAKE/A/PC_Control/build/motor_control_rclcpp
[0.827s] Level 1:colcon.colcon_core.environment:checking '/home/w0x7ce/Desktop/AMAKE/A/PC_Control/install/motor_control_rclcpp' for CMake module files
[0.828s] Level 1:colcon.colcon_core.environment:checking '/home/w0x7ce/Desktop/AMAKE/A/PC_Control/install/motor_control_rclcpp' for CMake config files
[0.828s] Level 1:colcon.colcon_core.shell:create_environment_hook('motor_control_rclcpp', 'cmake_prefix_path')
[0.830s] INFO:colcon.colcon_core.shell:Creating environment hook '/home/w0x7ce/Desktop/AMAKE/A/PC_Control/install/motor_control_rclcpp/share/motor_control_rclcpp/hook/cmake_prefix_path.ps1'
[0.831s] INFO:colcon.colcon_core.shell:Creating environment descriptor '/home/w0x7ce/Desktop/AMAKE/A/PC_Control/install/motor_control_rclcpp/share/motor_control_rclcpp/hook/cmake_prefix_path.dsv'
[0.831s] INFO:colcon.colcon_core.shell:Creating environment hook '/home/w0x7ce/Desktop/AMAKE/A/PC_Control/install/motor_control_rclcpp/share/motor_control_rclcpp/hook/cmake_prefix_path.sh'
[0.832s] Level 1:colcon.colcon_core.environment:checking '/home/w0x7ce/Desktop/AMAKE/A/PC_Control/install/motor_control_rclcpp/lib'
[0.832s] Level 1:colcon.colcon_core.environment:checking '/home/w0x7ce/Desktop/AMAKE/A/PC_Control/install/motor_control_rclcpp/bin'
[0.832s] Level 1:colcon.colcon_core.environment:checking '/home/w0x7ce/Desktop/AMAKE/A/PC_Control/install/motor_control_rclcpp/lib/pkgconfig/motor_control_rclcpp.pc'
[0.832s] Level 1:colcon.colcon_core.environment:checking '/home/w0x7ce/Desktop/AMAKE/A/PC_Control/install/motor_control_rclcpp/lib/python3.10/site-packages'
[0.832s] Level 1:colcon.colcon_core.environment:checking '/home/w0x7ce/Desktop/AMAKE/A/PC_Control/install/motor_control_rclcpp/bin'
[0.834s] INFO:colcon.colcon_core.shell:Creating package script '/home/w0x7ce/Desktop/AMAKE/A/PC_Control/install/motor_control_rclcpp/share/motor_control_rclcpp/package.ps1'
[0.835s] INFO:colcon.colcon_core.shell:Creating package descriptor '/home/w0x7ce/Desktop/AMAKE/A/PC_Control/install/motor_control_rclcpp/share/motor_control_rclcpp/package.dsv'
[0.835s] INFO:colcon.colcon_core.shell:Creating package script '/home/w0x7ce/Desktop/AMAKE/A/PC_Control/install/motor_control_rclcpp/share/motor_control_rclcpp/package.sh'
[0.836s] INFO:colcon.colcon_core.shell:Creating package script '/home/w0x7ce/Desktop/AMAKE/A/PC_Control/install/motor_control_rclcpp/share/motor_control_rclcpp/package.bash'
[0.837s] INFO:colcon.colcon_core.shell:Creating package script '/home/w0x7ce/Desktop/AMAKE/A/PC_Control/install/motor_control_rclcpp/share/motor_control_rclcpp/package.zsh'
[0.838s] Level 1:colcon.colcon_core.environment:create_file_with_runtime_dependencies(/home/w0x7ce/Desktop/AMAKE/A/PC_Control/install/motor_control_rclcpp/share/colcon-core/packages/motor_control_rclcpp)
[0.865s] Level 1:colcon.colcon_core.environment:create_environment_scripts_only(motor_control_rclcpp)
[0.872s] Level 1:colcon.colcon_core.environment:checking '/home/w0x7ce/Desktop/AMAKE/A/PC_Control/install/motor_control_rclcpp' for CMake module files
[0.873s] Level 1:colcon.colcon_core.environment:checking '/home/w0x7ce/Desktop/AMAKE/A/PC_Control/install/motor_control_rclcpp' for CMake config files
[0.873s] Level 1:colcon.colcon_core.shell:create_environment_hook('motor_control_rclcpp', 'cmake_prefix_path')
[0.874s] INFO:colcon.colcon_core.shell:Creating environment hook '/home/w0x7ce/Desktop/AMAKE/A/PC_Control/install/motor_control_rclcpp/share/motor_control_rclcpp/hook/cmake_prefix_path.ps1'
[0.875s] INFO:colcon.colcon_core.shell:Creating environment descriptor '/home/w0x7ce/Desktop/AMAKE/A/PC_Control/install/motor_control_rclcpp/share/motor_control_rclcpp/hook/cmake_prefix_path.dsv'
[0.875s] INFO:colcon.colcon_core.shell:Creating environment hook '/home/w0x7ce/Desktop/AMAKE/A/PC_Control/install/motor_control_rclcpp/share/motor_control_rclcpp/hook/cmake_prefix_path.sh'
[0.876s] Level 1:colcon.colcon_core.environment:checking '/home/w0x7ce/Desktop/AMAKE/A/PC_Control/install/motor_control_rclcpp/lib'
[0.876s] Level 1:colcon.colcon_core.environment:checking '/home/w0x7ce/Desktop/AMAKE/A/PC_Control/install/motor_control_rclcpp/bin'
[0.876s] Level 1:colcon.colcon_core.environment:checking '/home/w0x7ce/Desktop/AMAKE/A/PC_Control/install/motor_control_rclcpp/lib/pkgconfig/motor_control_rclcpp.pc'
[0.876s] Level 1:colcon.colcon_core.environment:checking '/home/w0x7ce/Desktop/AMAKE/A/PC_Control/install/motor_control_rclcpp/lib/python3.10/site-packages'
[0.876s] Level 1:colcon.colcon_core.environment:checking '/home/w0x7ce/Desktop/AMAKE/A/PC_Control/install/motor_control_rclcpp/bin'
[0.878s] INFO:colcon.colcon_core.shell:Creating package script '/home/w0x7ce/Desktop/AMAKE/A/PC_Control/install/motor_control_rclcpp/share/motor_control_rclcpp/package.ps1'
[0.878s] INFO:colcon.colcon_core.shell:Creating package descriptor '/home/w0x7ce/Desktop/AMAKE/A/PC_Control/install/motor_control_rclcpp/share/motor_control_rclcpp/package.dsv'
[0.879s] INFO:colcon.colcon_core.shell:Creating package script '/home/w0x7ce/Desktop/AMAKE/A/PC_Control/install/motor_control_rclcpp/share/motor_control_rclcpp/package.sh'
[0.879s] INFO:colcon.colcon_core.shell:Creating package script '/home/w0x7ce/Desktop/AMAKE/A/PC_Control/install/motor_control_rclcpp/share/motor_control_rclcpp/package.bash'
[0.880s] INFO:colcon.colcon_core.shell:Creating package script '/home/w0x7ce/Desktop/AMAKE/A/PC_Control/install/motor_control_rclcpp/share/motor_control_rclcpp/package.zsh'
[0.880s] Level 1:colcon.colcon_core.environment:create_file_with_runtime_dependencies(/home/w0x7ce/Desktop/AMAKE/A/PC_Control/install/motor_control_rclcpp/share/colcon-core/packages/motor_control_rclcpp)
[1.031s] DEBUG:colcon.colcon_core.event_handler.log_command:Invoking command in '/home/w0x7ce/Desktop/AMAKE/A/PC_Control/src/example_topic_rclpy': PYTHONPATH=/home/w0x7ce/Desktop/AMAKE/A/PC_Control/build/example_topic_rclpy/prefix_override:/home/w0x7ce/Desktop/AMAKE/A/PC_Control/install/example_topic_rclpy/lib/python3.10/site-packages:${PYTHONPATH} /usr/bin/python3 setup.py egg_info --egg-base ../../build/example_topic_rclpy build --build-base /home/w0x7ce/Desktop/AMAKE/A/PC_Control/build/example_topic_rclpy/build install --record /home/w0x7ce/Desktop/AMAKE/A/PC_Control/build/example_topic_rclpy/install.log --single-version-externally-managed
[1.310s] Level 1:colcon.colcon_core.environment:checking '/home/w0x7ce/Desktop/AMAKE/A/PC_Control/install/example_topic_rclpy' for CMake module files
[1.310s] DEBUG:colcon.colcon_core.event_handler.log_command:Invoked command in '/home/w0x7ce/Desktop/AMAKE/A/PC_Control/src/example_topic_rclpy' returned '0': PYTHONPATH=/home/w0x7ce/Desktop/AMAKE/A/PC_Control/build/example_topic_rclpy/prefix_override:/home/w0x7ce/Desktop/AMAKE/A/PC_Control/install/example_topic_rclpy/lib/python3.10/site-packages:${PYTHONPATH} /usr/bin/python3 setup.py egg_info --egg-base ../../build/example_topic_rclpy build --build-base /home/w0x7ce/Desktop/AMAKE/A/PC_Control/build/example_topic_rclpy/build install --record /home/w0x7ce/Desktop/AMAKE/A/PC_Control/build/example_topic_rclpy/install.log --single-version-externally-managed
[1.310s] Level 1:colcon.colcon_core.environment:checking '/home/w0x7ce/Desktop/AMAKE/A/PC_Control/install/example_topic_rclpy' for CMake config files
[1.311s] Level 1:colcon.colcon_core.environment:checking '/home/w0x7ce/Desktop/AMAKE/A/PC_Control/install/example_topic_rclpy/lib'
[1.311s] Level 1:colcon.colcon_core.environment:checking '/home/w0x7ce/Desktop/AMAKE/A/PC_Control/install/example_topic_rclpy/bin'
[1.311s] Level 1:colcon.colcon_core.environment:checking '/home/w0x7ce/Desktop/AMAKE/A/PC_Control/install/example_topic_rclpy/lib/pkgconfig/example_topic_rclpy.pc'
[1.311s] Level 1:colcon.colcon_core.environment:checking '/home/w0x7ce/Desktop/AMAKE/A/PC_Control/install/example_topic_rclpy/lib/python3.10/site-packages'
[1.311s] Level 1:colcon.colcon_core.shell:create_environment_hook('example_topic_rclpy', 'pythonpath')
[1.312s] INFO:colcon.colcon_core.shell:Creating environment hook '/home/w0x7ce/Desktop/AMAKE/A/PC_Control/install/example_topic_rclpy/share/example_topic_rclpy/hook/pythonpath.ps1'
[1.313s] INFO:colcon.colcon_core.shell:Creating environment descriptor '/home/w0x7ce/Desktop/AMAKE/A/PC_Control/install/example_topic_rclpy/share/example_topic_rclpy/hook/pythonpath.dsv'
[1.313s] INFO:colcon.colcon_core.shell:Creating environment hook '/home/w0x7ce/Desktop/AMAKE/A/PC_Control/install/example_topic_rclpy/share/example_topic_rclpy/hook/pythonpath.sh'
[1.314s] Level 1:colcon.colcon_core.environment:checking '/home/w0x7ce/Desktop/AMAKE/A/PC_Control/install/example_topic_rclpy/bin'
[1.314s] Level 1:colcon.colcon_core.environment:create_environment_scripts_only(example_topic_rclpy)
[1.315s] INFO:colcon.colcon_core.shell:Creating package script '/home/w0x7ce/Desktop/AMAKE/A/PC_Control/install/example_topic_rclpy/share/example_topic_rclpy/package.ps1'
[1.315s] INFO:colcon.colcon_core.shell:Creating package descriptor '/home/w0x7ce/Desktop/AMAKE/A/PC_Control/install/example_topic_rclpy/share/example_topic_rclpy/package.dsv'
[1.316s] INFO:colcon.colcon_core.shell:Creating package script '/home/w0x7ce/Desktop/AMAKE/A/PC_Control/install/example_topic_rclpy/share/example_topic_rclpy/package.sh'
[1.316s] INFO:colcon.colcon_core.shell:Creating package script '/home/w0x7ce/Desktop/AMAKE/A/PC_Control/install/example_topic_rclpy/share/example_topic_rclpy/package.bash'
[1.316s] INFO:colcon.colcon_core.shell:Creating package script '/home/w0x7ce/Desktop/AMAKE/A/PC_Control/install/example_topic_rclpy/share/example_topic_rclpy/package.zsh'
[1.317s] Level 1:colcon.colcon_core.environment:create_file_with_runtime_dependencies(/home/w0x7ce/Desktop/AMAKE/A/PC_Control/install/example_topic_rclpy/share/colcon-core/packages/example_topic_rclpy)
[1.317s] DEBUG:colcon.colcon_parallel_executor.executor.parallel:closing loop
[1.317s] DEBUG:colcon.colcon_parallel_executor.executor.parallel:loop closed
[1.317s] DEBUG:colcon.colcon_parallel_executor.executor.parallel:run_until_complete finished with '0'
[1.318s] DEBUG:colcon.colcon_core.event_reactor:joining thread
[1.324s] INFO:colcon.colcon_core.plugin_system:Skipping extension 'colcon_notification.desktop_notification.terminal_notifier': Not used on non-Darwin systems
[1.324s] INFO:colcon.colcon_core.plugin_system:Skipping extension 'colcon_notification.desktop_notification.win32': Not used on non-Windows systems
[1.324s] INFO:colcon.colcon_notification.desktop_notification:Sending desktop notification using 'notify2'
[1.332s] DEBUG:colcon.colcon_core.event_reactor:joined thread
[1.334s] INFO:colcon.colcon_core.shell:Creating prefix script '/home/w0x7ce/Desktop/AMAKE/A/PC_Control/install/local_setup.ps1'
[1.335s] INFO:colcon.colcon_core.shell:Creating prefix util module '/home/w0x7ce/Desktop/AMAKE/A/PC_Control/install/_local_setup_util_ps1.py'
[1.336s] INFO:colcon.colcon_core.shell:Creating prefix chain script '/home/w0x7ce/Desktop/AMAKE/A/PC_Control/install/setup.ps1'
[1.337s] INFO:colcon.colcon_core.shell:Creating prefix script '/home/w0x7ce/Desktop/AMAKE/A/PC_Control/install/local_setup.sh'
[1.337s] INFO:colcon.colcon_core.shell:Creating prefix util module '/home/w0x7ce/Desktop/AMAKE/A/PC_Control/install/_local_setup_util_sh.py'
[1.338s] INFO:colcon.colcon_core.shell:Creating prefix chain script '/home/w0x7ce/Desktop/AMAKE/A/PC_Control/install/setup.sh'
[1.339s] INFO:colcon.colcon_core.shell:Creating prefix script '/home/w0x7ce/Desktop/AMAKE/A/PC_Control/install/local_setup.bash'
[1.339s] INFO:colcon.colcon_core.shell:Creating prefix chain script '/home/w0x7ce/Desktop/AMAKE/A/PC_Control/install/setup.bash'
[1.340s] INFO:colcon.colcon_core.shell:Creating prefix script '/home/w0x7ce/Desktop/AMAKE/A/PC_Control/install/local_setup.zsh'
[1.341s] INFO:colcon.colcon_core.shell:Creating prefix chain script '/home/w0x7ce/Desktop/AMAKE/A/PC_Control/install/setup.zsh'
