[0.024s] Invoking command in '/home/w0x7ce/Desktop/AMAKE/A/PC_Control/build/motor_control_rclcpp': CMAKE_PREFIX_PATH=/opt/ros/humble CONDA_PROMPT_MODIFIER=(base) /usr/bin/cmake /home/w0x7ce/Desktop/AMAKE/A/PC_Control/src/motor_control_rclcpp -DCMAKE_INSTALL_PREFIX=/home/w0x7ce/Desktop/AMAKE/A/PC_Control/install/motor_control_rclcpp
[0.437s] -- Found ament_cmake: 1.3.3 (/opt/ros/humble/share/ament_cmake/cmake)
[0.812s] -- Found Python3: /usr/bin/python3.10 (found version "3.10.6") found components: Interpreter 
[2.506s] -- Found rclcpp: 16.0.2 (/opt/ros/humble/share/rclcpp/cmake)
[4.721s] -- Found rosidl_generator_c: 3.1.4 (/opt/ros/humble/share/rosidl_generator_c/cmake)
[5.253s] -- Found rosidl_adapter: 3.1.4 (/opt/ros/humble/share/rosidl_adapter/cmake)
[5.673s] -- Found rosidl_generator_cpp: 3.1.4 (/opt/ros/humble/share/rosidl_generator_cpp/cmake)
[7.101s] -- Using all available rosidl_typesupport_c: rosidl_typesupport_fastrtps_c;rosidl_typesupport_introspection_c
[7.478s] -- Using all available rosidl_typesupport_cpp: rosidl_typesupport_fastrtps_cpp;rosidl_typesupport_introspection_cpp
[8.226s] -- Found rmw_implementation_cmake: 6.1.1 (/opt/ros/humble/share/rmw_implementation_cmake/cmake)
[8.293s] -- Found rmw_fastrtps_cpp: 6.2.2 (/opt/ros/humble/share/rmw_fastrtps_cpp/cmake)
[9.500s] -- Found OpenSSL: /usr/lib/x86_64-linux-gnu/libcrypto.so (found version "3.0.2")  
[9.673s] -- Found FastRTPS: /opt/ros/humble/include  
[9.758s] -- Using RMW implementation 'rmw_fastrtps_cpp' as default
[10.205s] -- Looking for pthread.h
[10.339s] -- Looking for pthread.h - found
[10.339s] -- Performing Test CMAKE_HAVE_LIBC_PTHREAD
[10.610s] -- Performing Test CMAKE_HAVE_LIBC_PTHREAD - Success
[10.611s] -- Found Threads: TRUE  
[12.252s] -- Found ament_lint_auto: 0.12.4 (/opt/ros/humble/share/ament_lint_auto/cmake)
[12.512s] -- Added test 'cppcheck' to perform static code analysis on C / C++ code
[12.512s] -- Configured cppcheck include dirs: 
[12.513s] -- Configured cppcheck exclude dirs and/or files: 
[12.513s] -- Added test 'lint_cmake' to check CMake code style
[12.514s] -- Added test 'uncrustify' to check C / C++ code style
[12.514s] -- Configured uncrustify additional arguments: 
[12.515s] -- Added test 'xmllint' to check XML markup files
[12.516s] -- Configuring done
[12.525s] -- Generating done
[12.526s] -- Build files have been written to: /home/w0x7ce/Desktop/AMAKE/A/PC_Control/build/motor_control_rclcpp
[12.534s] Invoked command in '/home/w0x7ce/Desktop/AMAKE/A/PC_Control/build/motor_control_rclcpp' returned '0': CMAKE_PREFIX_PATH=/opt/ros/humble CONDA_PROMPT_MODIFIER=(base) /usr/bin/cmake /home/w0x7ce/Desktop/AMAKE/A/PC_Control/src/motor_control_rclcpp -DCMAKE_INSTALL_PREFIX=/home/w0x7ce/Desktop/AMAKE/A/PC_Control/install/motor_control_rclcpp
[12.535s] Invoking command in '/home/w0x7ce/Desktop/AMAKE/A/PC_Control/build/motor_control_rclcpp': CMAKE_PREFIX_PATH=/opt/ros/humble CONDA_PROMPT_MODIFIER=(base) /usr/bin/cmake --build /home/w0x7ce/Desktop/AMAKE/A/PC_Control/build/motor_control_rclcpp -- -j4 -l4
[12.588s] [ 50%] [32mBuilding CXX object CMakeFiles/get_speed.dir/src/get_speed.cpp.o[0m
[17.423s] [100%] [32m[1mLinking CXX executable get_speed[0m
[17.647s] [100%] Built target get_speed
[17.657s] Invoked command in '/home/w0x7ce/Desktop/AMAKE/A/PC_Control/build/motor_control_rclcpp' returned '0': CMAKE_PREFIX_PATH=/opt/ros/humble CONDA_PROMPT_MODIFIER=(base) /usr/bin/cmake --build /home/w0x7ce/Desktop/AMAKE/A/PC_Control/build/motor_control_rclcpp -- -j4 -l4
[17.707s] Invoking command in '/home/w0x7ce/Desktop/AMAKE/A/PC_Control/build/motor_control_rclcpp': CMAKE_PREFIX_PATH=/opt/ros/humble CONDA_PROMPT_MODIFIER=(base) /usr/bin/cmake --install /home/w0x7ce/Desktop/AMAKE/A/PC_Control/build/motor_control_rclcpp
[17.714s] -- Install configuration: ""
[17.714s] -- Installing: /home/w0x7ce/Desktop/AMAKE/A/PC_Control/install/motor_control_rclcpp/lib/motor_control_rclcpp/get_speed
[17.714s] -- Set runtime path of "/home/w0x7ce/Desktop/AMAKE/A/PC_Control/install/motor_control_rclcpp/lib/motor_control_rclcpp/get_speed" to ""
[17.714s] -- Installing: /home/w0x7ce/Desktop/AMAKE/A/PC_Control/install/motor_control_rclcpp/share/ament_index/resource_index/package_run_dependencies/motor_control_rclcpp
[17.715s] -- Installing: /home/w0x7ce/Desktop/AMAKE/A/PC_Control/install/motor_control_rclcpp/share/ament_index/resource_index/parent_prefix_path/motor_control_rclcpp
[17.715s] -- Installing: /home/w0x7ce/Desktop/AMAKE/A/PC_Control/install/motor_control_rclcpp/share/motor_control_rclcpp/environment/ament_prefix_path.sh
[17.715s] -- Installing: /home/w0x7ce/Desktop/AMAKE/A/PC_Control/install/motor_control_rclcpp/share/motor_control_rclcpp/environment/ament_prefix_path.dsv
[17.715s] -- Installing: /home/w0x7ce/Desktop/AMAKE/A/PC_Control/install/motor_control_rclcpp/share/motor_control_rclcpp/environment/path.sh
[17.715s] -- Installing: /home/w0x7ce/Desktop/AMAKE/A/PC_Control/install/motor_control_rclcpp/share/motor_control_rclcpp/environment/path.dsv
[17.715s] -- Installing: /home/w0x7ce/Desktop/AMAKE/A/PC_Control/install/motor_control_rclcpp/share/motor_control_rclcpp/local_setup.bash
[17.715s] -- Installing: /home/w0x7ce/Desktop/AMAKE/A/PC_Control/install/motor_control_rclcpp/share/motor_control_rclcpp/local_setup.sh
[17.716s] -- Installing: /home/w0x7ce/Desktop/AMAKE/A/PC_Control/install/motor_control_rclcpp/share/motor_control_rclcpp/local_setup.zsh
[17.716s] -- Installing: /home/w0x7ce/Desktop/AMAKE/A/PC_Control/install/motor_control_rclcpp/share/motor_control_rclcpp/local_setup.dsv
[17.716s] -- Installing: /home/w0x7ce/Desktop/AMAKE/A/PC_Control/install/motor_control_rclcpp/share/motor_control_rclcpp/package.dsv
[17.716s] -- Installing: /home/w0x7ce/Desktop/AMAKE/A/PC_Control/install/motor_control_rclcpp/share/ament_index/resource_index/packages/motor_control_rclcpp
[17.716s] -- Installing: /home/w0x7ce/Desktop/AMAKE/A/PC_Control/install/motor_control_rclcpp/share/motor_control_rclcpp/cmake/motor_control_rclcppConfig.cmake
[17.716s] -- Installing: /home/w0x7ce/Desktop/AMAKE/A/PC_Control/install/motor_control_rclcpp/share/motor_control_rclcpp/cmake/motor_control_rclcppConfig-version.cmake
[17.716s] -- Installing: /home/w0x7ce/Desktop/AMAKE/A/PC_Control/install/motor_control_rclcpp/share/motor_control_rclcpp/package.xml
[17.719s] Invoked command in '/home/w0x7ce/Desktop/AMAKE/A/PC_Control/build/motor_control_rclcpp' returned '0': CMAKE_PREFIX_PATH=/opt/ros/humble CONDA_PROMPT_MODIFIER=(base) /usr/bin/cmake --install /home/w0x7ce/Desktop/AMAKE/A/PC_Control/build/motor_control_rclcpp
