[0.303s] DEBUG:colcon:Command line arguments: ['/usr/bin/colcon', 'build']
[0.303s] DEBUG:colcon:Parsed command line arguments: Namespace(log_base=None, log_level=None, verb_name='build', build_base='build', install_base='install', merge_install=False, symlink_install=False, test_result_base=None, continue_on_error=False, executor='parallel', parallel_workers=4, event_handlers=None, ignore_user_meta=False, metas=['./colcon.meta'], base_paths=['.'], packages_ignore=None, packages_ignore_regex=None, paths=None, packages_up_to=None, packages_up_to_regex=None, packages_above=None, packages_above_and_dependencies=None, packages_above_depth=None, packages_select_by_dep=None, packages_skip_by_dep=None, packages_skip_up_to=None, packages_select_build_failed=False, packages_skip_build_finished=False, packages_select_test_failures=False, packages_skip_test_passed=False, packages_select=None, packages_skip=None, packages_select_regex=None, packages_skip_regex=None, packages_start=None, packages_end=None, allow_overriding=[], cmake_args=None, cmake_target=None, cmake_target_skip_unavailable=False, cmake_clean_cache=False, cmake_clean_first=False, cmake_force_configure=False, ament_cmake_args=None, catkin_cmake_args=None, catkin_skip_building_tests=False, verb_parser=<colcon_defaults.argument_parser.defaults.DefaultArgumentsDecorator object at 0x7f096c818070>, verb_extension=<colcon_core.verb.build.BuildVerb object at 0x7f096d1932b0>, main=<bound method BuildVerb.main of <colcon_core.verb.build.BuildVerb object at 0x7f096d1932b0>>)
[0.324s] Level 1:colcon.colcon_core.package_discovery:discover_packages(colcon_meta) check parameters
[0.325s] Level 1:colcon.colcon_core.package_discovery:discover_packages(recursive) check parameters
[0.325s] Level 1:colcon.colcon_core.package_discovery:discover_packages(ignore) check parameters
[0.325s] Level 1:colcon.colcon_core.package_discovery:discover_packages(path) check parameters
[0.325s] Level 1:colcon.colcon_core.package_discovery:discover_packages(colcon_meta) discover
[0.325s] Level 1:colcon.colcon_core.package_discovery:discover_packages(recursive) discover
[0.325s] INFO:colcon.colcon_core.package_discovery:Crawling recursively for packages in '/home/w0x7ce/Desktop/AMAKE/A/PC_Control/src'
[0.325s] Level 1:colcon.colcon_core.package_identification:_identify(.) by extensions ['ignore', 'ignore_ament_install']
[0.325s] Level 1:colcon.colcon_core.package_identification:_identify(.) by extension 'ignore'
[0.325s] Level 1:colcon.colcon_core.package_identification:_identify(.) by extension 'ignore_ament_install'
[0.325s] Level 1:colcon.colcon_core.package_identification:_identify(.) by extensions ['colcon_pkg']
[0.325s] Level 1:colcon.colcon_core.package_identification:_identify(.) by extension 'colcon_pkg'
[0.325s] Level 1:colcon.colcon_core.package_identification:_identify(.) by extensions ['colcon_meta']
[0.325s] Level 1:colcon.colcon_core.package_identification:_identify(.) by extension 'colcon_meta'
[0.325s] Level 1:colcon.colcon_core.package_identification:_identify(.) by extensions ['ros']
[0.325s] Level 1:colcon.colcon_core.package_identification:_identify(.) by extension 'ros'
[0.347s] Level 1:colcon.colcon_core.package_identification:_identify(.) by extensions ['cmake', 'python']
[0.347s] Level 1:colcon.colcon_core.package_identification:_identify(.) by extension 'cmake'
[0.347s] Level 1:colcon.colcon_core.package_identification:_identify(.) by extension 'python'
[0.347s] Level 1:colcon.colcon_core.package_identification:_identify(.) by extensions ['python_setup_py']
[0.347s] Level 1:colcon.colcon_core.package_identification:_identify(.) by extension 'python_setup_py'
[0.347s] Level 1:colcon.colcon_core.package_identification:_identify(build) by extensions ['ignore', 'ignore_ament_install']
[0.348s] Level 1:colcon.colcon_core.package_identification:_identify(build) by extension 'ignore'
[0.348s] Level 1:colcon.colcon_core.package_identification:_identify(build) ignored
[0.348s] Level 1:colcon.colcon_core.package_identification:_identify(install) by extensions ['ignore', 'ignore_ament_install']
[0.348s] Level 1:colcon.colcon_core.package_identification:_identify(install) by extension 'ignore'
[0.348s] Level 1:colcon.colcon_core.package_identification:_identify(install) ignored
[0.348s] Level 1:colcon.colcon_core.package_identification:_identify(log) by extensions ['ignore', 'ignore_ament_install']
[0.348s] Level 1:colcon.colcon_core.package_identification:_identify(log) by extension 'ignore'
[0.348s] Level 1:colcon.colcon_core.package_identification:_identify(log) ignored
[0.348s] Level 1:colcon.colcon_core.package_identification:_identify(motor_control_rclcpp) by extensions ['ignore', 'ignore_ament_install']
[0.348s] Level 1:colcon.colcon_core.package_identification:_identify(motor_control_rclcpp) by extension 'ignore'
[0.348s] Level 1:colcon.colcon_core.package_identification:_identify(motor_control_rclcpp) by extension 'ignore_ament_install'
[0.348s] Level 1:colcon.colcon_core.package_identification:_identify(motor_control_rclcpp) by extensions ['colcon_pkg']
[0.348s] Level 1:colcon.colcon_core.package_identification:_identify(motor_control_rclcpp) by extension 'colcon_pkg'
[0.348s] Level 1:colcon.colcon_core.package_identification:_identify(motor_control_rclcpp) by extensions ['colcon_meta']
[0.348s] Level 1:colcon.colcon_core.package_identification:_identify(motor_control_rclcpp) by extension 'colcon_meta'
[0.348s] Level 1:colcon.colcon_core.package_identification:_identify(motor_control_rclcpp) by extensions ['ros']
[0.348s] Level 1:colcon.colcon_core.package_identification:_identify(motor_control_rclcpp) by extension 'ros'
[0.351s] DEBUG:colcon.colcon_core.package_identification:Package 'motor_control_rclcpp' with type 'ros.ament_cmake' and name 'motor_control_rclcpp'
[0.351s] Level 1:colcon.colcon_core.package_identification:_identify(motor_control_rclpy) by extensions ['ignore', 'ignore_ament_install']
[0.351s] Level 1:colcon.colcon_core.package_identification:_identify(motor_control_rclpy) by extension 'ignore'
[0.351s] Level 1:colcon.colcon_core.package_identification:_identify(motor_control_rclpy) by extension 'ignore_ament_install'
[0.352s] Level 1:colcon.colcon_core.package_identification:_identify(motor_control_rclpy) by extensions ['colcon_pkg']
[0.352s] Level 1:colcon.colcon_core.package_identification:_identify(motor_control_rclpy) by extension 'colcon_pkg'
[0.352s] Level 1:colcon.colcon_core.package_identification:_identify(motor_control_rclpy) by extensions ['colcon_meta']
[0.352s] Level 1:colcon.colcon_core.package_identification:_identify(motor_control_rclpy) by extension 'colcon_meta'
[0.352s] Level 1:colcon.colcon_core.package_identification:_identify(motor_control_rclpy) by extensions ['ros']
[0.352s] Level 1:colcon.colcon_core.package_identification:_identify(motor_control_rclpy) by extension 'ros'
[0.352s] DEBUG:colcon.colcon_core.package_identification:Package 'motor_control_rclpy' with type 'ros.ament_python' and name 'motor_control_rclpy'
[0.352s] Level 1:colcon.colcon_core.package_discovery:discover_packages(recursive) using defaults
[0.352s] Level 1:colcon.colcon_core.package_discovery:discover_packages(ignore) discover
[0.352s] Level 1:colcon.colcon_core.package_discovery:discover_packages(ignore) using defaults
[0.352s] Level 1:colcon.colcon_core.package_discovery:discover_packages(path) discover
[0.352s] Level 1:colcon.colcon_core.package_discovery:discover_packages(path) using defaults
[0.376s] Level 1:colcon.colcon_core.package_discovery:discover_packages(prefix_path) check parameters
[0.376s] Level 1:colcon.colcon_core.package_discovery:discover_packages(prefix_path) discover
[0.379s] DEBUG:colcon.colcon_installed_package_information.package_discovery:Found 3 installed packages in /home/w0x7ce/Desktop/AMAKE/A/PC_Control/install
[0.381s] DEBUG:colcon.colcon_installed_package_information.package_discovery:Found 304 installed packages in /opt/ros/humble
[0.382s] Level 1:colcon.colcon_core.package_discovery:discover_packages(prefix_path) using defaults
[0.443s] Level 5:colcon.colcon_core.verb:set package 'motor_control_rclcpp' build argument 'cmake_args' from command line to 'None'
[0.444s] Level 5:colcon.colcon_core.verb:set package 'motor_control_rclcpp' build argument 'cmake_target' from command line to 'None'
[0.444s] Level 5:colcon.colcon_core.verb:set package 'motor_control_rclcpp' build argument 'cmake_target_skip_unavailable' from command line to 'False'
[0.444s] Level 5:colcon.colcon_core.verb:set package 'motor_control_rclcpp' build argument 'cmake_clean_cache' from command line to 'False'
[0.444s] Level 5:colcon.colcon_core.verb:set package 'motor_control_rclcpp' build argument 'cmake_clean_first' from command line to 'False'
[0.444s] Level 5:colcon.colcon_core.verb:set package 'motor_control_rclcpp' build argument 'cmake_force_configure' from command line to 'False'
[0.444s] Level 5:colcon.colcon_core.verb:set package 'motor_control_rclcpp' build argument 'ament_cmake_args' from command line to 'None'
[0.444s] Level 5:colcon.colcon_core.verb:set package 'motor_control_rclcpp' build argument 'catkin_cmake_args' from command line to 'None'
[0.444s] Level 5:colcon.colcon_core.verb:set package 'motor_control_rclcpp' build argument 'catkin_skip_building_tests' from command line to 'False'
[0.444s] DEBUG:colcon.colcon_core.verb:Building package 'motor_control_rclcpp' with the following arguments: {'ament_cmake_args': None, 'build_base': '/home/w0x7ce/Desktop/AMAKE/A/PC_Control/src/build/motor_control_rclcpp', 'catkin_cmake_args': None, 'catkin_skip_building_tests': False, 'cmake_args': None, 'cmake_clean_cache': False, 'cmake_clean_first': False, 'cmake_force_configure': False, 'cmake_target': None, 'cmake_target_skip_unavailable': False, 'install_base': '/home/w0x7ce/Desktop/AMAKE/A/PC_Control/src/install/motor_control_rclcpp', 'merge_install': False, 'path': '/home/w0x7ce/Desktop/AMAKE/A/PC_Control/src/motor_control_rclcpp', 'symlink_install': False, 'test_result_base': None}
[0.445s] Level 5:colcon.colcon_core.verb:set package 'motor_control_rclpy' build argument 'cmake_args' from command line to 'None'
[0.445s] Level 5:colcon.colcon_core.verb:set package 'motor_control_rclpy' build argument 'cmake_target' from command line to 'None'
[0.445s] Level 5:colcon.colcon_core.verb:set package 'motor_control_rclpy' build argument 'cmake_target_skip_unavailable' from command line to 'False'
[0.445s] Level 5:colcon.colcon_core.verb:set package 'motor_control_rclpy' build argument 'cmake_clean_cache' from command line to 'False'
[0.445s] Level 5:colcon.colcon_core.verb:set package 'motor_control_rclpy' build argument 'cmake_clean_first' from command line to 'False'
[0.445s] Level 5:colcon.colcon_core.verb:set package 'motor_control_rclpy' build argument 'cmake_force_configure' from command line to 'False'
[0.445s] Level 5:colcon.colcon_core.verb:set package 'motor_control_rclpy' build argument 'ament_cmake_args' from command line to 'None'
[0.445s] Level 5:colcon.colcon_core.verb:set package 'motor_control_rclpy' build argument 'catkin_cmake_args' from command line to 'None'
[0.445s] Level 5:colcon.colcon_core.verb:set package 'motor_control_rclpy' build argument 'catkin_skip_building_tests' from command line to 'False'
[0.445s] DEBUG:colcon.colcon_core.verb:Building package 'motor_control_rclpy' with the following arguments: {'ament_cmake_args': None, 'build_base': '/home/w0x7ce/Desktop/AMAKE/A/PC_Control/src/build/motor_control_rclpy', 'catkin_cmake_args': None, 'catkin_skip_building_tests': False, 'cmake_args': None, 'cmake_clean_cache': False, 'cmake_clean_first': False, 'cmake_force_configure': False, 'cmake_target': None, 'cmake_target_skip_unavailable': False, 'install_base': '/home/w0x7ce/Desktop/AMAKE/A/PC_Control/src/install/motor_control_rclpy', 'merge_install': False, 'path': '/home/w0x7ce/Desktop/AMAKE/A/PC_Control/src/motor_control_rclpy', 'symlink_install': False, 'test_result_base': None}
[0.445s] INFO:colcon.colcon_core.executor:Executing jobs using 'parallel' executor
[0.449s] DEBUG:colcon.colcon_parallel_executor.executor.parallel:run_until_complete
[0.449s] INFO:colcon.colcon_ros.task.ament_cmake.build:Building ROS package in '/home/w0x7ce/Desktop/AMAKE/A/PC_Control/src/motor_control_rclcpp' with build type 'ament_cmake'
[0.449s] INFO:colcon.colcon_cmake.task.cmake.build:Building CMake package in '/home/w0x7ce/Desktop/AMAKE/A/PC_Control/src/motor_control_rclcpp'
[0.454s] INFO:colcon.colcon_core.plugin_system:Skipping extension 'colcon_core.shell.bat': Not used on non-Windows systems
[0.454s] INFO:colcon.colcon_core.shell:Skip shell extension 'powershell' for command environment: Not usable outside of PowerShell
[0.454s] DEBUG:colcon.colcon_core.shell:Skip shell extension 'dsv' for command environment
[0.459s] INFO:colcon.colcon_ros.task.ament_python.build:Building ROS package in '/home/w0x7ce/Desktop/AMAKE/A/PC_Control/src/motor_control_rclpy' with build type 'ament_python'
[0.459s] Level 1:colcon.colcon_core.shell:create_environment_hook('motor_control_rclpy', 'ament_prefix_path')
[0.461s] INFO:colcon.colcon_core.shell:Creating environment hook '/home/w0x7ce/Desktop/AMAKE/A/PC_Control/src/install/motor_control_rclpy/share/motor_control_rclpy/hook/ament_prefix_path.ps1'
[0.461s] INFO:colcon.colcon_core.shell:Creating environment descriptor '/home/w0x7ce/Desktop/AMAKE/A/PC_Control/src/install/motor_control_rclpy/share/motor_control_rclpy/hook/ament_prefix_path.dsv'
[0.462s] INFO:colcon.colcon_core.shell:Creating environment hook '/home/w0x7ce/Desktop/AMAKE/A/PC_Control/src/install/motor_control_rclpy/share/motor_control_rclpy/hook/ament_prefix_path.sh'
[0.463s] INFO:colcon.colcon_core.shell:Skip shell extension 'powershell' for command environment: Not usable outside of PowerShell
[0.463s] DEBUG:colcon.colcon_core.shell:Skip shell extension 'dsv' for command environment
[0.473s] DEBUG:colcon.colcon_core.event_handler.log_command:Invoking command in '/home/w0x7ce/Desktop/AMAKE/A/PC_Control/src/build/motor_control_rclcpp': CMAKE_PREFIX_PATH=${CMAKE_PREFIX_PATH}:/home/w0x7ce/Desktop/AMAKE/A/PC_Control/install/example_topic_rclpy:/home/w0x7ce/Desktop/AMAKE/A/PC_Control/install/py_pubsub:/opt/ros/humble /usr/bin/cmake --build /home/w0x7ce/Desktop/AMAKE/A/PC_Control/src/build/motor_control_rclcpp -- -j4 -l4
[0.717s] INFO:colcon.colcon_core.task.python.build:Building Python package in '/home/w0x7ce/Desktop/AMAKE/A/PC_Control/src/motor_control_rclpy'
[0.718s] INFO:colcon.colcon_core.shell:Skip shell extension 'powershell' for command environment: Not usable outside of PowerShell
[0.718s] DEBUG:colcon.colcon_core.shell:Skip shell extension 'dsv' for command environment
[0.723s] DEBUG:colcon.colcon_core.event_handler.log_command:Invoked command in '/home/w0x7ce/Desktop/AMAKE/A/PC_Control/src/build/motor_control_rclcpp' returned '0': CMAKE_PREFIX_PATH=${CMAKE_PREFIX_PATH}:/home/w0x7ce/Desktop/AMAKE/A/PC_Control/install/example_topic_rclpy:/home/w0x7ce/Desktop/AMAKE/A/PC_Control/install/py_pubsub:/opt/ros/humble /usr/bin/cmake --build /home/w0x7ce/Desktop/AMAKE/A/PC_Control/src/build/motor_control_rclcpp -- -j4 -l4
[0.758s] DEBUG:colcon.colcon_core.event_handler.log_command:Invoking command in '/home/w0x7ce/Desktop/AMAKE/A/PC_Control/src/build/motor_control_rclcpp': CMAKE_PREFIX_PATH=${CMAKE_PREFIX_PATH}:/home/w0x7ce/Desktop/AMAKE/A/PC_Control/install/example_topic_rclpy:/home/w0x7ce/Desktop/AMAKE/A/PC_Control/install/py_pubsub:/opt/ros/humble /usr/bin/cmake --install /home/w0x7ce/Desktop/AMAKE/A/PC_Control/src/build/motor_control_rclcpp
[0.773s] Level 1:colcon.colcon_core.environment:create_environment_scripts_only(motor_control_rclcpp)
[0.777s] DEBUG:colcon.colcon_core.event_handler.log_command:Invoked command in '/home/w0x7ce/Desktop/AMAKE/A/PC_Control/src/build/motor_control_rclcpp' returned '0': CMAKE_PREFIX_PATH=${CMAKE_PREFIX_PATH}:/home/w0x7ce/Desktop/AMAKE/A/PC_Control/install/example_topic_rclpy:/home/w0x7ce/Desktop/AMAKE/A/PC_Control/install/py_pubsub:/opt/ros/humble /usr/bin/cmake --install /home/w0x7ce/Desktop/AMAKE/A/PC_Control/src/build/motor_control_rclcpp
[0.778s] Level 1:colcon.colcon_core.environment:checking '/home/w0x7ce/Desktop/AMAKE/A/PC_Control/src/install/motor_control_rclcpp' for CMake module files
[0.779s] Level 1:colcon.colcon_core.environment:checking '/home/w0x7ce/Desktop/AMAKE/A/PC_Control/src/install/motor_control_rclcpp' for CMake config files
[0.779s] Level 1:colcon.colcon_core.shell:create_environment_hook('motor_control_rclcpp', 'cmake_prefix_path')
[0.780s] INFO:colcon.colcon_core.shell:Creating environment hook '/home/w0x7ce/Desktop/AMAKE/A/PC_Control/src/install/motor_control_rclcpp/share/motor_control_rclcpp/hook/cmake_prefix_path.ps1'
[0.781s] INFO:colcon.colcon_core.shell:Creating environment descriptor '/home/w0x7ce/Desktop/AMAKE/A/PC_Control/src/install/motor_control_rclcpp/share/motor_control_rclcpp/hook/cmake_prefix_path.dsv'
[0.781s] INFO:colcon.colcon_core.shell:Creating environment hook '/home/w0x7ce/Desktop/AMAKE/A/PC_Control/src/install/motor_control_rclcpp/share/motor_control_rclcpp/hook/cmake_prefix_path.sh'
[0.782s] Level 1:colcon.colcon_core.environment:checking '/home/w0x7ce/Desktop/AMAKE/A/PC_Control/src/install/motor_control_rclcpp/lib'
[0.782s] Level 1:colcon.colcon_core.environment:checking '/home/w0x7ce/Desktop/AMAKE/A/PC_Control/src/install/motor_control_rclcpp/bin'
[0.782s] Level 1:colcon.colcon_core.environment:checking '/home/w0x7ce/Desktop/AMAKE/A/PC_Control/src/install/motor_control_rclcpp/lib/pkgconfig/motor_control_rclcpp.pc'
[0.782s] Level 1:colcon.colcon_core.environment:checking '/home/w0x7ce/Desktop/AMAKE/A/PC_Control/src/install/motor_control_rclcpp/lib/python3.10/site-packages'
[0.782s] Level 1:colcon.colcon_core.environment:checking '/home/w0x7ce/Desktop/AMAKE/A/PC_Control/src/install/motor_control_rclcpp/bin'
[0.784s] INFO:colcon.colcon_core.shell:Creating package script '/home/w0x7ce/Desktop/AMAKE/A/PC_Control/src/install/motor_control_rclcpp/share/motor_control_rclcpp/package.ps1'
[0.784s] INFO:colcon.colcon_core.shell:Creating package descriptor '/home/w0x7ce/Desktop/AMAKE/A/PC_Control/src/install/motor_control_rclcpp/share/motor_control_rclcpp/package.dsv'
[0.785s] INFO:colcon.colcon_core.shell:Creating package script '/home/w0x7ce/Desktop/AMAKE/A/PC_Control/src/install/motor_control_rclcpp/share/motor_control_rclcpp/package.sh'
[0.786s] INFO:colcon.colcon_core.shell:Creating package script '/home/w0x7ce/Desktop/AMAKE/A/PC_Control/src/install/motor_control_rclcpp/share/motor_control_rclcpp/package.bash'
[0.786s] INFO:colcon.colcon_core.shell:Creating package script '/home/w0x7ce/Desktop/AMAKE/A/PC_Control/src/install/motor_control_rclcpp/share/motor_control_rclcpp/package.zsh'
[0.787s] Level 1:colcon.colcon_core.environment:create_file_with_runtime_dependencies(/home/w0x7ce/Desktop/AMAKE/A/PC_Control/src/install/motor_control_rclcpp/share/colcon-core/packages/motor_control_rclcpp)
[0.816s] Level 1:colcon.colcon_core.environment:create_environment_scripts_only(motor_control_rclcpp)
[0.817s] Level 1:colcon.colcon_core.environment:checking '/home/w0x7ce/Desktop/AMAKE/A/PC_Control/src/install/motor_control_rclcpp' for CMake module files
[0.818s] Level 1:colcon.colcon_core.environment:checking '/home/w0x7ce/Desktop/AMAKE/A/PC_Control/src/install/motor_control_rclcpp' for CMake config files
[0.818s] Level 1:colcon.colcon_core.shell:create_environment_hook('motor_control_rclcpp', 'cmake_prefix_path')
[0.819s] INFO:colcon.colcon_core.shell:Creating environment hook '/home/w0x7ce/Desktop/AMAKE/A/PC_Control/src/install/motor_control_rclcpp/share/motor_control_rclcpp/hook/cmake_prefix_path.ps1'
[0.820s] INFO:colcon.colcon_core.shell:Creating environment descriptor '/home/w0x7ce/Desktop/AMAKE/A/PC_Control/src/install/motor_control_rclcpp/share/motor_control_rclcpp/hook/cmake_prefix_path.dsv'
[0.820s] INFO:colcon.colcon_core.shell:Creating environment hook '/home/w0x7ce/Desktop/AMAKE/A/PC_Control/src/install/motor_control_rclcpp/share/motor_control_rclcpp/hook/cmake_prefix_path.sh'
[0.820s] Level 1:colcon.colcon_core.environment:checking '/home/w0x7ce/Desktop/AMAKE/A/PC_Control/src/install/motor_control_rclcpp/lib'
[0.821s] Level 1:colcon.colcon_core.environment:checking '/home/w0x7ce/Desktop/AMAKE/A/PC_Control/src/install/motor_control_rclcpp/bin'
[0.821s] Level 1:colcon.colcon_core.environment:checking '/home/w0x7ce/Desktop/AMAKE/A/PC_Control/src/install/motor_control_rclcpp/lib/pkgconfig/motor_control_rclcpp.pc'
[0.821s] Level 1:colcon.colcon_core.environment:checking '/home/w0x7ce/Desktop/AMAKE/A/PC_Control/src/install/motor_control_rclcpp/lib/python3.10/site-packages'
[0.821s] Level 1:colcon.colcon_core.environment:checking '/home/w0x7ce/Desktop/AMAKE/A/PC_Control/src/install/motor_control_rclcpp/bin'
[0.822s] INFO:colcon.colcon_core.shell:Creating package script '/home/w0x7ce/Desktop/AMAKE/A/PC_Control/src/install/motor_control_rclcpp/share/motor_control_rclcpp/package.ps1'
[0.823s] INFO:colcon.colcon_core.shell:Creating package descriptor '/home/w0x7ce/Desktop/AMAKE/A/PC_Control/src/install/motor_control_rclcpp/share/motor_control_rclcpp/package.dsv'
[0.823s] INFO:colcon.colcon_core.shell:Creating package script '/home/w0x7ce/Desktop/AMAKE/A/PC_Control/src/install/motor_control_rclcpp/share/motor_control_rclcpp/package.sh'
[0.823s] INFO:colcon.colcon_core.shell:Creating package script '/home/w0x7ce/Desktop/AMAKE/A/PC_Control/src/install/motor_control_rclcpp/share/motor_control_rclcpp/package.bash'
[0.824s] INFO:colcon.colcon_core.shell:Creating package script '/home/w0x7ce/Desktop/AMAKE/A/PC_Control/src/install/motor_control_rclcpp/share/motor_control_rclcpp/package.zsh'
[0.824s] Level 1:colcon.colcon_core.environment:create_file_with_runtime_dependencies(/home/w0x7ce/Desktop/AMAKE/A/PC_Control/src/install/motor_control_rclcpp/share/colcon-core/packages/motor_control_rclcpp)
[1.039s] DEBUG:colcon.colcon_core.event_handler.log_command:Invoking command in '/home/w0x7ce/Desktop/AMAKE/A/PC_Control/src/motor_control_rclpy': PYTHONPATH=/home/w0x7ce/Desktop/AMAKE/A/PC_Control/src/build/motor_control_rclpy/prefix_override:/home/w0x7ce/Desktop/AMAKE/A/PC_Control/src/install/motor_control_rclpy/lib/python3.10/site-packages:${PYTHONPATH} /usr/bin/python3 setup.py egg_info --egg-base ../build/motor_control_rclpy build --build-base /home/w0x7ce/Desktop/AMAKE/A/PC_Control/src/build/motor_control_rclpy/build install --record /home/w0x7ce/Desktop/AMAKE/A/PC_Control/src/build/motor_control_rclpy/install.log --single-version-externally-managed
[1.321s] Level 1:colcon.colcon_core.environment:checking '/home/w0x7ce/Desktop/AMAKE/A/PC_Control/src/install/motor_control_rclpy' for CMake module files
[1.321s] DEBUG:colcon.colcon_core.event_handler.log_command:Invoked command in '/home/w0x7ce/Desktop/AMAKE/A/PC_Control/src/motor_control_rclpy' returned '0': PYTHONPATH=/home/w0x7ce/Desktop/AMAKE/A/PC_Control/src/build/motor_control_rclpy/prefix_override:/home/w0x7ce/Desktop/AMAKE/A/PC_Control/src/install/motor_control_rclpy/lib/python3.10/site-packages:${PYTHONPATH} /usr/bin/python3 setup.py egg_info --egg-base ../build/motor_control_rclpy build --build-base /home/w0x7ce/Desktop/AMAKE/A/PC_Control/src/build/motor_control_rclpy/build install --record /home/w0x7ce/Desktop/AMAKE/A/PC_Control/src/build/motor_control_rclpy/install.log --single-version-externally-managed
[1.322s] Level 1:colcon.colcon_core.environment:checking '/home/w0x7ce/Desktop/AMAKE/A/PC_Control/src/install/motor_control_rclpy' for CMake config files
[1.322s] Level 1:colcon.colcon_core.environment:checking '/home/w0x7ce/Desktop/AMAKE/A/PC_Control/src/install/motor_control_rclpy/lib'
[1.322s] Level 1:colcon.colcon_core.environment:checking '/home/w0x7ce/Desktop/AMAKE/A/PC_Control/src/install/motor_control_rclpy/bin'
[1.322s] Level 1:colcon.colcon_core.environment:checking '/home/w0x7ce/Desktop/AMAKE/A/PC_Control/src/install/motor_control_rclpy/lib/pkgconfig/motor_control_rclpy.pc'
[1.323s] Level 1:colcon.colcon_core.environment:checking '/home/w0x7ce/Desktop/AMAKE/A/PC_Control/src/install/motor_control_rclpy/lib/python3.10/site-packages'
[1.323s] Level 1:colcon.colcon_core.shell:create_environment_hook('motor_control_rclpy', 'pythonpath')
[1.324s] INFO:colcon.colcon_core.shell:Creating environment hook '/home/w0x7ce/Desktop/AMAKE/A/PC_Control/src/install/motor_control_rclpy/share/motor_control_rclpy/hook/pythonpath.ps1'
[1.324s] INFO:colcon.colcon_core.shell:Creating environment descriptor '/home/w0x7ce/Desktop/AMAKE/A/PC_Control/src/install/motor_control_rclpy/share/motor_control_rclpy/hook/pythonpath.dsv'
[1.324s] INFO:colcon.colcon_core.shell:Creating environment hook '/home/w0x7ce/Desktop/AMAKE/A/PC_Control/src/install/motor_control_rclpy/share/motor_control_rclpy/hook/pythonpath.sh'
[1.325s] Level 1:colcon.colcon_core.environment:checking '/home/w0x7ce/Desktop/AMAKE/A/PC_Control/src/install/motor_control_rclpy/bin'
[1.325s] Level 1:colcon.colcon_core.environment:create_environment_scripts_only(motor_control_rclpy)
[1.326s] INFO:colcon.colcon_core.shell:Creating package script '/home/w0x7ce/Desktop/AMAKE/A/PC_Control/src/install/motor_control_rclpy/share/motor_control_rclpy/package.ps1'
[1.327s] INFO:colcon.colcon_core.shell:Creating package descriptor '/home/w0x7ce/Desktop/AMAKE/A/PC_Control/src/install/motor_control_rclpy/share/motor_control_rclpy/package.dsv'
[1.327s] INFO:colcon.colcon_core.shell:Creating package script '/home/w0x7ce/Desktop/AMAKE/A/PC_Control/src/install/motor_control_rclpy/share/motor_control_rclpy/package.sh'
[1.327s] INFO:colcon.colcon_core.shell:Creating package script '/home/w0x7ce/Desktop/AMAKE/A/PC_Control/src/install/motor_control_rclpy/share/motor_control_rclpy/package.bash'
[1.327s] INFO:colcon.colcon_core.shell:Creating package script '/home/w0x7ce/Desktop/AMAKE/A/PC_Control/src/install/motor_control_rclpy/share/motor_control_rclpy/package.zsh'
[1.328s] Level 1:colcon.colcon_core.environment:create_file_with_runtime_dependencies(/home/w0x7ce/Desktop/AMAKE/A/PC_Control/src/install/motor_control_rclpy/share/colcon-core/packages/motor_control_rclpy)
[1.328s] DEBUG:colcon.colcon_parallel_executor.executor.parallel:closing loop
[1.328s] DEBUG:colcon.colcon_parallel_executor.executor.parallel:loop closed
[1.328s] DEBUG:colcon.colcon_parallel_executor.executor.parallel:run_until_complete finished with '0'
[1.328s] DEBUG:colcon.colcon_core.event_reactor:joining thread
[1.335s] INFO:colcon.colcon_core.plugin_system:Skipping extension 'colcon_notification.desktop_notification.terminal_notifier': Not used on non-Darwin systems
[1.335s] INFO:colcon.colcon_core.plugin_system:Skipping extension 'colcon_notification.desktop_notification.win32': Not used on non-Windows systems
[1.335s] INFO:colcon.colcon_notification.desktop_notification:Sending desktop notification using 'notify2'
[1.345s] DEBUG:colcon.colcon_core.event_reactor:joined thread
[1.346s] INFO:colcon.colcon_core.shell:Creating prefix script '/home/w0x7ce/Desktop/AMAKE/A/PC_Control/src/install/local_setup.ps1'
[1.347s] INFO:colcon.colcon_core.shell:Creating prefix util module '/home/w0x7ce/Desktop/AMAKE/A/PC_Control/src/install/_local_setup_util_ps1.py'
[1.349s] INFO:colcon.colcon_core.shell:Creating prefix chain script '/home/w0x7ce/Desktop/AMAKE/A/PC_Control/src/install/setup.ps1'
[1.350s] INFO:colcon.colcon_core.shell:Creating prefix script '/home/w0x7ce/Desktop/AMAKE/A/PC_Control/src/install/local_setup.sh'
[1.350s] INFO:colcon.colcon_core.shell:Creating prefix util module '/home/w0x7ce/Desktop/AMAKE/A/PC_Control/src/install/_local_setup_util_sh.py'
[1.351s] INFO:colcon.colcon_core.shell:Creating prefix chain script '/home/w0x7ce/Desktop/AMAKE/A/PC_Control/src/install/setup.sh'
[1.352s] INFO:colcon.colcon_core.shell:Creating prefix script '/home/w0x7ce/Desktop/AMAKE/A/PC_Control/src/install/local_setup.bash'
[1.353s] INFO:colcon.colcon_core.shell:Creating prefix chain script '/home/w0x7ce/Desktop/AMAKE/A/PC_Control/src/install/setup.bash'
[1.354s] INFO:colcon.colcon_core.shell:Creating prefix script '/home/w0x7ce/Desktop/AMAKE/A/PC_Control/src/install/local_setup.zsh'
[1.354s] INFO:colcon.colcon_core.shell:Creating prefix chain script '/home/w0x7ce/Desktop/AMAKE/A/PC_Control/src/install/setup.zsh'
