[5.425s] Invoking command in '/home/w0x7ce/Desktop/AMAKE/A/PC_Control/src/py_pubsub': CONDA_PROMPT_MODIFIER=(base) PYTHONPATH=/home/w0x7ce/Desktop/AMAKE/A/PC_Control/install/py_pubsub/lib/python3.9/site-packages:${PYTHONPATH} /home/w0x7ce/anaconda3/bin/python setup.py egg_info --egg-base ../../build/py_pubsub build --build-base /home/w0x7ce/Desktop/AMAKE/A/PC_Control/build/py_pubsub/build install --prefix /home/w0x7ce/Desktop/AMAKE/A/PC_Control/install/py_pubsub --record /home/w0x7ce/Desktop/AMAKE/A/PC_Control/build/py_pubsub/install.log --single-version-externally-managed
[6.392s] running egg_info
[6.393s] creating ../../build/py_pubsub/py_pubsub.egg-info
[6.463s] writing ../../build/py_pubsub/py_pubsub.egg-info/PKG-INFO
[6.512s] writing dependency_links to ../../build/py_pubsub/py_pubsub.egg-info/dependency_links.txt
[6.666s] writing entry points to ../../build/py_pubsub/py_pubsub.egg-info/entry_points.txt
[6.762s] writing requirements to ../../build/py_pubsub/py_pubsub.egg-info/requires.txt
[6.812s] writing top-level names to ../../build/py_pubsub/py_pubsub.egg-info/top_level.txt
[6.812s] writing manifest file '../../build/py_pubsub/py_pubsub.egg-info/SOURCES.txt'
[6.905s] reading manifest file '../../build/py_pubsub/py_pubsub.egg-info/SOURCES.txt'
[6.905s] writing manifest file '../../build/py_pubsub/py_pubsub.egg-info/SOURCES.txt'
[6.905s] running build
[6.905s] running build_py
[6.906s] creating /home/w0x7ce/Desktop/AMAKE/A/PC_Control/build/py_pubsub/build
[6.906s] creating /home/w0x7ce/Desktop/AMAKE/A/PC_Control/build/py_pubsub/build/lib
[6.906s] creating /home/w0x7ce/Desktop/AMAKE/A/PC_Control/build/py_pubsub/build/lib/py_pubsub
[6.906s] copying py_pubsub/publisher_member_function.py -> /home/w0x7ce/Desktop/AMAKE/A/PC_Control/build/py_pubsub/build/lib/py_pubsub
[6.906s] copying py_pubsub/__init__.py -> /home/w0x7ce/Desktop/AMAKE/A/PC_Control/build/py_pubsub/build/lib/py_pubsub
[6.906s] running install
[6.944s] /home/w0x7ce/anaconda3/lib/python3.9/site-packages/setuptools/command/install.py:34: SetuptoolsDeprecationWarning: setup.py install is deprecated. Use build and pip and other standards-based tools.
[6.944s]   warnings.warn(
[6.949s] running install_lib
[7.020s] creating /home/w0x7ce/Desktop/AMAKE/A/PC_Control/install/py_pubsub/lib/python3.9/site-packages/py_pubsub
[7.020s] copying /home/w0x7ce/Desktop/AMAKE/A/PC_Control/build/py_pubsub/build/lib/py_pubsub/publisher_member_function.py -> /home/w0x7ce/Desktop/AMAKE/A/PC_Control/install/py_pubsub/lib/python3.9/site-packages/py_pubsub
[7.020s] copying /home/w0x7ce/Desktop/AMAKE/A/PC_Control/build/py_pubsub/build/lib/py_pubsub/__init__.py -> /home/w0x7ce/Desktop/AMAKE/A/PC_Control/install/py_pubsub/lib/python3.9/site-packages/py_pubsub
[7.020s] byte-compiling /home/w0x7ce/Desktop/AMAKE/A/PC_Control/install/py_pubsub/lib/python3.9/site-packages/py_pubsub/publisher_member_function.py to publisher_member_function.cpython-39.pyc
[7.021s] byte-compiling /home/w0x7ce/Desktop/AMAKE/A/PC_Control/install/py_pubsub/lib/python3.9/site-packages/py_pubsub/__init__.py to __init__.cpython-39.pyc
[7.021s] running install_data
[7.042s] creating /home/w0x7ce/Desktop/AMAKE/A/PC_Control/install/py_pubsub/share/ament_index
[7.042s] creating /home/w0x7ce/Desktop/AMAKE/A/PC_Control/install/py_pubsub/share/ament_index/resource_index
[7.042s] creating /home/w0x7ce/Desktop/AMAKE/A/PC_Control/install/py_pubsub/share/ament_index/resource_index/packages
[7.043s] copying resource/py_pubsub -> /home/w0x7ce/Desktop/AMAKE/A/PC_Control/install/py_pubsub/share/ament_index/resource_index/packages
[7.043s] copying package.xml -> /home/w0x7ce/Desktop/AMAKE/A/PC_Control/install/py_pubsub/share/py_pubsub
[7.043s] running install_egg_info
[7.114s] Copying ../../build/py_pubsub/py_pubsub.egg-info to /home/w0x7ce/Desktop/AMAKE/A/PC_Control/install/py_pubsub/lib/python3.9/site-packages/py_pubsub-0.0.0-py3.9.egg-info
[7.115s] running install_scripts
[7.276s] Installing listener script to /home/w0x7ce/Desktop/AMAKE/A/PC_Control/install/py_pubsub/lib/py_pubsub
[7.276s] Installing talker script to /home/w0x7ce/Desktop/AMAKE/A/PC_Control/install/py_pubsub/lib/py_pubsub
[7.276s] writing list of installed files to '/home/w0x7ce/Desktop/AMAKE/A/PC_Control/build/py_pubsub/install.log'
[7.314s] Invoked command in '/home/w0x7ce/Desktop/AMAKE/A/PC_Control/src/py_pubsub' returned '0': CONDA_PROMPT_MODIFIER=(base) PYTHONPATH=/home/w0x7ce/Desktop/AMAKE/A/PC_Control/install/py_pubsub/lib/python3.9/site-packages:${PYTHONPATH} /home/w0x7ce/anaconda3/bin/python setup.py egg_info --egg-base ../../build/py_pubsub build --build-base /home/w0x7ce/Desktop/AMAKE/A/PC_Control/build/py_pubsub/build install --prefix /home/w0x7ce/Desktop/AMAKE/A/PC_Control/install/py_pubsub --record /home/w0x7ce/Desktop/AMAKE/A/PC_Control/build/py_pubsub/install.log --single-version-externally-managed
