[0.552s] Invoking command in '/home/w0x7ce/Desktop/AMAKE/A/PC_Control/src/example_topic_rclpy': PYTHONPATH=/home/w0x7ce/Desktop/AMAKE/A/PC_Control/build/example_topic_rclpy/prefix_override:/home/w0x7ce/Desktop/AMAKE/A/PC_Control/install/example_topic_rclpy/lib/python3.10/site-packages:${PYTHONPATH} /usr/bin/python3 setup.py egg_info --egg-base ../../build/example_topic_rclpy build --build-base /home/w0x7ce/Desktop/AMAKE/A/PC_Control/build/example_topic_rclpy/build install --record /home/w0x7ce/Desktop/AMAKE/A/PC_Control/build/example_topic_rclpy/install.log --single-version-externally-managed
[0.761s] running egg_info
[0.762s] writing ../../build/example_topic_rclpy/example_topic_rclpy.egg-info/PKG-INFO
[0.762s] writing dependency_links to ../../build/example_topic_rclpy/example_topic_rclpy.egg-info/dependency_links.txt
[0.762s] writing entry points to ../../build/example_topic_rclpy/example_topic_rclpy.egg-info/entry_points.txt
[0.762s] writing requirements to ../../build/example_topic_rclpy/example_topic_rclpy.egg-info/requires.txt
[0.762s] writing top-level names to ../../build/example_topic_rclpy/example_topic_rclpy.egg-info/top_level.txt
[0.764s] reading manifest file '../../build/example_topic_rclpy/example_topic_rclpy.egg-info/SOURCES.txt'
[0.765s] writing manifest file '../../build/example_topic_rclpy/example_topic_rclpy.egg-info/SOURCES.txt'
[0.765s] running build
[0.765s] running build_py
[0.765s] copying example_topic_rclpy/topic_subscribe_02.py -> /home/w0x7ce/Desktop/AMAKE/A/PC_Control/build/example_topic_rclpy/build/lib/example_topic_rclpy
[0.765s] running install
[0.766s] /usr/lib/python3/dist-packages/setuptools/command/install.py:34: SetuptoolsDeprecationWarning: setup.py install is deprecated. Use build and pip and other standards-based tools.
[0.766s]   warnings.warn(
[0.766s] running install_lib
[0.766s] copying /home/w0x7ce/Desktop/AMAKE/A/PC_Control/build/example_topic_rclpy/build/lib/example_topic_rclpy/topic_subscribe_02.py -> /home/w0x7ce/Desktop/AMAKE/A/PC_Control/install/example_topic_rclpy/lib/python3.10/site-packages/example_topic_rclpy
[0.767s] byte-compiling /home/w0x7ce/Desktop/AMAKE/A/PC_Control/install/example_topic_rclpy/lib/python3.10/site-packages/example_topic_rclpy/topic_subscribe_02.py to topic_subscribe_02.cpython-310.pyc
[0.767s] running install_data
[0.768s] running install_egg_info
[0.769s] removing '/home/w0x7ce/Desktop/AMAKE/A/PC_Control/install/example_topic_rclpy/lib/python3.10/site-packages/example_topic_rclpy-0.0.0-py3.10.egg-info' (and everything under it)
[0.769s] Copying ../../build/example_topic_rclpy/example_topic_rclpy.egg-info to /home/w0x7ce/Desktop/AMAKE/A/PC_Control/install/example_topic_rclpy/lib/python3.10/site-packages/example_topic_rclpy-0.0.0-py3.10.egg-info
[0.770s] running install_scripts
[0.789s] Installing topic_subscribe_02 script to /home/w0x7ce/Desktop/AMAKE/A/PC_Control/install/example_topic_rclpy/lib/example_topic_rclpy
[0.789s] writing list of installed files to '/home/w0x7ce/Desktop/AMAKE/A/PC_Control/build/example_topic_rclpy/install.log'
[0.812s] Invoked command in '/home/w0x7ce/Desktop/AMAKE/A/PC_Control/src/example_topic_rclpy' returned '0': PYTHONPATH=/home/w0x7ce/Desktop/AMAKE/A/PC_Control/build/example_topic_rclpy/prefix_override:/home/w0x7ce/Desktop/AMAKE/A/PC_Control/install/example_topic_rclpy/lib/python3.10/site-packages:${PYTHONPATH} /usr/bin/python3 setup.py egg_info --egg-base ../../build/example_topic_rclpy build --build-base /home/w0x7ce/Desktop/AMAKE/A/PC_Control/build/example_topic_rclpy/build install --record /home/w0x7ce/Desktop/AMAKE/A/PC_Control/build/example_topic_rclpy/install.log --single-version-externally-managed
