[0.019s] Invoking command in '/home/w0x7ce/Desktop/1_ros/PC_Control/build/motor_control_rclcpp': CMAKE_PREFIX_PATH=/opt/ros/humble /usr/bin/cmake /home/w0x7ce/Desktop/1_ros/PC_Control/src/motor_control_rclcpp -DCMAKE_INSTALL_PREFIX=/home/w0x7ce/Desktop/1_ros/PC_Control/install/motor_control_rclcpp
[0.066s] -- The C compiler identification is GNU 11.3.0
[0.107s] -- The CXX compiler identification is GNU 11.3.0
[0.112s] -- Detecting C compiler ABI info
[0.171s] -- Detecting C compiler ABI info - done
[0.173s] -- Check for working C compiler: /usr/bin/cc - skipped
[0.174s] -- Detecting C compile features
[0.174s] -- Detecting C compile features - done
[0.176s] -- Detecting CXX compiler ABI info
[0.237s] -- Detecting CXX compiler ABI info - done
[0.241s] -- Check for working CXX compiler: /usr/bin/c++ - skipped
[0.242s] -- Detecting CXX compile features
[0.242s] -- Detecting CXX compile features - done
[0.244s] -- Found ament_cmake: 1.3.3 (/opt/ros/humble/share/ament_cmake/cmake)
[0.380s] -- Found Python3: /usr/bin/python3.10 (found version "3.10.6") found components: Interpreter 
[0.446s] -- Found rclcpp: 16.0.2 (/opt/ros/humble/share/rclcpp/cmake)
[0.480s] -- Found rosidl_generator_c: 3.1.4 (/opt/ros/humble/share/rosidl_generator_c/cmake)
[0.483s] -- Found rosidl_adapter: 3.1.4 (/opt/ros/humble/share/rosidl_adapter/cmake)
[0.491s] -- Found rosidl_generator_cpp: 3.1.4 (/opt/ros/humble/share/rosidl_generator_cpp/cmake)
[0.504s] -- Using all available rosidl_typesupport_c: rosidl_typesupport_fastrtps_c;rosidl_typesupport_introspection_c
[0.519s] -- Using all available rosidl_typesupport_cpp: rosidl_typesupport_fastrtps_cpp;rosidl_typesupport_introspection_cpp
[0.571s] -- Found rmw_implementation_cmake: 6.1.1 (/opt/ros/humble/share/rmw_implementation_cmake/cmake)
[0.573s] -- Found rmw_fastrtps_cpp: 6.2.2 (/opt/ros/humble/share/rmw_fastrtps_cpp/cmake)
[0.637s] -- Found OpenSSL: /usr/lib/x86_64-linux-gnu/libcrypto.so (found version "3.0.2")  
[0.661s] -- Found FastRTPS: /opt/ros/humble/include  
[0.709s] -- Using RMW implementation 'rmw_fastrtps_cpp' as default
[0.720s] -- Looking for pthread.h
[0.790s] -- Looking for pthread.h - found
[0.790s] -- Performing Test CMAKE_HAVE_LIBC_PTHREAD
[0.854s] -- Performing Test CMAKE_HAVE_LIBC_PTHREAD - Success
[0.855s] -- Found Threads: TRUE  
[0.980s] -- Found ament_lint_auto: 0.12.4 (/opt/ros/humble/share/ament_lint_auto/cmake)
[1.039s] -- Added test 'cppcheck' to perform static code analysis on C / C++ code
[1.039s] -- Configured cppcheck include dirs: 
[1.039s] -- Configured cppcheck exclude dirs and/or files: 
[1.040s] -- Added test 'lint_cmake' to check CMake code style
[1.040s] -- Added test 'uncrustify' to check C / C++ code style
[1.040s] -- Configured uncrustify additional arguments: 
[1.040s] -- Added test 'xmllint' to check XML markup files
[1.041s] -- Configuring done
[1.051s] -- Generating done
[1.053s] -- Build files have been written to: /home/w0x7ce/Desktop/1_ros/PC_Control/build/motor_control_rclcpp
[1.064s] Invoked command in '/home/w0x7ce/Desktop/1_ros/PC_Control/build/motor_control_rclcpp' returned '0': CMAKE_PREFIX_PATH=/opt/ros/humble /usr/bin/cmake /home/w0x7ce/Desktop/1_ros/PC_Control/src/motor_control_rclcpp -DCMAKE_INSTALL_PREFIX=/home/w0x7ce/Desktop/1_ros/PC_Control/install/motor_control_rclcpp
[1.065s] Invoking command in '/home/w0x7ce/Desktop/1_ros/PC_Control/build/motor_control_rclcpp': CMAKE_PREFIX_PATH=/opt/ros/humble /usr/bin/cmake --build /home/w0x7ce/Desktop/1_ros/PC_Control/build/motor_control_rclcpp -- -j2 -l2
[1.099s] [ 50%] [32mBuilding CXX object CMakeFiles/change_speed.dir/src/change_speed.cpp.o[0m
[1.099s] [ 50%] [32mBuilding CXX object CMakeFiles/get_speed.dir/src/get_speed.cpp.o[0m
[7.617s] [ 75%] [32m[1mLinking CXX executable change_speed[0m
[7.770s] [ 75%] Built target change_speed
[11.518s] [100%] [32m[1mLinking CXX executable get_speed[0m
[11.815s] [100%] Built target get_speed
[11.822s] Invoked command in '/home/w0x7ce/Desktop/1_ros/PC_Control/build/motor_control_rclcpp' returned '0': CMAKE_PREFIX_PATH=/opt/ros/humble /usr/bin/cmake --build /home/w0x7ce/Desktop/1_ros/PC_Control/build/motor_control_rclcpp -- -j2 -l2
[11.857s] Invoking command in '/home/w0x7ce/Desktop/1_ros/PC_Control/build/motor_control_rclcpp': CMAKE_PREFIX_PATH=/opt/ros/humble /usr/bin/cmake --install /home/w0x7ce/Desktop/1_ros/PC_Control/build/motor_control_rclcpp
[11.862s] -- Install configuration: ""
[11.864s] -- Installing: /home/w0x7ce/Desktop/1_ros/PC_Control/install/motor_control_rclcpp/lib/motor_control_rclcpp/get_speed
[11.868s] -- Set runtime path of "/home/w0x7ce/Desktop/1_ros/PC_Control/install/motor_control_rclcpp/lib/motor_control_rclcpp/get_speed" to ""
[11.869s] -- Installing: /home/w0x7ce/Desktop/1_ros/PC_Control/install/motor_control_rclcpp/lib/motor_control_rclcpp/change_speed
[11.870s] -- Set runtime path of "/home/w0x7ce/Desktop/1_ros/PC_Control/install/motor_control_rclcpp/lib/motor_control_rclcpp/change_speed" to ""
[11.871s] -- Installing: /home/w0x7ce/Desktop/1_ros/PC_Control/install/motor_control_rclcpp/share/ament_index/resource_index/package_run_dependencies/motor_control_rclcpp
[11.871s] -- Installing: /home/w0x7ce/Desktop/1_ros/PC_Control/install/motor_control_rclcpp/share/ament_index/resource_index/parent_prefix_path/motor_control_rclcpp
[11.871s] -- Installing: /home/w0x7ce/Desktop/1_ros/PC_Control/install/motor_control_rclcpp/share/motor_control_rclcpp/environment/ament_prefix_path.sh
[11.872s] -- Installing: /home/w0x7ce/Desktop/1_ros/PC_Control/install/motor_control_rclcpp/share/motor_control_rclcpp/environment/ament_prefix_path.dsv
[11.872s] -- Installing: /home/w0x7ce/Desktop/1_ros/PC_Control/install/motor_control_rclcpp/share/motor_control_rclcpp/environment/path.sh
[11.872s] -- Installing: /home/w0x7ce/Desktop/1_ros/PC_Control/install/motor_control_rclcpp/share/motor_control_rclcpp/environment/path.dsv
[11.872s] -- Installing: /home/w0x7ce/Desktop/1_ros/PC_Control/install/motor_control_rclcpp/share/motor_control_rclcpp/local_setup.bash
[11.872s] -- Installing: /home/w0x7ce/Desktop/1_ros/PC_Control/install/motor_control_rclcpp/share/motor_control_rclcpp/local_setup.sh
[11.872s] -- Installing: /home/w0x7ce/Desktop/1_ros/PC_Control/install/motor_control_rclcpp/share/motor_control_rclcpp/local_setup.zsh
[11.872s] -- Installing: /home/w0x7ce/Desktop/1_ros/PC_Control/install/motor_control_rclcpp/share/motor_control_rclcpp/local_setup.dsv
[11.872s] -- Installing: /home/w0x7ce/Desktop/1_ros/PC_Control/install/motor_control_rclcpp/share/motor_control_rclcpp/package.dsv
[11.873s] -- Installing: /home/w0x7ce/Desktop/1_ros/PC_Control/install/motor_control_rclcpp/share/ament_index/resource_index/packages/motor_control_rclcpp
[11.873s] -- Installing: /home/w0x7ce/Desktop/1_ros/PC_Control/install/motor_control_rclcpp/share/motor_control_rclcpp/cmake/motor_control_rclcppConfig.cmake
[11.873s] -- Installing: /home/w0x7ce/Desktop/1_ros/PC_Control/install/motor_control_rclcpp/share/motor_control_rclcpp/cmake/motor_control_rclcppConfig-version.cmake
[11.873s] -- Up-to-date: /home/w0x7ce/Desktop/1_ros/PC_Control/install/motor_control_rclcpp/share/motor_control_rclcpp/package.xml
[11.878s] Invoked command in '/home/w0x7ce/Desktop/1_ros/PC_Control/build/motor_control_rclcpp' returned '0': CMAKE_PREFIX_PATH=/opt/ros/humble /usr/bin/cmake --install /home/w0x7ce/Desktop/1_ros/PC_Control/build/motor_control_rclcpp
